#-----------------------------------------------------------
# Vivado v2021.1 (64-bit)
# SW Build 3247384 on Thu Jun 10 19:36:33 MDT 2021
# IP Build 3246043 on Fri Jun 11 00:30:35 MDT 2021
# Start of session at: Thu Dec  2 16:26:50 2021
# Process ID: 1540
# Current directory: C:/Users/chand/Desktop/EE214/PROJECTS/juego_project12/project_12.2
# Command line: vivado.exe -gui_launcher_event rodinguilauncherevent7140 C:\Users\chand\Desktop\EE214\PROJECTS\juego_project12\project_12.2\project_12.2.xpr
# Log file: C:/Users/chand/Desktop/EE214/PROJECTS/juego_project12/project_12.2/vivado.log
# Journal file: C:/Users/chand/Desktop/EE214/PROJECTS/juego_project12/project_12.2\vivado.jou
#-----------------------------------------------------------
start_gui
open_project C:/Users/chand/Desktop/EE214/PROJECTS/juego_project12/project_12.2/project_12.2.xpr
WARNING: [filemgmt 56-3] Default IP Output Path : Could not find the directory 'C:/Users/chand/Desktop/EE214/PROJECTS/juego_project12/project_12.2/project_12.2.gen/sources_1'.
Scanning sources...
Finished scanning sources
INFO: [IP_Flow 19-234] Refreshing IP repositories
INFO: [IP_Flow 19-1704] No user IP repositories specified
INFO: [IP_Flow 19-2313] Loaded Vivado IP repository 'C:/Users/chand/Desktop/EE214/Vivado/2021.1/data/ip'.
open_project: Time (s): cpu = 00:00:16 ; elapsed = 00:00:06 . Memory (MB): peak = 1281.793 ; gain = 0.000
file mkdir C:/Users/chand/Desktop/EE214/PROJECTS/juego_project12/project_12.2/project_12.2.srcs/sources_1/new
close [ open C:/Users/chand/Desktop/EE214/PROJECTS/juego_project12/project_12.2/project_12.2.srcs/sources_1/new/clkdiv.v w ]
add_files C:/Users/chand/Desktop/EE214/PROJECTS/juego_project12/project_12.2/project_12.2.srcs/sources_1/new/clkdiv.v
update_compile_order -fileset sources_1
close [ open C:/Users/chand/Desktop/EE214/PROJECTS/juego_project12/project_12.2/project_12.2.srcs/sources_1/new/displ_clk.v w ]
add_files C:/Users/chand/Desktop/EE214/PROJECTS/juego_project12/project_12.2/project_12.2.srcs/sources_1/new/displ_clk.v
update_compile_order -fileset sources_1
export_ip_user_files -of_objects  [get_files C:/Users/chand/Desktop/EE214/PROJECTS/juego_project12/project_12.2/project_12.2.srcs/sources_1/new/displ_clk.v] -no_script -reset -force -quiet
remove_files  C:/Users/chand/Desktop/EE214/PROJECTS/juego_project12/project_12.2/project_12.2.srcs/sources_1/new/displ_clk.v
file delete -force C:/Users/chand/Desktop/EE214/PROJECTS/juego_project12/project_12.2/project_12.2.srcs/sources_1/new/displ_clk.v
close [ open C:/Users/chand/Desktop/EE214/PROJECTS/juego_project12/project_12.2/project_12.2.srcs/sources_1/new/ctr_clk.v w ]
add_files C:/Users/chand/Desktop/EE214/PROJECTS/juego_project12/project_12.2/project_12.2.srcs/sources_1/new/ctr_clk.v
update_compile_order -fileset sources_1
close [ open C:/Users/chand/Desktop/EE214/PROJECTS/juego_project12/project_12.2/project_12.2.srcs/sources_1/new/muxBus_4_1.v w ]
add_files C:/Users/chand/Desktop/EE214/PROJECTS/juego_project12/project_12.2/project_12.2.srcs/sources_1/new/muxBus_4_1.v
update_compile_order -fileset sources_1
close [ open C:/Users/chand/Desktop/EE214/PROJECTS/juego_project12/project_12.2/project_12.2.srcs/sources_1/new/segdecoder.v w ]
add_files C:/Users/chand/Desktop/EE214/PROJECTS/juego_project12/project_12.2/project_12.2.srcs/sources_1/new/segdecoder.v
update_compile_order -fileset sources_1
close [ open C:/Users/chand/Desktop/EE214/PROJECTS/juego_project12/project_12.2/project_12.2.srcs/sources_1/new/anodecoder.v w ]
add_files C:/Users/chand/Desktop/EE214/PROJECTS/juego_project12/project_12.2/project_12.2.srcs/sources_1/new/anodecoder.v
update_compile_order -fileset sources_1
