
*** Running vivado
    with args -log BCDctr_4.vds -m64 -product Vivado -mode batch -messageDb vivado.pb -notrace -source BCDctr_4.tcl



****** Vivado v2021.1 (64-bit)
  **** SW Build 3247384 on Thu Jun 10 19:36:33 MDT 2021
  **** IP Build 3246043 on Fri Jun 11 00:30:35 MDT 2021
    ** Copyright 1986-2021 Xilinx, Inc. All Rights Reserved.

source BCDctr_4.tcl -notrace
Command: synth_design -top BCDctr_4 -part xc7z007sclg400-1
Starting synth_design
Attempting to get a license for feature 'Synthesis' and/or device 'xc7z007s'
INFO: [Common 17-349] Got license for feature 'Synthesis' and/or device 'xc7z007s'
INFO: [Device 21-403] Loading part xc7z007sclg400-1
INFO: [Synth 8-7079] Multithreading enabled for synth_design using a maximum of 2 processes.
INFO: [Synth 8-7078] Launching helper process for spawning children vivado processes
INFO: [Synth 8-7075] Helper process launched with PID 10968
---------------------------------------------------------------------------------
Starting RTL Elaboration : Time (s): cpu = 00:00:06 ; elapsed = 00:00:06 . Memory (MB): peak = 1257.980 ; gain = 0.000
---------------------------------------------------------------------------------
INFO: [Synth 8-6157] synthesizing module 'BCDctr_4' [C:/Users/chand/Desktop/EE214/PROJECTS/bonuses/8_bonus/8_bonus.srcs/sources_1/new/BCDctr_4.v:14]
INFO: [Synth 8-6157] synthesizing module 'clkdiv' [C:/Users/chand/Desktop/EE214/PROJECTS/bonuses/8_bonus/8_bonus.srcs/sources_1/new/clkdiv.v:7]
INFO: [Synth 8-6155] done synthesizing module 'clkdiv' (1#1) [C:/Users/chand/Desktop/EE214/PROJECTS/bonuses/8_bonus/8_bonus.srcs/sources_1/new/clkdiv.v:7]
INFO: [Synth 8-6157] synthesizing module 'bcdcounter' [C:/Users/chand/Desktop/EE214/PROJECTS/bonuses/8_bonus/8_bonus.srcs/sources_1/new/bcdcounter.v:7]
INFO: [Synth 8-6155] done synthesizing module 'bcdcounter' (2#1) [C:/Users/chand/Desktop/EE214/PROJECTS/bonuses/8_bonus/8_bonus.srcs/sources_1/new/bcdcounter.v:7]
INFO: [Synth 8-6157] synthesizing module 'load_decoder' [C:/Users/chand/Desktop/EE214/PROJECTS/bonuses/8_bonus/8_bonus.srcs/sources_1/new/load_decoder.v:7]
WARNING: [Synth 8-567] referenced signal 'ones' should be on the sensitivity list [C:/Users/chand/Desktop/EE214/PROJECTS/bonuses/8_bonus/8_bonus.srcs/sources_1/new/load_decoder.v:13]
WARNING: [Synth 8-567] referenced signal 'tens' should be on the sensitivity list [C:/Users/chand/Desktop/EE214/PROJECTS/bonuses/8_bonus/8_bonus.srcs/sources_1/new/load_decoder.v:13]
WARNING: [Synth 8-567] referenced signal 'hunds' should be on the sensitivity list [C:/Users/chand/Desktop/EE214/PROJECTS/bonuses/8_bonus/8_bonus.srcs/sources_1/new/load_decoder.v:13]
WARNING: [Synth 8-567] referenced signal 'thousands' should be on the sensitivity list [C:/Users/chand/Desktop/EE214/PROJECTS/bonuses/8_bonus/8_bonus.srcs/sources_1/new/load_decoder.v:13]
INFO: [Synth 8-6155] done synthesizing module 'load_decoder' (3#1) [C:/Users/chand/Desktop/EE214/PROJECTS/bonuses/8_bonus/8_bonus.srcs/sources_1/new/load_decoder.v:7]
INFO: [Synth 8-6157] synthesizing module 'counter_2bit' [C:/Users/chand/Desktop/EE214/PROJECTS/bonuses/8_bonus/8_bonus.srcs/sources_1/new/counter_2bit.v:7]
INFO: [Synth 8-6155] done synthesizing module 'counter_2bit' (4#1) [C:/Users/chand/Desktop/EE214/PROJECTS/bonuses/8_bonus/8_bonus.srcs/sources_1/new/counter_2bit.v:7]
WARNING: [Synth 8-7071] port 'rst' of module 'counter_2bit' is unconnected for instance 'nolabel_line38' [C:/Users/chand/Desktop/EE214/PROJECTS/bonuses/8_bonus/8_bonus.srcs/sources_1/new/BCDctr_4.v:38]
WARNING: [Synth 8-7023] instance 'nolabel_line38' of module 'counter_2bit' has 3 connections declared, but only 2 given [C:/Users/chand/Desktop/EE214/PROJECTS/bonuses/8_bonus/8_bonus.srcs/sources_1/new/BCDctr_4.v:38]
INFO: [Synth 8-6157] synthesizing module 'busMux_4_1' [C:/Users/chand/Desktop/EE214/PROJECTS/bonuses/8_bonus/8_bonus.srcs/sources_1/new/busMux_4_1.v:7]
INFO: [Synth 8-6155] done synthesizing module 'busMux_4_1' (5#1) [C:/Users/chand/Desktop/EE214/PROJECTS/bonuses/8_bonus/8_bonus.srcs/sources_1/new/busMux_4_1.v:7]
INFO: [Synth 8-6157] synthesizing module 'decoder_2_4' [C:/Users/chand/Desktop/EE214/PROJECTS/bonuses/8_bonus/8_bonus.srcs/sources_1/new/decoder_2_4.v:7]
INFO: [Synth 8-6155] done synthesizing module 'decoder_2_4' (6#1) [C:/Users/chand/Desktop/EE214/PROJECTS/bonuses/8_bonus/8_bonus.srcs/sources_1/new/decoder_2_4.v:7]
INFO: [Synth 8-6157] synthesizing module 'sevseg_decoder' [C:/Users/chand/Desktop/EE214/PROJECTS/bonuses/8_bonus/8_bonus.srcs/sources_1/new/sevseg_decoder.v:7]
INFO: [Synth 8-155] case statement is not full and has no default [C:/Users/chand/Desktop/EE214/PROJECTS/bonuses/8_bonus/8_bonus.srcs/sources_1/new/sevseg_decoder.v:13]
INFO: [Synth 8-6155] done synthesizing module 'sevseg_decoder' (7#1) [C:/Users/chand/Desktop/EE214/PROJECTS/bonuses/8_bonus/8_bonus.srcs/sources_1/new/sevseg_decoder.v:7]
INFO: [Synth 8-6155] done synthesizing module 'BCDctr_4' (8#1) [C:/Users/chand/Desktop/EE214/PROJECTS/bonuses/8_bonus/8_bonus.srcs/sources_1/new/BCDctr_4.v:14]
---------------------------------------------------------------------------------
Finished RTL Elaboration : Time (s): cpu = 00:00:08 ; elapsed = 00:00:07 . Memory (MB): peak = 1257.980 ; gain = 0.000
---------------------------------------------------------------------------------
---------------------------------------------------------------------------------
Start Handling Custom Attributes
---------------------------------------------------------------------------------
---------------------------------------------------------------------------------
Finished Handling Custom Attributes : Time (s): cpu = 00:00:08 ; elapsed = 00:00:08 . Memory (MB): peak = 1257.980 ; gain = 0.000
---------------------------------------------------------------------------------
---------------------------------------------------------------------------------
Finished RTL Optimization Phase 1 : Time (s): cpu = 00:00:08 ; elapsed = 00:00:08 . Memory (MB): peak = 1257.980 ; gain = 0.000
---------------------------------------------------------------------------------
Netlist sorting complete. Time (s): cpu = 00:00:00 ; elapsed = 00:00:00.001 . Memory (MB): peak = 1257.980 ; gain = 0.000
INFO: [Project 1-570] Preparing netlist for logic optimization

Processing XDC Constraints
Initializing timing engine
Parsing XDC File [C:/Users/chand/Desktop/EE214/PROJECTS/bonuses/8_bonus/BlackboardRevD.xdc]
WARNING: [Vivado 12-584] No ports matched 'led[0]'. [C:/Users/chand/Desktop/EE214/PROJECTS/bonuses/8_bonus/BlackboardRevD.xdc:10]
CRITICAL WARNING: [Common 17-55] 'set_property' expects at least one object. [C:/Users/chand/Desktop/EE214/PROJECTS/bonuses/8_bonus/BlackboardRevD.xdc:10]
Resolution: If [get_<value>] was used to populate the object, check to make sure this command returns at least one valid object.
WARNING: [Vivado 12-584] No ports matched 'led[1]'. [C:/Users/chand/Desktop/EE214/PROJECTS/bonuses/8_bonus/BlackboardRevD.xdc:11]
CRITICAL WARNING: [Common 17-55] 'set_property' expects at least one object. [C:/Users/chand/Desktop/EE214/PROJECTS/bonuses/8_bonus/BlackboardRevD.xdc:11]
Resolution: If [get_<value>] was used to populate the object, check to make sure this command returns at least one valid object.
WARNING: [Vivado 12-584] No ports matched 'led[2]'. [C:/Users/chand/Desktop/EE214/PROJECTS/bonuses/8_bonus/BlackboardRevD.xdc:12]
CRITICAL WARNING: [Common 17-55] 'set_property' expects at least one object. [C:/Users/chand/Desktop/EE214/PROJECTS/bonuses/8_bonus/BlackboardRevD.xdc:12]
Resolution: If [get_<value>] was used to populate the object, check to make sure this command returns at least one valid object.
WARNING: [Vivado 12-584] No ports matched 'led[3]'. [C:/Users/chand/Desktop/EE214/PROJECTS/bonuses/8_bonus/BlackboardRevD.xdc:13]
CRITICAL WARNING: [Common 17-55] 'set_property' expects at least one object. [C:/Users/chand/Desktop/EE214/PROJECTS/bonuses/8_bonus/BlackboardRevD.xdc:13]
Resolution: If [get_<value>] was used to populate the object, check to make sure this command returns at least one valid object.
WARNING: [Vivado 12-584] No ports matched 'led[4]'. [C:/Users/chand/Desktop/EE214/PROJECTS/bonuses/8_bonus/BlackboardRevD.xdc:14]
CRITICAL WARNING: [Common 17-55] 'set_property' expects at least one object. [C:/Users/chand/Desktop/EE214/PROJECTS/bonuses/8_bonus/BlackboardRevD.xdc:14]
Resolution: If [get_<value>] was used to populate the object, check to make sure this command returns at least one valid object.
WARNING: [Vivado 12-584] No ports matched 'led[5]'. [C:/Users/chand/Desktop/EE214/PROJECTS/bonuses/8_bonus/BlackboardRevD.xdc:15]
CRITICAL WARNING: [Common 17-55] 'set_property' expects at least one object. [C:/Users/chand/Desktop/EE214/PROJECTS/bonuses/8_bonus/BlackboardRevD.xdc:15]
Resolution: If [get_<value>] was used to populate the object, check to make sure this command returns at least one valid object.
WARNING: [Vivado 12-584] No ports matched 'led[6]'. [C:/Users/chand/Desktop/EE214/PROJECTS/bonuses/8_bonus/BlackboardRevD.xdc:16]
CRITICAL WARNING: [Common 17-55] 'set_property' expects at least one object. [C:/Users/chand/Desktop/EE214/PROJECTS/bonuses/8_bonus/BlackboardRevD.xdc:16]
Resolution: If [get_<value>] was used to populate the object, check to make sure this command returns at least one valid object.
WARNING: [Vivado 12-584] No ports matched 'led[7]'. [C:/Users/chand/Desktop/EE214/PROJECTS/bonuses/8_bonus/BlackboardRevD.xdc:17]
CRITICAL WARNING: [Common 17-55] 'set_property' expects at least one object. [C:/Users/chand/Desktop/EE214/PROJECTS/bonuses/8_bonus/BlackboardRevD.xdc:17]
Resolution: If [get_<value>] was used to populate the object, check to make sure this command returns at least one valid object.
WARNING: [Vivado 12-584] No ports matched 'led[8]'. [C:/Users/chand/Desktop/EE214/PROJECTS/bonuses/8_bonus/BlackboardRevD.xdc:18]
CRITICAL WARNING: [Common 17-55] 'set_property' expects at least one object. [C:/Users/chand/Desktop/EE214/PROJECTS/bonuses/8_bonus/BlackboardRevD.xdc:18]
Resolution: If [get_<value>] was used to populate the object, check to make sure this command returns at least one valid object.
WARNING: [Vivado 12-584] No ports matched 'led[9]'. [C:/Users/chand/Desktop/EE214/PROJECTS/bonuses/8_bonus/BlackboardRevD.xdc:19]
CRITICAL WARNING: [Common 17-55] 'set_property' expects at least one object. [C:/Users/chand/Desktop/EE214/PROJECTS/bonuses/8_bonus/BlackboardRevD.xdc:19]
Resolution: If [get_<value>] was used to populate the object, check to make sure this command returns at least one valid object.
WARNING: [Vivado 12-584] No ports matched 'led[10]'. [C:/Users/chand/Desktop/EE214/PROJECTS/bonuses/8_bonus/BlackboardRevD.xdc:22]
CRITICAL WARNING: [Common 17-55] 'set_property' expects at least one object. [C:/Users/chand/Desktop/EE214/PROJECTS/bonuses/8_bonus/BlackboardRevD.xdc:22]
Resolution: If [get_<value>] was used to populate the object, check to make sure this command returns at least one valid object.
WARNING: [Vivado 12-584] No ports matched 'led[11]'. [C:/Users/chand/Desktop/EE214/PROJECTS/bonuses/8_bonus/BlackboardRevD.xdc:23]
CRITICAL WARNING: [Common 17-55] 'set_property' expects at least one object. [C:/Users/chand/Desktop/EE214/PROJECTS/bonuses/8_bonus/BlackboardRevD.xdc:23]
Resolution: If [get_<value>] was used to populate the object, check to make sure this command returns at least one valid object.
WARNING: [Vivado 12-584] No ports matched 'led[12]'. [C:/Users/chand/Desktop/EE214/PROJECTS/bonuses/8_bonus/BlackboardRevD.xdc:24]
CRITICAL WARNING: [Common 17-55] 'set_property' expects at least one object. [C:/Users/chand/Desktop/EE214/PROJECTS/bonuses/8_bonus/BlackboardRevD.xdc:24]
Resolution: If [get_<value>] was used to populate the object, check to make sure this command returns at least one valid object.
WARNING: [Vivado 12-584] No ports matched 'led[13]'. [C:/Users/chand/Desktop/EE214/PROJECTS/bonuses/8_bonus/BlackboardRevD.xdc:26]
CRITICAL WARNING: [Common 17-55] 'set_property' expects at least one object. [C:/Users/chand/Desktop/EE214/PROJECTS/bonuses/8_bonus/BlackboardRevD.xdc:26]
Resolution: If [get_<value>] was used to populate the object, check to make sure this command returns at least one valid object.
WARNING: [Vivado 12-584] No ports matched 'led[14]'. [C:/Users/chand/Desktop/EE214/PROJECTS/bonuses/8_bonus/BlackboardRevD.xdc:27]
CRITICAL WARNING: [Common 17-55] 'set_property' expects at least one object. [C:/Users/chand/Desktop/EE214/PROJECTS/bonuses/8_bonus/BlackboardRevD.xdc:27]
Resolution: If [get_<value>] was used to populate the object, check to make sure this command returns at least one valid object.
WARNING: [Vivado 12-584] No ports matched 'led[15]'. [C:/Users/chand/Desktop/EE214/PROJECTS/bonuses/8_bonus/BlackboardRevD.xdc:28]
CRITICAL WARNING: [Common 17-55] 'set_property' expects at least one object. [C:/Users/chand/Desktop/EE214/PROJECTS/bonuses/8_bonus/BlackboardRevD.xdc:28]
Resolution: If [get_<value>] was used to populate the object, check to make sure this command returns at least one valid object.
WARNING: [Vivado 12-584] No ports matched 'sw[8]'. [C:/Users/chand/Desktop/EE214/PROJECTS/bonuses/8_bonus/BlackboardRevD.xdc:39]
CRITICAL WARNING: [Common 17-55] 'set_property' expects at least one object. [C:/Users/chand/Desktop/EE214/PROJECTS/bonuses/8_bonus/BlackboardRevD.xdc:39]
Resolution: If [get_<value>] was used to populate the object, check to make sure this command returns at least one valid object.
WARNING: [Vivado 12-584] No ports matched 'sw[9]'. [C:/Users/chand/Desktop/EE214/PROJECTS/bonuses/8_bonus/BlackboardRevD.xdc:40]
CRITICAL WARNING: [Common 17-55] 'set_property' expects at least one object. [C:/Users/chand/Desktop/EE214/PROJECTS/bonuses/8_bonus/BlackboardRevD.xdc:40]
Resolution: If [get_<value>] was used to populate the object, check to make sure this command returns at least one valid object.
WARNING: [Vivado 12-584] No ports matched 'sw[10]'. [C:/Users/chand/Desktop/EE214/PROJECTS/bonuses/8_bonus/BlackboardRevD.xdc:41]
CRITICAL WARNING: [Common 17-55] 'set_property' expects at least one object. [C:/Users/chand/Desktop/EE214/PROJECTS/bonuses/8_bonus/BlackboardRevD.xdc:41]
Resolution: If [get_<value>] was used to populate the object, check to make sure this command returns at least one valid object.
WARNING: [Vivado 12-584] No ports matched 'sw[11]'. [C:/Users/chand/Desktop/EE214/PROJECTS/bonuses/8_bonus/BlackboardRevD.xdc:42]
CRITICAL WARNING: [Common 17-55] 'set_property' expects at least one object. [C:/Users/chand/Desktop/EE214/PROJECTS/bonuses/8_bonus/BlackboardRevD.xdc:42]
Resolution: If [get_<value>] was used to populate the object, check to make sure this command returns at least one valid object.
WARNING: [Vivado 12-584] No ports matched 'seg_cat[7]'. [C:/Users/chand/Desktop/EE214/PROJECTS/bonuses/8_bonus/BlackboardRevD.xdc:64]
CRITICAL WARNING: [Common 17-55] 'set_property' expects at least one object. [C:/Users/chand/Desktop/EE214/PROJECTS/bonuses/8_bonus/BlackboardRevD.xdc:64]
Resolution: If [get_<value>] was used to populate the object, check to make sure this command returns at least one valid object.
Finished Parsing XDC File [C:/Users/chand/Desktop/EE214/PROJECTS/bonuses/8_bonus/BlackboardRevD.xdc]
INFO: [Project 1-236] Implementation specific constraints were found while reading constraint file [C:/Users/chand/Desktop/EE214/PROJECTS/bonuses/8_bonus/BlackboardRevD.xdc]. These constraints will be ignored for synthesis but will be used in implementation. Impacted constraints are listed in the file [.Xil/BCDctr_4_propImpl.xdc].
Resolution: To avoid this warning, move constraints listed in [.Xil/BCDctr_4_propImpl.xdc] to another XDC file and exclude this new file from synthesis with the used_in_synthesis property (File Properties dialog in GUI) and re-run elaboration/synthesis.
Completed Processing XDC Constraints

Netlist sorting complete. Time (s): cpu = 00:00:00 ; elapsed = 00:00:00 . Memory (MB): peak = 1257.980 ; gain = 0.000
INFO: [Project 1-111] Unisim Transformation Summary:
No Unisim elements were transformed.

Constraint Validation Runtime : Time (s): cpu = 00:00:00 ; elapsed = 00:00:00.008 . Memory (MB): peak = 1257.980 ; gain = 0.000
---------------------------------------------------------------------------------
Finished Constraint Validation : Time (s): cpu = 00:00:16 ; elapsed = 00:00:17 . Memory (MB): peak = 1257.980 ; gain = 0.000
---------------------------------------------------------------------------------
---------------------------------------------------------------------------------
Start Loading Part and Timing Information
---------------------------------------------------------------------------------
Loading part: xc7z007sclg400-1
---------------------------------------------------------------------------------
Finished Loading Part and Timing Information : Time (s): cpu = 00:00:16 ; elapsed = 00:00:17 . Memory (MB): peak = 1257.980 ; gain = 0.000
---------------------------------------------------------------------------------
---------------------------------------------------------------------------------
Start Applying 'set_property' XDC Constraints
---------------------------------------------------------------------------------
---------------------------------------------------------------------------------
Finished applying 'set_property' XDC Constraints : Time (s): cpu = 00:00:16 ; elapsed = 00:00:17 . Memory (MB): peak = 1257.980 ; gain = 0.000
---------------------------------------------------------------------------------
WARNING: [Synth 8-327] inferring latch for variable 'segs_reg' [C:/Users/chand/Desktop/EE214/PROJECTS/bonuses/8_bonus/8_bonus.srcs/sources_1/new/sevseg_decoder.v:14]
---------------------------------------------------------------------------------
Finished RTL Optimization Phase 2 : Time (s): cpu = 00:00:17 ; elapsed = 00:00:17 . Memory (MB): peak = 1257.980 ; gain = 0.000
---------------------------------------------------------------------------------
---------------------------------------------------------------------------------
Start RTL Component Statistics 
---------------------------------------------------------------------------------
Detailed RTL Component Info : 
+---Adders : 
	   2 Input    4 Bit       Adders := 4     
	   2 Input    2 Bit       Adders := 1     
+---Registers : 
	                4 Bit    Registers := 4     
	                2 Bit    Registers := 1     
	                1 Bit    Registers := 5     
+---Muxes : 
	   2 Input    4 Bit        Muxes := 12    
	   4 Input    4 Bit        Muxes := 3     
	   2 Input    1 Bit        Muxes := 12    
	  11 Input    1 Bit        Muxes := 1     
---------------------------------------------------------------------------------
Finished RTL Component Statistics 
---------------------------------------------------------------------------------
---------------------------------------------------------------------------------
Start Part Resource Summary
---------------------------------------------------------------------------------
Part Resources:
DSPs: 66 (col length:40)
BRAMs: 100 (col length: RAMB18 40 RAMB36 20)
---------------------------------------------------------------------------------
Finished Part Resource Summary
---------------------------------------------------------------------------------
---------------------------------------------------------------------------------
Start Cross Boundary and Area Optimization
---------------------------------------------------------------------------------
---------------------------------------------------------------------------------
Finished Cross Boundary and Area Optimization : Time (s): cpu = 00:00:19 ; elapsed = 00:00:20 . Memory (MB): peak = 1257.980 ; gain = 0.000
---------------------------------------------------------------------------------
---------------------------------------------------------------------------------
Start Applying XDC Timing Constraints
---------------------------------------------------------------------------------
---------------------------------------------------------------------------------
Finished Applying XDC Timing Constraints : Time (s): cpu = 00:00:27 ; elapsed = 00:00:28 . Memory (MB): peak = 1257.980 ; gain = 0.000
---------------------------------------------------------------------------------
---------------------------------------------------------------------------------
Start Timing Optimization
---------------------------------------------------------------------------------
---------------------------------------------------------------------------------
Finished Timing Optimization : Time (s): cpu = 00:00:28 ; elapsed = 00:00:28 . Memory (MB): peak = 1257.980 ; gain = 0.000
---------------------------------------------------------------------------------
---------------------------------------------------------------------------------
Start Technology Mapping
---------------------------------------------------------------------------------
---------------------------------------------------------------------------------
Finished Technology Mapping : Time (s): cpu = 00:00:28 ; elapsed = 00:00:29 . Memory (MB): peak = 1257.980 ; gain = 0.000
---------------------------------------------------------------------------------
---------------------------------------------------------------------------------
Start IO Insertion
---------------------------------------------------------------------------------
---------------------------------------------------------------------------------
Start Flattening Before IO Insertion
---------------------------------------------------------------------------------
---------------------------------------------------------------------------------
Finished Flattening Before IO Insertion
---------------------------------------------------------------------------------
---------------------------------------------------------------------------------
Start Final Netlist Cleanup
---------------------------------------------------------------------------------
---------------------------------------------------------------------------------
Finished Final Netlist Cleanup
---------------------------------------------------------------------------------
---------------------------------------------------------------------------------
Finished IO Insertion : Time (s): cpu = 00:00:32 ; elapsed = 00:00:33 . Memory (MB): peak = 1263.285 ; gain = 5.305
---------------------------------------------------------------------------------
---------------------------------------------------------------------------------
Start Renaming Generated Instances
---------------------------------------------------------------------------------
---------------------------------------------------------------------------------
Finished Renaming Generated Instances : Time (s): cpu = 00:00:32 ; elapsed = 00:00:33 . Memory (MB): peak = 1263.285 ; gain = 5.305
---------------------------------------------------------------------------------
---------------------------------------------------------------------------------
Start Rebuilding User Hierarchy
---------------------------------------------------------------------------------
---------------------------------------------------------------------------------
Finished Rebuilding User Hierarchy : Time (s): cpu = 00:00:32 ; elapsed = 00:00:33 . Memory (MB): peak = 1263.285 ; gain = 5.305
---------------------------------------------------------------------------------
---------------------------------------------------------------------------------
Start Renaming Generated Ports
---------------------------------------------------------------------------------
---------------------------------------------------------------------------------
Finished Renaming Generated Ports : Time (s): cpu = 00:00:32 ; elapsed = 00:00:33 . Memory (MB): peak = 1263.285 ; gain = 5.305
---------------------------------------------------------------------------------
---------------------------------------------------------------------------------
Start Handling Custom Attributes
---------------------------------------------------------------------------------
---------------------------------------------------------------------------------
Finished Handling Custom Attributes : Time (s): cpu = 00:00:32 ; elapsed = 00:00:33 . Memory (MB): peak = 1263.285 ; gain = 5.305
---------------------------------------------------------------------------------
---------------------------------------------------------------------------------
Start Renaming Generated Nets
---------------------------------------------------------------------------------
---------------------------------------------------------------------------------
Finished Renaming Generated Nets : Time (s): cpu = 00:00:32 ; elapsed = 00:00:33 . Memory (MB): peak = 1263.285 ; gain = 5.305
---------------------------------------------------------------------------------
---------------------------------------------------------------------------------
Start Writing Synthesis Report
---------------------------------------------------------------------------------

Report BlackBoxes: 
+-+--------------+----------+
| |BlackBox name |Instances |
+-+--------------+----------+
+-+--------------+----------+

Report Cell Usage: 
+------+-------+------+
|      |Cell   |Count |
+------+-------+------+
|1     |BUFG   |     1|
|2     |CARRY4 |     4|
|3     |LUT1   |     1|
|4     |LUT2   |     7|
|5     |LUT3   |     6|
|6     |LUT4   |    16|
|7     |LUT5   |    22|
|8     |LUT6   |    21|
|9     |FDCE   |    36|
|10    |FDRE   |     2|
|11    |LD     |     7|
|12    |IBUF   |     9|
|13    |OBUF   |    11|
+------+-------+------+
---------------------------------------------------------------------------------
Finished Writing Synthesis Report : Time (s): cpu = 00:00:32 ; elapsed = 00:00:33 . Memory (MB): peak = 1263.285 ; gain = 5.305
---------------------------------------------------------------------------------
Synthesis finished with 0 errors, 0 critical warnings and 1 warnings.
Synthesis Optimization Runtime : Time (s): cpu = 00:00:22 ; elapsed = 00:00:30 . Memory (MB): peak = 1263.285 ; gain = 5.305
Synthesis Optimization Complete : Time (s): cpu = 00:00:33 ; elapsed = 00:00:33 . Memory (MB): peak = 1263.285 ; gain = 5.305
INFO: [Project 1-571] Translating synthesized netlist
Netlist sorting complete. Time (s): cpu = 00:00:00 ; elapsed = 00:00:00.003 . Memory (MB): peak = 1275.312 ; gain = 0.000
INFO: [Netlist 29-17] Analyzing 11 Unisim elements for replacement
INFO: [Netlist 29-28] Unisim Transformation completed in 0 CPU seconds
INFO: [Project 1-570] Preparing netlist for logic optimization
INFO: [Opt 31-138] Pushed 0 inverter(s) to 0 load pin(s).
Netlist sorting complete. Time (s): cpu = 00:00:00 ; elapsed = 00:00:00 . Memory (MB): peak = 1279.980 ; gain = 0.000
INFO: [Project 1-111] Unisim Transformation Summary:
  A total of 7 instances were transformed.
  LD => LDCE: 7 instances

Synth Design complete, checksum: b677c6dd
INFO: [Common 17-83] Releasing license: Synthesis
32 Infos, 28 Warnings, 21 Critical Warnings and 0 Errors encountered.
synth_design completed successfully
synth_design: Time (s): cpu = 00:00:39 ; elapsed = 00:00:42 . Memory (MB): peak = 1279.980 ; gain = 22.000
INFO: [runtcl-6] Synthesis results are not added to the cache due to CRITICAL_WARNING
INFO: [Common 17-1381] The checkpoint 'C:/Users/chand/Desktop/EE214/PROJECTS/bonuses/8_bonus/8_bonus.runs/synth_1/BCDctr_4.dcp' has been generated.
INFO: [runtcl-4] Executing : report_utilization -file BCDctr_4_utilization_synth.rpt -pb BCDctr_4_utilization_synth.pb
INFO: [Common 17-206] Exiting Vivado at Thu Dec  2 10:14:23 2021...
