#-----------------------------------------------------------
# Vivado v2021.1 (64-bit)
# SW Build 3247384 on Thu Jun 10 19:36:33 MDT 2021
# IP Build 3246043 on Fri Jun 11 00:30:35 MDT 2021
# Start of session at: Sun Aug 29 12:41:27 2021
# Process ID: 14388
# Current directory: C:/Users/chand/Desktop/EE214/p1_tutorial
# Command line: vivado.exe -gui_launcher_event rodinguilauncherevent6236 C:\Users\chand\Desktop\EE214\p1_tutorial\p1_tutorial.xpr
# Log file: C:/Users/chand/Desktop/EE214/p1_tutorial/vivado.log
# Journal file: C:/Users/chand/Desktop/EE214/p1_tutorial\vivado.jou
#-----------------------------------------------------------
start_gui
open_project C:/Users/chand/Desktop/EE214/p1_tutorial/p1_tutorial.xpr
WARNING: [filemgmt 56-3] Default IP Output Path : Could not find the directory 'C:/Users/chand/Desktop/EE214/p1_tutorial/p1_tutorial.gen/sources_1'.
Scanning sources...
Finished scanning sources
INFO: [IP_Flow 19-234] Refreshing IP repositories
INFO: [IP_Flow 19-1704] No user IP repositories specified
INFO: [IP_Flow 19-2313] Loaded Vivado IP repository 'C:/Users/chand/Desktop/EE214/Vivado/2021.1/data/ip'.
open_project: Time (s): cpu = 00:00:53 ; elapsed = 00:00:30 . Memory (MB): peak = 1283.770 ; gain = 0.000
update_compile_order -fileset sources_1
exit
INFO: [Common 17-206] Exiting Vivado at Sun Aug 29 12:43:53 2021...
