
*** Running vivado
    with args -log multiplierTop.vdi -applog -m64 -product Vivado -messageDb vivado.pb -mode batch -source multiplierTop.tcl -notrace



****** Vivado v2021.1 (64-bit)
  **** SW Build 3247384 on Thu Jun 10 19:36:33 MDT 2021
  **** IP Build 3246043 on Fri Jun 11 00:30:35 MDT 2021
    ** Copyright 1986-2021 Xilinx, Inc. All Rights Reserved.

source multiplierTop.tcl -notrace
Command: link_design -top multiplierTop -part xc7z007sclg400-1
Design is defaulting to srcset: sources_1
Design is defaulting to constrset: constrs_1
INFO: [Device 21-403] Loading part xc7z007sclg400-1
Netlist sorting complete. Time (s): cpu = 00:00:00 ; elapsed = 00:00:00.005 . Memory (MB): peak = 1283.094 ; gain = 0.000
INFO: [Netlist 29-17] Analyzing 13 Unisim elements for replacement
INFO: [Netlist 29-28] Unisim Transformation completed in 0 CPU seconds
INFO: [Project 1-479] Netlist was created with Vivado 2021.1
INFO: [Project 1-570] Preparing netlist for logic optimization
Parsing XDC File [C:/Users/chand/Desktop/EE214/PROJECTS/BlackboardRevD.xdc]
WARNING: [Vivado 12-584] No ports matched 'led[3]'. [C:/Users/chand/Desktop/EE214/PROJECTS/BlackboardRevD.xdc:12]
CRITICAL WARNING: [Common 17-55] 'set_property' expects at least one object. [C:/Users/chand/Desktop/EE214/PROJECTS/BlackboardRevD.xdc:12]
Resolution: If [get_<value>] was used to populate the object, check to make sure this command returns at least one valid object.
WARNING: [Vivado 12-584] No ports matched 'led[4]'. [C:/Users/chand/Desktop/EE214/PROJECTS/BlackboardRevD.xdc:13]
CRITICAL WARNING: [Common 17-55] 'set_property' expects at least one object. [C:/Users/chand/Desktop/EE214/PROJECTS/BlackboardRevD.xdc:13]
Resolution: If [get_<value>] was used to populate the object, check to make sure this command returns at least one valid object.
WARNING: [Vivado 12-584] No ports matched 'led[5]'. [C:/Users/chand/Desktop/EE214/PROJECTS/BlackboardRevD.xdc:14]
CRITICAL WARNING: [Common 17-55] 'set_property' expects at least one object. [C:/Users/chand/Desktop/EE214/PROJECTS/BlackboardRevD.xdc:14]
Resolution: If [get_<value>] was used to populate the object, check to make sure this command returns at least one valid object.
WARNING: [Vivado 12-584] No ports matched 'led[6]'. [C:/Users/chand/Desktop/EE214/PROJECTS/BlackboardRevD.xdc:15]
CRITICAL WARNING: [Common 17-55] 'set_property' expects at least one object. [C:/Users/chand/Desktop/EE214/PROJECTS/BlackboardRevD.xdc:15]
Resolution: If [get_<value>] was used to populate the object, check to make sure this command returns at least one valid object.
WARNING: [Vivado 12-584] No ports matched 'led[7]'. [C:/Users/chand/Desktop/EE214/PROJECTS/BlackboardRevD.xdc:16]
CRITICAL WARNING: [Common 17-55] 'set_property' expects at least one object. [C:/Users/chand/Desktop/EE214/PROJECTS/BlackboardRevD.xdc:16]
Resolution: If [get_<value>] was used to populate the object, check to make sure this command returns at least one valid object.
WARNING: [Vivado 12-584] No ports matched 'led[8]'. [C:/Users/chand/Desktop/EE214/PROJECTS/BlackboardRevD.xdc:17]
CRITICAL WARNING: [Common 17-55] 'set_property' expects at least one object. [C:/Users/chand/Desktop/EE214/PROJECTS/BlackboardRevD.xdc:17]
Resolution: If [get_<value>] was used to populate the object, check to make sure this command returns at least one valid object.
WARNING: [Vivado 12-584] No ports matched 'led[9]'. [C:/Users/chand/Desktop/EE214/PROJECTS/BlackboardRevD.xdc:18]
CRITICAL WARNING: [Common 17-55] 'set_property' expects at least one object. [C:/Users/chand/Desktop/EE214/PROJECTS/BlackboardRevD.xdc:18]
Resolution: If [get_<value>] was used to populate the object, check to make sure this command returns at least one valid object.
WARNING: [Vivado 12-584] No ports matched 'led[10]'. [C:/Users/chand/Desktop/EE214/PROJECTS/BlackboardRevD.xdc:21]
CRITICAL WARNING: [Common 17-55] 'set_property' expects at least one object. [C:/Users/chand/Desktop/EE214/PROJECTS/BlackboardRevD.xdc:21]
Resolution: If [get_<value>] was used to populate the object, check to make sure this command returns at least one valid object.
WARNING: [Vivado 12-584] No ports matched 'led[11]'. [C:/Users/chand/Desktop/EE214/PROJECTS/BlackboardRevD.xdc:22]
CRITICAL WARNING: [Common 17-55] 'set_property' expects at least one object. [C:/Users/chand/Desktop/EE214/PROJECTS/BlackboardRevD.xdc:22]
Resolution: If [get_<value>] was used to populate the object, check to make sure this command returns at least one valid object.
WARNING: [Vivado 12-584] No ports matched 'led[12]'. [C:/Users/chand/Desktop/EE214/PROJECTS/BlackboardRevD.xdc:23]
CRITICAL WARNING: [Common 17-55] 'set_property' expects at least one object. [C:/Users/chand/Desktop/EE214/PROJECTS/BlackboardRevD.xdc:23]
Resolution: If [get_<value>] was used to populate the object, check to make sure this command returns at least one valid object.
WARNING: [Vivado 12-584] No ports matched 'led[13]'. [C:/Users/chand/Desktop/EE214/PROJECTS/BlackboardRevD.xdc:25]
CRITICAL WARNING: [Common 17-55] 'set_property' expects at least one object. [C:/Users/chand/Desktop/EE214/PROJECTS/BlackboardRevD.xdc:25]
Resolution: If [get_<value>] was used to populate the object, check to make sure this command returns at least one valid object.
WARNING: [Vivado 12-584] No ports matched 'led[14]'. [C:/Users/chand/Desktop/EE214/PROJECTS/BlackboardRevD.xdc:26]
CRITICAL WARNING: [Common 17-55] 'set_property' expects at least one object. [C:/Users/chand/Desktop/EE214/PROJECTS/BlackboardRevD.xdc:26]
Resolution: If [get_<value>] was used to populate the object, check to make sure this command returns at least one valid object.
WARNING: [Vivado 12-584] No ports matched 'led[15]'. [C:/Users/chand/Desktop/EE214/PROJECTS/BlackboardRevD.xdc:27]
CRITICAL WARNING: [Common 17-55] 'set_property' expects at least one object. [C:/Users/chand/Desktop/EE214/PROJECTS/BlackboardRevD.xdc:27]
Resolution: If [get_<value>] was used to populate the object, check to make sure this command returns at least one valid object.
WARNING: [Vivado 12-584] No ports matched 'sw[8]'. [C:/Users/chand/Desktop/EE214/PROJECTS/BlackboardRevD.xdc:38]
CRITICAL WARNING: [Common 17-55] 'set_property' expects at least one object. [C:/Users/chand/Desktop/EE214/PROJECTS/BlackboardRevD.xdc:38]
Resolution: If [get_<value>] was used to populate the object, check to make sure this command returns at least one valid object.
WARNING: [Vivado 12-584] No ports matched 'sw[9]'. [C:/Users/chand/Desktop/EE214/PROJECTS/BlackboardRevD.xdc:39]
CRITICAL WARNING: [Common 17-55] 'set_property' expects at least one object. [C:/Users/chand/Desktop/EE214/PROJECTS/BlackboardRevD.xdc:39]
Resolution: If [get_<value>] was used to populate the object, check to make sure this command returns at least one valid object.
WARNING: [Vivado 12-584] No ports matched 'sw[10]'. [C:/Users/chand/Desktop/EE214/PROJECTS/BlackboardRevD.xdc:40]
CRITICAL WARNING: [Common 17-55] 'set_property' expects at least one object. [C:/Users/chand/Desktop/EE214/PROJECTS/BlackboardRevD.xdc:40]
Resolution: If [get_<value>] was used to populate the object, check to make sure this command returns at least one valid object.
WARNING: [Vivado 12-584] No ports matched 'sw[11]'. [C:/Users/chand/Desktop/EE214/PROJECTS/BlackboardRevD.xdc:41]
CRITICAL WARNING: [Common 17-55] 'set_property' expects at least one object. [C:/Users/chand/Desktop/EE214/PROJECTS/BlackboardRevD.xdc:41]
Resolution: If [get_<value>] was used to populate the object, check to make sure this command returns at least one valid object.
WARNING: [Vivado 12-584] No ports matched 'seg_cat[7]'. [C:/Users/chand/Desktop/EE214/PROJECTS/BlackboardRevD.xdc:63]
CRITICAL WARNING: [Common 17-55] 'set_property' expects at least one object. [C:/Users/chand/Desktop/EE214/PROJECTS/BlackboardRevD.xdc:63]
Resolution: If [get_<value>] was used to populate the object, check to make sure this command returns at least one valid object.
Finished Parsing XDC File [C:/Users/chand/Desktop/EE214/PROJECTS/BlackboardRevD.xdc]
INFO: [Opt 31-138] Pushed 0 inverter(s) to 0 load pin(s).
Netlist sorting complete. Time (s): cpu = 00:00:00 ; elapsed = 00:00:00 . Memory (MB): peak = 1283.094 ; gain = 0.000
INFO: [Project 1-111] Unisim Transformation Summary:
No Unisim elements were transformed.

7 Infos, 18 Warnings, 18 Critical Warnings and 0 Errors encountered.
link_design completed successfully
link_design: Time (s): cpu = 00:00:08 ; elapsed = 00:00:09 . Memory (MB): peak = 1283.094 ; gain = 0.000
Command: opt_design
Attempting to get a license for feature 'Implementation' and/or device 'xc7z007s'
INFO: [Common 17-349] Got license for feature 'Implementation' and/or device 'xc7z007s'
Running DRC as a precondition to command opt_design

Starting DRC Task
INFO: [DRC 23-27] Running DRC with 2 threads
INFO: [Project 1-461] DRC finished with 0 Errors
INFO: [Project 1-462] Please refer to the DRC report (report_drc) for more information.

Time (s): cpu = 00:00:03 ; elapsed = 00:00:02 . Memory (MB): peak = 1283.094 ; gain = 0.000

Starting Cache Timing Information Task
INFO: [Timing 38-35] Done setting XDC timing constraints.
Ending Cache Timing Information Task | Checksum: 109495cef

Time (s): cpu = 00:00:12 ; elapsed = 00:00:12 . Memory (MB): peak = 1519.621 ; gain = 236.527

Starting Logic Optimization Task

Phase 1 Retarget
INFO: [Opt 31-138] Pushed 0 inverter(s) to 0 load pin(s).
INFO: [Opt 31-49] Retargeted 0 cell(s).
Phase 1 Retarget | Checksum: 109495cef

Time (s): cpu = 00:00:00 ; elapsed = 00:00:00.044 . Memory (MB): peak = 1736.531 ; gain = 0.000
INFO: [Opt 31-389] Phase Retarget created 0 cells and removed 0 cells

Phase 2 Constant propagation
INFO: [Opt 31-138] Pushed 0 inverter(s) to 0 load pin(s).
Phase 2 Constant propagation | Checksum: 16c57852a

Time (s): cpu = 00:00:00 ; elapsed = 00:00:00.052 . Memory (MB): peak = 1736.531 ; gain = 0.000
INFO: [Opt 31-389] Phase Constant propagation created 0 cells and removed 0 cells

Phase 3 Sweep
Phase 3 Sweep | Checksum: c591d457

Time (s): cpu = 00:00:00 ; elapsed = 00:00:00.063 . Memory (MB): peak = 1736.531 ; gain = 0.000
INFO: [Opt 31-389] Phase Sweep created 0 cells and removed 0 cells

Phase 4 BUFG optimization
Phase 4 BUFG optimization | Checksum: c591d457

Time (s): cpu = 00:00:00 ; elapsed = 00:00:00.074 . Memory (MB): peak = 1736.531 ; gain = 0.000
INFO: [Opt 31-662] Phase BUFG optimization created 0 cells of which 0 are BUFGs and removed 0 cells.

Phase 5 Shift Register Optimization
INFO: [Opt 31-1064] SRL Remap converted 0 SRLs to 0 registers and converted 0 registers of register chains to 0 SRLs
Phase 5 Shift Register Optimization | Checksum: c591d457

Time (s): cpu = 00:00:00 ; elapsed = 00:00:00.076 . Memory (MB): peak = 1736.531 ; gain = 0.000
INFO: [Opt 31-389] Phase Shift Register Optimization created 0 cells and removed 0 cells

Phase 6 Post Processing Netlist
Phase 6 Post Processing Netlist | Checksum: c591d457

Time (s): cpu = 00:00:00 ; elapsed = 00:00:00.079 . Memory (MB): peak = 1736.531 ; gain = 0.000
INFO: [Opt 31-389] Phase Post Processing Netlist created 0 cells and removed 0 cells
Opt_design Change Summary
=========================


-------------------------------------------------------------------------------------------------------------------------
|  Phase                        |  #Cells created  |  #Cells Removed  |  #Constrained objects preventing optimizations  |
-------------------------------------------------------------------------------------------------------------------------
|  Retarget                     |               0  |               0  |                                              0  |
|  Constant propagation         |               0  |               0  |                                              0  |
|  Sweep                        |               0  |               0  |                                              0  |
|  BUFG optimization            |               0  |               0  |                                              0  |
|  Shift Register Optimization  |               0  |               0  |                                              0  |
|  Post Processing Netlist      |               0  |               0  |                                              0  |
-------------------------------------------------------------------------------------------------------------------------



Starting Connectivity Check Task

Time (s): cpu = 00:00:00 ; elapsed = 00:00:00 . Memory (MB): peak = 1736.531 ; gain = 0.000
Ending Logic Optimization Task | Checksum: 1499fa40b

Time (s): cpu = 00:00:00 ; elapsed = 00:00:00.088 . Memory (MB): peak = 1736.531 ; gain = 0.000

Starting Power Optimization Task
INFO: [Pwropt 34-132] Skipping clock gating for clocks with a period < 2.00 ns.
Ending Power Optimization Task | Checksum: 1499fa40b

Time (s): cpu = 00:00:00 ; elapsed = 00:00:00.014 . Memory (MB): peak = 1736.531 ; gain = 0.000

Starting Final Cleanup Task
Ending Final Cleanup Task | Checksum: 1499fa40b

Time (s): cpu = 00:00:00 ; elapsed = 00:00:00 . Memory (MB): peak = 1736.531 ; gain = 0.000

Starting Netlist Obfuscation Task
Netlist sorting complete. Time (s): cpu = 00:00:00 ; elapsed = 00:00:00 . Memory (MB): peak = 1736.531 ; gain = 0.000
Ending Netlist Obfuscation Task | Checksum: 1499fa40b

Time (s): cpu = 00:00:00 ; elapsed = 00:00:00 . Memory (MB): peak = 1736.531 ; gain = 0.000
INFO: [Common 17-83] Releasing license: Implementation
24 Infos, 18 Warnings, 18 Critical Warnings and 0 Errors encountered.
opt_design completed successfully
opt_design: Time (s): cpu = 00:00:18 ; elapsed = 00:00:18 . Memory (MB): peak = 1736.531 ; gain = 453.438
INFO: [Timing 38-480] Writing timing data to binary archive.
Writing placer database...
Writing XDEF routing.
Writing XDEF routing logical nets.
Writing XDEF routing special nets.
Write XDEF Complete: Time (s): cpu = 00:00:00 ; elapsed = 00:00:00.070 . Memory (MB): peak = 1736.531 ; gain = 0.000
INFO: [Common 17-1381] The checkpoint 'C:/Users/chand/Desktop/EE214/PROJECTS/juego_project9/project_9.3/project_9.3.runs/impl_1/multiplierTop_opt.dcp' has been generated.
INFO: [runtcl-4] Executing : report_drc -file multiplierTop_drc_opted.rpt -pb multiplierTop_drc_opted.pb -rpx multiplierTop_drc_opted.rpx
Command: report_drc -file multiplierTop_drc_opted.rpt -pb multiplierTop_drc_opted.pb -rpx multiplierTop_drc_opted.rpx
INFO: [IP_Flow 19-234] Refreshing IP repositories
INFO: [IP_Flow 19-1704] No user IP repositories specified
INFO: [IP_Flow 19-2313] Loaded Vivado IP repository 'C:/Users/chand/Desktop/EE214/Vivado/2021.1/data/ip'.
INFO: [Timing 38-35] Done setting XDC timing constraints.
INFO: [DRC 23-27] Running DRC with 2 threads
INFO: [Vivado_Tcl 2-168] The results of DRC are in file C:/Users/chand/Desktop/EE214/PROJECTS/juego_project9/project_9.3/project_9.3.runs/impl_1/multiplierTop_drc_opted.rpt.
report_drc completed successfully
Command: place_design
Attempting to get a license for feature 'Implementation' and/or device 'xc7z007s'
INFO: [Common 17-349] Got license for feature 'Implementation' and/or device 'xc7z007s'
INFO: [DRC 23-27] Running DRC with 2 threads
INFO: [Vivado_Tcl 4-198] DRC finished with 0 Errors
INFO: [Vivado_Tcl 4-199] Please refer to the DRC report (report_drc) for more information.
Running DRC as a precondition to command place_design
INFO: [DRC 23-27] Running DRC with 2 threads
INFO: [Vivado_Tcl 4-198] DRC finished with 0 Errors
INFO: [Vivado_Tcl 4-199] Please refer to the DRC report (report_drc) for more information.

Starting Placer Task
INFO: [Place 30-611] Multithreading enabled for place_design using a maximum of 2 CPUs

Phase 1 Placer Initialization

Phase 1.1 Placer Initialization Netlist Sorting
Netlist sorting complete. Time (s): cpu = 00:00:00 ; elapsed = 00:00:00 . Memory (MB): peak = 1781.680 ; gain = 0.000
Phase 1.1 Placer Initialization Netlist Sorting | Checksum: 6558cb66

Time (s): cpu = 00:00:00 ; elapsed = 00:00:00.015 . Memory (MB): peak = 1781.680 ; gain = 0.000
Netlist sorting complete. Time (s): cpu = 00:00:00 ; elapsed = 00:00:00 . Memory (MB): peak = 1781.680 ; gain = 0.000

Phase 1.2 IO Placement/ Clock Placement/ Build Placer Device
Phase 1.2 IO Placement/ Clock Placement/ Build Placer Device | Checksum: 156eaed60

Time (s): cpu = 00:00:01 ; elapsed = 00:00:00.202 . Memory (MB): peak = 1781.680 ; gain = 0.000

Phase 1.3 Build Placer Netlist Model
Phase 1.3 Build Placer Netlist Model | Checksum: 1f097feb6

Time (s): cpu = 00:00:01 ; elapsed = 00:00:00.373 . Memory (MB): peak = 1781.680 ; gain = 0.000

Phase 1.4 Constrain Clocks/Macros
Phase 1.4 Constrain Clocks/Macros | Checksum: 1f097feb6

Time (s): cpu = 00:00:01 ; elapsed = 00:00:00.376 . Memory (MB): peak = 1781.680 ; gain = 0.000
Phase 1 Placer Initialization | Checksum: 1f097feb6

Time (s): cpu = 00:00:01 ; elapsed = 00:00:00.384 . Memory (MB): peak = 1781.680 ; gain = 0.000

Phase 2 Global Placement

Phase 2.1 Floorplanning
Phase 2.1 Floorplanning | Checksum: 1deb1fce0

Time (s): cpu = 00:00:01 ; elapsed = 00:00:00.499 . Memory (MB): peak = 1781.680 ; gain = 0.000

Phase 2.2 Update Timing before SLR Path Opt
Phase 2.2 Update Timing before SLR Path Opt | Checksum: 254c75f34

Time (s): cpu = 00:00:01 ; elapsed = 00:00:00.556 . Memory (MB): peak = 1781.680 ; gain = 0.000

Phase 2.3 Post-Processing in Floorplanning
Phase 2.3 Post-Processing in Floorplanning | Checksum: 254c75f34

Time (s): cpu = 00:00:01 ; elapsed = 00:00:00.558 . Memory (MB): peak = 1781.680 ; gain = 0.000

Phase 2.4 Global Placement Core

Phase 2.4.1 Physical Synthesis In Placer
INFO: [Physopt 32-1035] Found 0 LUTNM shape to break, 6 LUT instances to create LUTNM shape
INFO: [Physopt 32-1044] Break lutnm for timing: one critical 0, two critical 0, total 0, new lutff created 0
INFO: [Physopt 32-1138] End 1 Pass. Optimized 3 nets or LUTs. Breaked 0 LUT, combined 3 existing LUTs and moved 0 existing LUT
INFO: [Physopt 32-65] No nets found for high-fanout optimization.
INFO: [Physopt 32-232] Optimized 0 net. Created 0 new instance.
INFO: [Physopt 32-775] End 1 Pass. Optimized 0 net or cell. Created 0 new cell, deleted 0 existing cell and moved 0 existing cell
INFO: [Physopt 32-670] No setup violation found.  DSP Register Optimization was not performed.
INFO: [Physopt 32-670] No setup violation found.  Shift Register to Pipeline Optimization was not performed.
INFO: [Physopt 32-670] No setup violation found.  Shift Register Optimization was not performed.
INFO: [Physopt 32-670] No setup violation found.  BRAM Register Optimization was not performed.
INFO: [Physopt 32-670] No setup violation found.  URAM Register Optimization was not performed.
INFO: [Physopt 32-949] No candidate nets found for dynamic/static region interface net replication
INFO: [Physopt 32-775] End 1 Pass. Optimized 0 net or cell. Created 0 new cell, deleted 0 existing cell and moved 0 existing cell
Netlist sorting complete. Time (s): cpu = 00:00:00 ; elapsed = 00:00:00 . Memory (MB): peak = 1781.680 ; gain = 0.000

Summary of Physical Synthesis Optimizations
============================================


-----------------------------------------------------------------------------------------------------------------------------------------------------------
|  Optimization                                     |  Added Cells  |  Removed Cells  |  Optimized Cells/Nets  |  Dont Touch  |  Iterations  |  Elapsed   |
-----------------------------------------------------------------------------------------------------------------------------------------------------------
|  LUT Combining                                    |            0  |              3  |                     3  |           0  |           1  |  00:00:00  |
|  Retime                                           |            0  |              0  |                     0  |           0  |           1  |  00:00:00  |
|  Very High Fanout                                 |            0  |              0  |                     0  |           0  |           1  |  00:00:00  |
|  DSP Register                                     |            0  |              0  |                     0  |           0  |           0  |  00:00:00  |
|  Shift Register to Pipeline                       |            0  |              0  |                     0  |           0  |           0  |  00:00:00  |
|  Shift Register                                   |            0  |              0  |                     0  |           0  |           0  |  00:00:00  |
|  BRAM Register                                    |            0  |              0  |                     0  |           0  |           0  |  00:00:00  |
|  URAM Register                                    |            0  |              0  |                     0  |           0  |           0  |  00:00:00  |
|  Dynamic/Static Region Interface Net Replication  |            0  |              0  |                     0  |           0  |           1  |  00:00:00  |
|  Total                                            |            0  |              3  |                     3  |           0  |           4  |  00:00:00  |
-----------------------------------------------------------------------------------------------------------------------------------------------------------


Phase 2.4.1 Physical Synthesis In Placer | Checksum: 217eb2937

Time (s): cpu = 00:00:04 ; elapsed = 00:00:02 . Memory (MB): peak = 1781.680 ; gain = 0.000
Phase 2.4 Global Placement Core | Checksum: 185b4c0d4

Time (s): cpu = 00:00:04 ; elapsed = 00:00:02 . Memory (MB): peak = 1781.680 ; gain = 0.000
Phase 2 Global Placement | Checksum: 185b4c0d4

Time (s): cpu = 00:00:04 ; elapsed = 00:00:02 . Memory (MB): peak = 1781.680 ; gain = 0.000

Phase 3 Detail Placement

Phase 3.1 Commit Multi Column Macros
Phase 3.1 Commit Multi Column Macros | Checksum: 1bc04ff6f

Time (s): cpu = 00:00:04 ; elapsed = 00:00:03 . Memory (MB): peak = 1781.680 ; gain = 0.000

Phase 3.2 Commit Most Macros & LUTRAMs
Phase 3.2 Commit Most Macros & LUTRAMs | Checksum: 17dbfc422

Time (s): cpu = 00:00:05 ; elapsed = 00:00:03 . Memory (MB): peak = 1781.680 ; gain = 0.000

Phase 3.3 Area Swap Optimization
Phase 3.3 Area Swap Optimization | Checksum: 1de9e7863

Time (s): cpu = 00:00:05 ; elapsed = 00:00:03 . Memory (MB): peak = 1781.680 ; gain = 0.000

Phase 3.4 Pipeline Register Optimization
Phase 3.4 Pipeline Register Optimization | Checksum: 1640ce940

Time (s): cpu = 00:00:05 ; elapsed = 00:00:03 . Memory (MB): peak = 1781.680 ; gain = 0.000

Phase 3.5 Small Shape Detail Placement
Phase 3.5 Small Shape Detail Placement | Checksum: 16ba3ac8b

Time (s): cpu = 00:00:05 ; elapsed = 00:00:03 . Memory (MB): peak = 1781.680 ; gain = 0.000

Phase 3.6 Re-assign LUT pins
Phase 3.6 Re-assign LUT pins | Checksum: 1f9dfe8d5

Time (s): cpu = 00:00:05 ; elapsed = 00:00:03 . Memory (MB): peak = 1781.680 ; gain = 0.000

Phase 3.7 Pipeline Register Optimization
Phase 3.7 Pipeline Register Optimization | Checksum: 174ce57b8

Time (s): cpu = 00:00:05 ; elapsed = 00:00:03 . Memory (MB): peak = 1781.680 ; gain = 0.000
Phase 3 Detail Placement | Checksum: 174ce57b8

Time (s): cpu = 00:00:05 ; elapsed = 00:00:03 . Memory (MB): peak = 1781.680 ; gain = 0.000

Phase 4 Post Placement Optimization and Clean-Up

Phase 4.1 Post Commit Optimization
INFO: [Timing 38-35] Done setting XDC timing constraints.

Phase 4.1.1 Post Placement Optimization
Post Placement Optimization Initialization | Checksum: 1fa90368e

Phase 4.1.1.1 BUFG Insertion

Starting Physical Synthesis Task

Phase 1 Physical Synthesis Initialization
INFO: [Physopt 32-721] Multithreading enabled for phys_opt_design using a maximum of 2 CPUs
INFO: [Physopt 32-619] Estimated Timing Summary | WNS=5.623 | TNS=0.000 |
Phase 1 Physical Synthesis Initialization | Checksum: 24b5a8a69

Time (s): cpu = 00:00:00 ; elapsed = 00:00:00.017 . Memory (MB): peak = 1781.680 ; gain = 0.000
INFO: [Place 46-56] BUFG insertion identified 0 candidate nets. Inserted BUFG: 0, Replicated BUFG Driver: 0, Skipped due to Placement/Routing Conflicts: 0, Skipped due to Timing Degradation: 0, Skipped due to Illegal Netlist: 0.
Ending Physical Synthesis Task | Checksum: 268680920

Time (s): cpu = 00:00:00 ; elapsed = 00:00:00.020 . Memory (MB): peak = 1781.680 ; gain = 0.000
Phase 4.1.1.1 BUFG Insertion | Checksum: 1fa90368e

Time (s): cpu = 00:00:05 ; elapsed = 00:00:03 . Memory (MB): peak = 1781.680 ; gain = 0.000

Phase 4.1.1.2 Post Placement Timing Optimization
INFO: [Place 30-746] Post Placement Timing Summary WNS=5.623. For the most accurate timing information please run report_timing.
Phase 4.1.1.2 Post Placement Timing Optimization | Checksum: 19382828b

Time (s): cpu = 00:00:05 ; elapsed = 00:00:03 . Memory (MB): peak = 1781.680 ; gain = 0.000

Time (s): cpu = 00:00:05 ; elapsed = 00:00:03 . Memory (MB): peak = 1781.680 ; gain = 0.000
Phase 4.1 Post Commit Optimization | Checksum: 19382828b

Time (s): cpu = 00:00:05 ; elapsed = 00:00:03 . Memory (MB): peak = 1781.680 ; gain = 0.000

Phase 4.2 Post Placement Cleanup
Phase 4.2 Post Placement Cleanup | Checksum: 19382828b

Time (s): cpu = 00:00:05 ; elapsed = 00:00:03 . Memory (MB): peak = 1781.680 ; gain = 0.000

Phase 4.3 Placer Reporting

Phase 4.3.1 Print Estimated Congestion
INFO: [Place 30-612] Post-Placement Estimated Congestion 
 ____________________________________________________
|           | Global Congestion | Short Congestion  |
| Direction | Region Size       | Region Size       |
|___________|___________________|___________________|
|      North|                1x1|                1x1|
|___________|___________________|___________________|
|      South|                1x1|                1x1|
|___________|___________________|___________________|
|       East|                1x1|                1x1|
|___________|___________________|___________________|
|       West|                1x1|                1x1|
|___________|___________________|___________________|

Phase 4.3.1 Print Estimated Congestion | Checksum: 19382828b

Time (s): cpu = 00:00:05 ; elapsed = 00:00:03 . Memory (MB): peak = 1781.680 ; gain = 0.000
Phase 4.3 Placer Reporting | Checksum: 19382828b

Time (s): cpu = 00:00:05 ; elapsed = 00:00:03 . Memory (MB): peak = 1781.680 ; gain = 0.000

Phase 4.4 Final Placement Cleanup
Netlist sorting complete. Time (s): cpu = 00:00:00 ; elapsed = 00:00:00.001 . Memory (MB): peak = 1781.680 ; gain = 0.000

Time (s): cpu = 00:00:05 ; elapsed = 00:00:03 . Memory (MB): peak = 1781.680 ; gain = 0.000
Phase 4 Post Placement Optimization and Clean-Up | Checksum: 152ef692c

Time (s): cpu = 00:00:05 ; elapsed = 00:00:03 . Memory (MB): peak = 1781.680 ; gain = 0.000
Ending Placer Task | Checksum: 1438e171c

Time (s): cpu = 00:00:05 ; elapsed = 00:00:03 . Memory (MB): peak = 1781.680 ; gain = 0.000
INFO: [Common 17-83] Releasing license: Implementation
61 Infos, 18 Warnings, 18 Critical Warnings and 0 Errors encountered.
place_design completed successfully
INFO: [Timing 38-480] Writing timing data to binary archive.
Writing placer database...
Writing XDEF routing.
Writing XDEF routing logical nets.
Writing XDEF routing special nets.
Write XDEF Complete: Time (s): cpu = 00:00:00 ; elapsed = 00:00:00.111 . Memory (MB): peak = 1781.680 ; gain = 0.000
INFO: [Common 17-1381] The checkpoint 'C:/Users/chand/Desktop/EE214/PROJECTS/juego_project9/project_9.3/project_9.3.runs/impl_1/multiplierTop_placed.dcp' has been generated.
INFO: [runtcl-4] Executing : report_io -file multiplierTop_io_placed.rpt
report_io: Time (s): cpu = 00:00:00 ; elapsed = 00:00:00.081 . Memory (MB): peak = 1781.680 ; gain = 0.000
INFO: [runtcl-4] Executing : report_utilization -file multiplierTop_utilization_placed.rpt -pb multiplierTop_utilization_placed.pb
INFO: [runtcl-4] Executing : report_control_sets -verbose -file multiplierTop_control_sets_placed.rpt
report_control_sets: Time (s): cpu = 00:00:00 ; elapsed = 00:00:00.002 . Memory (MB): peak = 1781.680 ; gain = 0.000
Command: phys_opt_design
Attempting to get a license for feature 'Implementation' and/or device 'xc7z007s'
INFO: [Common 17-349] Got license for feature 'Implementation' and/or device 'xc7z007s'
INFO: [Vivado_Tcl 4-383] Design worst setup slack (WNS) is greater than or equal to 0.000 ns. Skipping all physical synthesis optimizations.
INFO: [Vivado_Tcl 4-232] No setup violation found. The netlist was not modified.
INFO: [Common 17-83] Releasing license: Implementation
70 Infos, 18 Warnings, 18 Critical Warnings and 0 Errors encountered.
phys_opt_design completed successfully
INFO: [Timing 38-480] Writing timing data to binary archive.
Writing placer database...
Writing XDEF routing.
Writing XDEF routing logical nets.
Writing XDEF routing special nets.
Write XDEF Complete: Time (s): cpu = 00:00:00 ; elapsed = 00:00:00.130 . Memory (MB): peak = 1781.680 ; gain = 0.000
INFO: [Common 17-1381] The checkpoint 'C:/Users/chand/Desktop/EE214/PROJECTS/juego_project9/project_9.3/project_9.3.runs/impl_1/multiplierTop_physopt.dcp' has been generated.
Command: route_design
Attempting to get a license for feature 'Implementation' and/or device 'xc7z007s'
INFO: [Common 17-349] Got license for feature 'Implementation' and/or device 'xc7z007s'
Running DRC as a precondition to command route_design
INFO: [DRC 23-27] Running DRC with 2 threads
INFO: [Vivado_Tcl 4-198] DRC finished with 0 Errors
INFO: [Vivado_Tcl 4-199] Please refer to the DRC report (report_drc) for more information.


Starting Routing Task
INFO: [Route 35-254] Multithreading enabled for route_design using a maximum of 2 CPUs
Checksum: PlaceDB: 937c84ca ConstDB: 0 ShapeSum: b0119252 RouteDB: 0

Phase 1 Build RT Design
Phase 1 Build RT Design | Checksum: 11345b1c5

Time (s): cpu = 00:00:23 ; elapsed = 00:00:21 . Memory (MB): peak = 1821.023 ; gain = 33.176
Post Restoration Checksum: NetGraph: e918308b NumContArr: 2a2d813a Constraints: 0 Timing: 0

Phase 2 Router Initialization

Phase 2.1 Create Timer
Phase 2.1 Create Timer | Checksum: 11345b1c5

Time (s): cpu = 00:00:23 ; elapsed = 00:00:21 . Memory (MB): peak = 1821.043 ; gain = 33.195

Phase 2.2 Fix Topology Constraints
Phase 2.2 Fix Topology Constraints | Checksum: 11345b1c5

Time (s): cpu = 00:00:23 ; elapsed = 00:00:21 . Memory (MB): peak = 1827.023 ; gain = 39.176

Phase 2.3 Pre Route Cleanup
Phase 2.3 Pre Route Cleanup | Checksum: 11345b1c5

Time (s): cpu = 00:00:23 ; elapsed = 00:00:21 . Memory (MB): peak = 1827.023 ; gain = 39.176
 Number of Nodes with overlaps = 0

Phase 2.4 Update Timing
Phase 2.4 Update Timing | Checksum: 1bf725eb8

Time (s): cpu = 00:00:23 ; elapsed = 00:00:21 . Memory (MB): peak = 1829.746 ; gain = 41.898
INFO: [Route 35-416] Intermediate Timing Summary | WNS=5.541  | TNS=0.000  | WHS=-0.064 | THS=-0.064 |

Phase 2 Router Initialization | Checksum: 192c66f88

Time (s): cpu = 00:00:23 ; elapsed = 00:00:21 . Memory (MB): peak = 1829.746 ; gain = 41.898

Router Utilization Summary
  Global Vertical Routing Utilization    = 0 %
  Global Horizontal Routing Utilization  = 0.000229779 %
  Routable Net Status*
  *Does not include unroutable nets such as driverless and loadless.
  Run report_route_status for detailed report.
  Number of Failed Nets               = 214
    (Failed Nets is the sum of unrouted and partially routed nets)
  Number of Unrouted Nets             = 213
  Number of Partially Routed Nets     = 1
  Number of Node Overlaps             = 0


Phase 3 Initial Routing

Phase 3.1 Global Routing
Phase 3.1 Global Routing | Checksum: 192c66f88

Time (s): cpu = 00:00:23 ; elapsed = 00:00:21 . Memory (MB): peak = 1831.445 ; gain = 43.598
Phase 3 Initial Routing | Checksum: efc08108

Time (s): cpu = 00:00:23 ; elapsed = 00:00:21 . Memory (MB): peak = 1831.445 ; gain = 43.598

Phase 4 Rip-up And Reroute

Phase 4.1 Global Iteration 0
 Number of Nodes with overlaps = 22
 Number of Nodes with overlaps = 0
INFO: [Route 35-416] Intermediate Timing Summary | WNS=4.725  | TNS=0.000  | WHS=N/A    | THS=N/A    |

Phase 4.1 Global Iteration 0 | Checksum: 1fc5da85d

Time (s): cpu = 00:00:23 ; elapsed = 00:00:21 . Memory (MB): peak = 1831.445 ; gain = 43.598
Phase 4 Rip-up And Reroute | Checksum: 1fc5da85d

Time (s): cpu = 00:00:23 ; elapsed = 00:00:21 . Memory (MB): peak = 1831.445 ; gain = 43.598

Phase 5 Delay and Skew Optimization

Phase 5.1 Delay CleanUp
Phase 5.1 Delay CleanUp | Checksum: 1fc5da85d

Time (s): cpu = 00:00:23 ; elapsed = 00:00:21 . Memory (MB): peak = 1831.445 ; gain = 43.598

Phase 5.2 Clock Skew Optimization
Phase 5.2 Clock Skew Optimization | Checksum: 1fc5da85d

Time (s): cpu = 00:00:23 ; elapsed = 00:00:21 . Memory (MB): peak = 1831.445 ; gain = 43.598
Phase 5 Delay and Skew Optimization | Checksum: 1fc5da85d

Time (s): cpu = 00:00:23 ; elapsed = 00:00:21 . Memory (MB): peak = 1831.445 ; gain = 43.598

Phase 6 Post Hold Fix

Phase 6.1 Hold Fix Iter

Phase 6.1.1 Update Timing
Phase 6.1.1 Update Timing | Checksum: 2b34d74cd

Time (s): cpu = 00:00:23 ; elapsed = 00:00:21 . Memory (MB): peak = 1831.445 ; gain = 43.598
INFO: [Route 35-416] Intermediate Timing Summary | WNS=4.876  | TNS=0.000  | WHS=0.249  | THS=0.000  |

Phase 6.1 Hold Fix Iter | Checksum: 2b34d74cd

Time (s): cpu = 00:00:23 ; elapsed = 00:00:21 . Memory (MB): peak = 1831.445 ; gain = 43.598
Phase 6 Post Hold Fix | Checksum: 2b34d74cd

Time (s): cpu = 00:00:23 ; elapsed = 00:00:21 . Memory (MB): peak = 1831.445 ; gain = 43.598

Phase 7 Route finalize

Router Utilization Summary
  Global Vertical Routing Utilization    = 0.150197 %
  Global Horizontal Routing Utilization  = 0.0712316 %
  Routable Net Status*
  *Does not include unroutable nets such as driverless and loadless.
  Run report_route_status for detailed report.
  Number of Failed Nets               = 0
    (Failed Nets is the sum of unrouted and partially routed nets)
  Number of Unrouted Nets             = 0
  Number of Partially Routed Nets     = 0
  Number of Node Overlaps             = 0

Phase 7 Route finalize | Checksum: 236e8fe8f

Time (s): cpu = 00:00:23 ; elapsed = 00:00:21 . Memory (MB): peak = 1831.445 ; gain = 43.598

Phase 8 Verifying routed nets

 Verification completed successfully
Phase 8 Verifying routed nets | Checksum: 236e8fe8f

Time (s): cpu = 00:00:23 ; elapsed = 00:00:21 . Memory (MB): peak = 1832.438 ; gain = 44.590

Phase 9 Depositing Routes
Phase 9 Depositing Routes | Checksum: 219aa9452

Time (s): cpu = 00:00:23 ; elapsed = 00:00:21 . Memory (MB): peak = 1832.438 ; gain = 44.590

Phase 10 Post Router Timing
INFO: [Route 35-57] Estimated Timing Summary | WNS=4.876  | TNS=0.000  | WHS=0.249  | THS=0.000  |

INFO: [Route 35-327] The final timing numbers are based on the router estimated timing analysis. For a complete and accurate timing signoff, please run report_timing_summary.
Phase 10 Post Router Timing | Checksum: 219aa9452

Time (s): cpu = 00:00:23 ; elapsed = 00:00:21 . Memory (MB): peak = 1832.438 ; gain = 44.590
INFO: [Route 35-16] Router Completed Successfully

Time (s): cpu = 00:00:23 ; elapsed = 00:00:21 . Memory (MB): peak = 1832.438 ; gain = 44.590

Routing Is Done.
INFO: [Common 17-83] Releasing license: Implementation
84 Infos, 18 Warnings, 18 Critical Warnings and 0 Errors encountered.
route_design completed successfully
route_design: Time (s): cpu = 00:00:27 ; elapsed = 00:00:24 . Memory (MB): peak = 1832.438 ; gain = 50.758
INFO: [Timing 38-480] Writing timing data to binary archive.
Writing placer database...
Writing XDEF routing.
Writing XDEF routing logical nets.
Writing XDEF routing special nets.
Write XDEF Complete: Time (s): cpu = 00:00:01 ; elapsed = 00:00:00.115 . Memory (MB): peak = 1842.344 ; gain = 9.906
INFO: [Common 17-1381] The checkpoint 'C:/Users/chand/Desktop/EE214/PROJECTS/juego_project9/project_9.3/project_9.3.runs/impl_1/multiplierTop_routed.dcp' has been generated.
INFO: [runtcl-4] Executing : report_drc -file multiplierTop_drc_routed.rpt -pb multiplierTop_drc_routed.pb -rpx multiplierTop_drc_routed.rpx
Command: report_drc -file multiplierTop_drc_routed.rpt -pb multiplierTop_drc_routed.pb -rpx multiplierTop_drc_routed.rpx
INFO: [IP_Flow 19-1839] IP Catalog is up to date.
INFO: [DRC 23-27] Running DRC with 2 threads
INFO: [Vivado_Tcl 2-168] The results of DRC are in file C:/Users/chand/Desktop/EE214/PROJECTS/juego_project9/project_9.3/project_9.3.runs/impl_1/multiplierTop_drc_routed.rpt.
report_drc completed successfully
INFO: [runtcl-4] Executing : report_methodology -file multiplierTop_methodology_drc_routed.rpt -pb multiplierTop_methodology_drc_routed.pb -rpx multiplierTop_methodology_drc_routed.rpx
Command: report_methodology -file multiplierTop_methodology_drc_routed.rpt -pb multiplierTop_methodology_drc_routed.pb -rpx multiplierTop_methodology_drc_routed.rpx
INFO: [Timing 38-35] Done setting XDC timing constraints.
INFO: [DRC 23-133] Running Methodology with 2 threads
INFO: [Vivado_Tcl 2-1520] The results of Report Methodology are in file C:/Users/chand/Desktop/EE214/PROJECTS/juego_project9/project_9.3/project_9.3.runs/impl_1/multiplierTop_methodology_drc_routed.rpt.
report_methodology completed successfully
INFO: [runtcl-4] Executing : report_power -file multiplierTop_power_routed.rpt -pb multiplierTop_power_summary_routed.pb -rpx multiplierTop_power_routed.rpx
Command: report_power -file multiplierTop_power_routed.rpt -pb multiplierTop_power_summary_routed.pb -rpx multiplierTop_power_routed.rpx
INFO: [Timing 38-35] Done setting XDC timing constraints.
Running Vector-less Activity Propagation...

Finished Running Vector-less Activity Propagation
96 Infos, 18 Warnings, 18 Critical Warnings and 0 Errors encountered.
report_power completed successfully
INFO: [runtcl-4] Executing : report_route_status -file multiplierTop_route_status.rpt -pb multiplierTop_route_status.pb
INFO: [runtcl-4] Executing : report_timing_summary -max_paths 10 -file multiplierTop_timing_summary_routed.rpt -pb multiplierTop_timing_summary_routed.pb -rpx multiplierTop_timing_summary_routed.rpx -warn_on_violation 
INFO: [Timing 38-91] UpdateTimingParams: Speed grade: -1, Delay Type: min_max.
INFO: [Timing 38-191] Multithreading enabled for timing update using a maximum of 2 CPUs
INFO: [runtcl-4] Executing : report_incremental_reuse -file multiplierTop_incremental_reuse_routed.rpt
INFO: [Vivado_Tcl 4-1062] Incremental flow is disabled. No incremental reuse Info to report.
INFO: [runtcl-4] Executing : report_clock_utilization -file multiplierTop_clock_utilization_routed.rpt
INFO: [runtcl-4] Executing : report_bus_skew -warn_on_violation -file multiplierTop_bus_skew_routed.rpt -pb multiplierTop_bus_skew_routed.pb -rpx multiplierTop_bus_skew_routed.rpx
INFO: [Timing 38-91] UpdateTimingParams: Speed grade: -1, Delay Type: min_max.
INFO: [Timing 38-191] Multithreading enabled for timing update using a maximum of 2 CPUs
INFO: [Common 17-206] Exiting Vivado at Thu Nov 11 13:13:21 2021...
