Copyright 1986-2021 Xilinx, Inc. All Rights Reserved.
-----------------------------------------------------------------------------------------------------------------------------------------------------------------------------------------------
| Tool Version : Vivado v.2021.1 (win64) Build 3247384 Thu Jun 10 19:36:33 MDT 2021
| Date         : Sun Nov 21 08:57:23 2021
| Host         : DESKTOP-U5LPIJT running 64-bit major release  (build 9200)
| Command      : report_timing_summary -max_paths 10 -file watchTop_timing_summary_routed.rpt -pb watchTop_timing_summary_routed.pb -rpx watchTop_timing_summary_routed.rpx -warn_on_violation
| Design       : watchTop
| Device       : 7z007s-clg400
| Speed File   : -1  PRODUCTION 1.12 2019-11-22
-----------------------------------------------------------------------------------------------------------------------------------------------------------------------------------------------

Timing Summary Report

------------------------------------------------------------------------------------------------
| Timer Settings
| --------------
------------------------------------------------------------------------------------------------

  Enable Multi Corner Analysis               :  Yes
  Enable Pessimism Removal                   :  Yes
  Pessimism Removal Resolution               :  Nearest Common Node
  Enable Input Delay Default Clock           :  No
  Enable Preset / Clear Arcs                 :  No
  Disable Flight Delays                      :  No
  Ignore I/O Paths                           :  No
  Timing Early Launch at Borrowing Latches   :  No
  Borrow Time for Max Delay Exceptions       :  Yes
  Merge Timing Exceptions                    :  Yes

  Corner  Analyze    Analyze    
  Name    Max Paths  Min Paths  
  ------  ---------  ---------  
  Slow    Yes        Yes        
  Fast    Yes        Yes        


------------------------------------------------------------------------------------------------
| Report Methodology
| ------------------
------------------------------------------------------------------------------------------------

Rule       Severity          Description                  Violations  
---------  ----------------  ---------------------------  ----------  
TIMING-17  Critical Warning  Non-clocked sequential cell  23          
TIMING-20  Warning           Non-clocked latch            5           

Note: This report is based on the most recent report_methodology run and may not be up-to-date. Run report_methodology on the current design for the latest report.



check_timing report

Table of Contents
-----------------
1. checking no_clock (48)
2. checking constant_clock (0)
3. checking pulse_width_clock (0)
4. checking unconstrained_internal_endpoints (60)
5. checking no_input_delay (5)
6. checking no_output_delay (11)
7. checking multiple_clock (0)
8. checking generated_clocks (0)
9. checking loops (0)
10. checking partial_input_delay (0)
11. checking partial_output_delay (0)
12. checking latch_loops (0)

1. checking no_clock (48)
-------------------------
 There are 23 register/latch pins with no clock driven by root clock pin: clkdiv/clk_div_reg/Q (HIGH)

 There are 5 register/latch pins with no clock driven by root clock pin: stateMachine/FSM_onehot_PS_reg[0]/Q (HIGH)

 There are 5 register/latch pins with no clock driven by root clock pin: stateMachine/FSM_onehot_PS_reg[1]/Q (HIGH)

 There are 5 register/latch pins with no clock driven by root clock pin: stateMachine/FSM_onehot_PS_reg[2]/Q (HIGH)

 There are 5 register/latch pins with no clock driven by root clock pin: stateMachine/FSM_onehot_PS_reg[3]/Q (HIGH)

 There are 5 register/latch pins with no clock driven by root clock pin: stateMachine/FSM_onehot_PS_reg[4]/Q (HIGH)


2. checking constant_clock (0)
------------------------------
 There are 0 register/latch pins with constant_clock.


3. checking pulse_width_clock (0)
---------------------------------
 There are 0 register/latch pins which need pulse_width check


4. checking unconstrained_internal_endpoints (60)
-------------------------------------------------
 There are 60 pins that are not constrained for maximum delay. (HIGH)

 There are 0 pins that are not constrained for maximum delay due to constant clock.


5. checking no_input_delay (5)
------------------------------
 There are 5 input ports with no input delay specified. (HIGH)

 There are 0 input ports with no input delay but user has a false path constraint.


6. checking no_output_delay (11)
--------------------------------
 There are 11 ports with no output delay specified. (HIGH)

 There are 0 ports with no output delay but user has a false path constraint

 There are 0 ports with no output delay but with a timing clock defined on it or propagating through it


7. checking multiple_clock (0)
------------------------------
 There are 0 register/latch pins with multiple clocks.


8. checking generated_clocks (0)
--------------------------------
 There are 0 generated clocks that are not connected to a clock source.


9. checking loops (0)
---------------------
 There are 0 combinational loops in the design.


10. checking partial_input_delay (0)
------------------------------------
 There are 0 input ports with partial input delay specified.


11. checking partial_output_delay (0)
-------------------------------------
 There are 0 ports with partial output delay specified.


12. checking latch_loops (0)
----------------------------
 There are 0 combinational latch loops in the design through latch input



------------------------------------------------------------------------------------------------
| Design Timing Summary
| ---------------------
------------------------------------------------------------------------------------------------

    WNS(ns)      TNS(ns)  TNS Failing Endpoints  TNS Total Endpoints      WHS(ns)      THS(ns)  THS Failing Endpoints  THS Total Endpoints     WPWS(ns)     TPWS(ns)  TPWS Failing Endpoints  TPWS Total Endpoints  
    -------      -------  ---------------------  -------------------      -------      -------  ---------------------  -------------------     --------     --------  ----------------------  --------------------  
      6.636        0.000                      0                   33        0.251        0.000                      0                   33        3.500        0.000                       0                    18  


All user specified timing constraints are met.


------------------------------------------------------------------------------------------------
| Clock Summary
| -------------
------------------------------------------------------------------------------------------------

Clock        Waveform(ns)       Period(ns)      Frequency(MHz)
-----        ------------       ----------      --------------
sys_clk_pin  {0.000 4.000}      10.000          100.000         


------------------------------------------------------------------------------------------------
| Intra Clock Table
| -----------------
------------------------------------------------------------------------------------------------

Clock             WNS(ns)      TNS(ns)  TNS Failing Endpoints  TNS Total Endpoints      WHS(ns)      THS(ns)  THS Failing Endpoints  THS Total Endpoints     WPWS(ns)     TPWS(ns)  TPWS Failing Endpoints  TPWS Total Endpoints  
-----             -------      -------  ---------------------  -------------------      -------      -------  ---------------------  -------------------     --------     --------  ----------------------  --------------------  
sys_clk_pin         6.636        0.000                      0                   33        0.251        0.000                      0                   33        3.500        0.000                       0                    18  


------------------------------------------------------------------------------------------------
| Inter Clock Table
| -----------------
------------------------------------------------------------------------------------------------

From Clock    To Clock          WNS(ns)      TNS(ns)  TNS Failing Endpoints  TNS Total Endpoints      WHS(ns)      THS(ns)  THS Failing Endpoints  THS Total Endpoints  
----------    --------          -------      -------  ---------------------  -------------------      -------      -------  ---------------------  -------------------  


------------------------------------------------------------------------------------------------
| Other Path Groups Table
| -----------------------
------------------------------------------------------------------------------------------------

Path Group    From Clock    To Clock          WNS(ns)      TNS(ns)  TNS Failing Endpoints  TNS Total Endpoints      WHS(ns)      THS(ns)  THS Failing Endpoints  THS Total Endpoints  
----------    ----------    --------          -------      -------  ---------------------  -------------------      -------      -------  ---------------------  -------------------  


------------------------------------------------------------------------------------------------
| Timing Details
| --------------
------------------------------------------------------------------------------------------------


---------------------------------------------------------------------------------------------------
From Clock:  sys_clk_pin
  To Clock:  sys_clk_pin

Setup :            0  Failing Endpoints,  Worst Slack        6.636ns,  Total Violation        0.000ns
Hold  :            0  Failing Endpoints,  Worst Slack        0.251ns,  Total Violation        0.000ns
PW    :            0  Failing Endpoints,  Worst Slack        3.500ns,  Total Violation        0.000ns
---------------------------------------------------------------------------------------------------


Max Delay Paths
--------------------------------------------------------------------------------------
Slack (MET) :             6.636ns  (required time - arrival time)
  Source:                 clkdiv/count_reg[7]/C
                            (rising edge-triggered cell FDRE clocked by sys_clk_pin  {rise@0.000ns fall@4.000ns period=10.000ns})
  Destination:            clkdiv/count_reg[12]/R
                            (rising edge-triggered cell FDRE clocked by sys_clk_pin  {rise@0.000ns fall@4.000ns period=10.000ns})
  Path Group:             sys_clk_pin
  Path Type:              Setup (Max at Slow Process Corner)
  Requirement:            10.000ns  (sys_clk_pin rise@10.000ns - sys_clk_pin rise@0.000ns)
  Data Path Delay:        2.874ns  (logic 0.704ns (24.491%)  route 2.170ns (75.509%))
  Logic Levels:           2  (LUT6=2)
  Clock Path Skew:        -0.025ns (DCD - SCD + CPR)
    Destination Clock Delay (DCD):    4.920ns = ( 14.920 - 10.000 ) 
    Source Clock Delay      (SCD):    5.372ns
    Clock Pessimism Removal (CPR):    0.428ns
  Clock Uncertainty:      0.035ns  ((TSJ^2 + TIJ^2)^1/2 + DJ) / 2 + PE
    Total System Jitter     (TSJ):    0.071ns
    Total Input Jitter      (TIJ):    0.000ns
    Discrete Jitter          (DJ):    0.000ns
    Phase Error              (PE):    0.000ns

    Location             Delay type                Incr(ns)  Path(ns)    Netlist Resource(s)
  -------------------------------------------------------------------    -------------------
                         (clock sys_clk_pin rise edge)
                                                      0.000     0.000 r  
    H16                                               0.000     0.000 r  clk (IN)
                         net (fo=0)                   0.000     0.000    clk
    H16                  IBUF (Prop_ibuf_I_O)         1.457     1.457 r  clk_IBUF_inst/O
                         net (fo=1, routed)           2.076     3.533    clk_IBUF
    BUFGCTRL_X0Y16       BUFG (Prop_bufg_I_O)         0.101     3.634 r  clk_IBUF_BUFG_inst/O
                         net (fo=17, routed)          1.738     5.372    clkdiv/clk
    SLICE_X36Y54         FDRE                                         r  clkdiv/count_reg[7]/C
  -------------------------------------------------------------------    -------------------
    SLICE_X36Y54         FDRE (Prop_fdre_C_Q)         0.456     5.828 f  clkdiv/count_reg[7]/Q
                         net (fo=2, routed)           1.273     7.101    clkdiv/count_reg[7]
    SLICE_X37Y54         LUT6 (Prop_lut6_I1_O)        0.124     7.225 r  clkdiv/count[0]_i_4/O
                         net (fo=2, routed)           0.163     7.388    clkdiv/count[0]_i_4_n_0
    SLICE_X37Y54         LUT6 (Prop_lut6_I5_O)        0.124     7.512 r  clkdiv/count[0]_i_1/O
                         net (fo=16, routed)          0.735     8.247    clkdiv/clear
    SLICE_X36Y56         FDRE                                         r  clkdiv/count_reg[12]/R
  -------------------------------------------------------------------    -------------------

                         (clock sys_clk_pin rise edge)
                                                     10.000    10.000 r  
    H16                                               0.000    10.000 r  clk (IN)
                         net (fo=0)                   0.000    10.000    clk
    H16                  IBUF (Prop_ibuf_I_O)         1.387    11.387 r  clk_IBUF_inst/O
                         net (fo=1, routed)           1.880    13.267    clk_IBUF
    BUFGCTRL_X0Y16       BUFG (Prop_bufg_I_O)         0.091    13.358 r  clk_IBUF_BUFG_inst/O
                         net (fo=17, routed)          1.562    14.920    clkdiv/clk
    SLICE_X36Y56         FDRE                                         r  clkdiv/count_reg[12]/C
                         clock pessimism              0.428    15.347    
                         clock uncertainty           -0.035    15.312    
    SLICE_X36Y56         FDRE (Setup_fdre_C_R)       -0.429    14.883    clkdiv/count_reg[12]
  -------------------------------------------------------------------
                         required time                         14.883    
                         arrival time                          -8.247    
  -------------------------------------------------------------------
                         slack                                  6.636    

Slack (MET) :             6.636ns  (required time - arrival time)
  Source:                 clkdiv/count_reg[7]/C
                            (rising edge-triggered cell FDRE clocked by sys_clk_pin  {rise@0.000ns fall@4.000ns period=10.000ns})
  Destination:            clkdiv/count_reg[13]/R
                            (rising edge-triggered cell FDRE clocked by sys_clk_pin  {rise@0.000ns fall@4.000ns period=10.000ns})
  Path Group:             sys_clk_pin
  Path Type:              Setup (Max at Slow Process Corner)
  Requirement:            10.000ns  (sys_clk_pin rise@10.000ns - sys_clk_pin rise@0.000ns)
  Data Path Delay:        2.874ns  (logic 0.704ns (24.491%)  route 2.170ns (75.509%))
  Logic Levels:           2  (LUT6=2)
  Clock Path Skew:        -0.025ns (DCD - SCD + CPR)
    Destination Clock Delay (DCD):    4.920ns = ( 14.920 - 10.000 ) 
    Source Clock Delay      (SCD):    5.372ns
    Clock Pessimism Removal (CPR):    0.428ns
  Clock Uncertainty:      0.035ns  ((TSJ^2 + TIJ^2)^1/2 + DJ) / 2 + PE
    Total System Jitter     (TSJ):    0.071ns
    Total Input Jitter      (TIJ):    0.000ns
    Discrete Jitter          (DJ):    0.000ns
    Phase Error              (PE):    0.000ns

    Location             Delay type                Incr(ns)  Path(ns)    Netlist Resource(s)
  -------------------------------------------------------------------    -------------------
                         (clock sys_clk_pin rise edge)
                                                      0.000     0.000 r  
    H16                                               0.000     0.000 r  clk (IN)
                         net (fo=0)                   0.000     0.000    clk
    H16                  IBUF (Prop_ibuf_I_O)         1.457     1.457 r  clk_IBUF_inst/O
                         net (fo=1, routed)           2.076     3.533    clk_IBUF
    BUFGCTRL_X0Y16       BUFG (Prop_bufg_I_O)         0.101     3.634 r  clk_IBUF_BUFG_inst/O
                         net (fo=17, routed)          1.738     5.372    clkdiv/clk
    SLICE_X36Y54         FDRE                                         r  clkdiv/count_reg[7]/C
  -------------------------------------------------------------------    -------------------
    SLICE_X36Y54         FDRE (Prop_fdre_C_Q)         0.456     5.828 f  clkdiv/count_reg[7]/Q
                         net (fo=2, routed)           1.273     7.101    clkdiv/count_reg[7]
    SLICE_X37Y54         LUT6 (Prop_lut6_I1_O)        0.124     7.225 r  clkdiv/count[0]_i_4/O
                         net (fo=2, routed)           0.163     7.388    clkdiv/count[0]_i_4_n_0
    SLICE_X37Y54         LUT6 (Prop_lut6_I5_O)        0.124     7.512 r  clkdiv/count[0]_i_1/O
                         net (fo=16, routed)          0.735     8.247    clkdiv/clear
    SLICE_X36Y56         FDRE                                         r  clkdiv/count_reg[13]/R
  -------------------------------------------------------------------    -------------------

                         (clock sys_clk_pin rise edge)
                                                     10.000    10.000 r  
    H16                                               0.000    10.000 r  clk (IN)
                         net (fo=0)                   0.000    10.000    clk
    H16                  IBUF (Prop_ibuf_I_O)         1.387    11.387 r  clk_IBUF_inst/O
                         net (fo=1, routed)           1.880    13.267    clk_IBUF
    BUFGCTRL_X0Y16       BUFG (Prop_bufg_I_O)         0.091    13.358 r  clk_IBUF_BUFG_inst/O
                         net (fo=17, routed)          1.562    14.920    clkdiv/clk
    SLICE_X36Y56         FDRE                                         r  clkdiv/count_reg[13]/C
                         clock pessimism              0.428    15.347    
                         clock uncertainty           -0.035    15.312    
    SLICE_X36Y56         FDRE (Setup_fdre_C_R)       -0.429    14.883    clkdiv/count_reg[13]
  -------------------------------------------------------------------
                         required time                         14.883    
                         arrival time                          -8.247    
  -------------------------------------------------------------------
                         slack                                  6.636    

Slack (MET) :             6.636ns  (required time - arrival time)
  Source:                 clkdiv/count_reg[7]/C
                            (rising edge-triggered cell FDRE clocked by sys_clk_pin  {rise@0.000ns fall@4.000ns period=10.000ns})
  Destination:            clkdiv/count_reg[14]/R
                            (rising edge-triggered cell FDRE clocked by sys_clk_pin  {rise@0.000ns fall@4.000ns period=10.000ns})
  Path Group:             sys_clk_pin
  Path Type:              Setup (Max at Slow Process Corner)
  Requirement:            10.000ns  (sys_clk_pin rise@10.000ns - sys_clk_pin rise@0.000ns)
  Data Path Delay:        2.874ns  (logic 0.704ns (24.491%)  route 2.170ns (75.509%))
  Logic Levels:           2  (LUT6=2)
  Clock Path Skew:        -0.025ns (DCD - SCD + CPR)
    Destination Clock Delay (DCD):    4.920ns = ( 14.920 - 10.000 ) 
    Source Clock Delay      (SCD):    5.372ns
    Clock Pessimism Removal (CPR):    0.428ns
  Clock Uncertainty:      0.035ns  ((TSJ^2 + TIJ^2)^1/2 + DJ) / 2 + PE
    Total System Jitter     (TSJ):    0.071ns
    Total Input Jitter      (TIJ):    0.000ns
    Discrete Jitter          (DJ):    0.000ns
    Phase Error              (PE):    0.000ns

    Location             Delay type                Incr(ns)  Path(ns)    Netlist Resource(s)
  -------------------------------------------------------------------    -------------------
                         (clock sys_clk_pin rise edge)
                                                      0.000     0.000 r  
    H16                                               0.000     0.000 r  clk (IN)
                         net (fo=0)                   0.000     0.000    clk
    H16                  IBUF (Prop_ibuf_I_O)         1.457     1.457 r  clk_IBUF_inst/O
                         net (fo=1, routed)           2.076     3.533    clk_IBUF
    BUFGCTRL_X0Y16       BUFG (Prop_bufg_I_O)         0.101     3.634 r  clk_IBUF_BUFG_inst/O
                         net (fo=17, routed)          1.738     5.372    clkdiv/clk
    SLICE_X36Y54         FDRE                                         r  clkdiv/count_reg[7]/C
  -------------------------------------------------------------------    -------------------
    SLICE_X36Y54         FDRE (Prop_fdre_C_Q)         0.456     5.828 f  clkdiv/count_reg[7]/Q
                         net (fo=2, routed)           1.273     7.101    clkdiv/count_reg[7]
    SLICE_X37Y54         LUT6 (Prop_lut6_I1_O)        0.124     7.225 r  clkdiv/count[0]_i_4/O
                         net (fo=2, routed)           0.163     7.388    clkdiv/count[0]_i_4_n_0
    SLICE_X37Y54         LUT6 (Prop_lut6_I5_O)        0.124     7.512 r  clkdiv/count[0]_i_1/O
                         net (fo=16, routed)          0.735     8.247    clkdiv/clear
    SLICE_X36Y56         FDRE                                         r  clkdiv/count_reg[14]/R
  -------------------------------------------------------------------    -------------------

                         (clock sys_clk_pin rise edge)
                                                     10.000    10.000 r  
    H16                                               0.000    10.000 r  clk (IN)
                         net (fo=0)                   0.000    10.000    clk
    H16                  IBUF (Prop_ibuf_I_O)         1.387    11.387 r  clk_IBUF_inst/O
                         net (fo=1, routed)           1.880    13.267    clk_IBUF
    BUFGCTRL_X0Y16       BUFG (Prop_bufg_I_O)         0.091    13.358 r  clk_IBUF_BUFG_inst/O
                         net (fo=17, routed)          1.562    14.920    clkdiv/clk
    SLICE_X36Y56         FDRE                                         r  clkdiv/count_reg[14]/C
                         clock pessimism              0.428    15.347    
                         clock uncertainty           -0.035    15.312    
    SLICE_X36Y56         FDRE (Setup_fdre_C_R)       -0.429    14.883    clkdiv/count_reg[14]
  -------------------------------------------------------------------
                         required time                         14.883    
                         arrival time                          -8.247    
  -------------------------------------------------------------------
                         slack                                  6.636    

Slack (MET) :             6.636ns  (required time - arrival time)
  Source:                 clkdiv/count_reg[7]/C
                            (rising edge-triggered cell FDRE clocked by sys_clk_pin  {rise@0.000ns fall@4.000ns period=10.000ns})
  Destination:            clkdiv/count_reg[15]/R
                            (rising edge-triggered cell FDRE clocked by sys_clk_pin  {rise@0.000ns fall@4.000ns period=10.000ns})
  Path Group:             sys_clk_pin
  Path Type:              Setup (Max at Slow Process Corner)
  Requirement:            10.000ns  (sys_clk_pin rise@10.000ns - sys_clk_pin rise@0.000ns)
  Data Path Delay:        2.874ns  (logic 0.704ns (24.491%)  route 2.170ns (75.509%))
  Logic Levels:           2  (LUT6=2)
  Clock Path Skew:        -0.025ns (DCD - SCD + CPR)
    Destination Clock Delay (DCD):    4.920ns = ( 14.920 - 10.000 ) 
    Source Clock Delay      (SCD):    5.372ns
    Clock Pessimism Removal (CPR):    0.428ns
  Clock Uncertainty:      0.035ns  ((TSJ^2 + TIJ^2)^1/2 + DJ) / 2 + PE
    Total System Jitter     (TSJ):    0.071ns
    Total Input Jitter      (TIJ):    0.000ns
    Discrete Jitter          (DJ):    0.000ns
    Phase Error              (PE):    0.000ns

    Location             Delay type                Incr(ns)  Path(ns)    Netlist Resource(s)
  -------------------------------------------------------------------    -------------------
                         (clock sys_clk_pin rise edge)
                                                      0.000     0.000 r  
    H16                                               0.000     0.000 r  clk (IN)
                         net (fo=0)                   0.000     0.000    clk
    H16                  IBUF (Prop_ibuf_I_O)         1.457     1.457 r  clk_IBUF_inst/O
                         net (fo=1, routed)           2.076     3.533    clk_IBUF
    BUFGCTRL_X0Y16       BUFG (Prop_bufg_I_O)         0.101     3.634 r  clk_IBUF_BUFG_inst/O
                         net (fo=17, routed)          1.738     5.372    clkdiv/clk
    SLICE_X36Y54         FDRE                                         r  clkdiv/count_reg[7]/C
  -------------------------------------------------------------------    -------------------
    SLICE_X36Y54         FDRE (Prop_fdre_C_Q)         0.456     5.828 f  clkdiv/count_reg[7]/Q
                         net (fo=2, routed)           1.273     7.101    clkdiv/count_reg[7]
    SLICE_X37Y54         LUT6 (Prop_lut6_I1_O)        0.124     7.225 r  clkdiv/count[0]_i_4/O
                         net (fo=2, routed)           0.163     7.388    clkdiv/count[0]_i_4_n_0
    SLICE_X37Y54         LUT6 (Prop_lut6_I5_O)        0.124     7.512 r  clkdiv/count[0]_i_1/O
                         net (fo=16, routed)          0.735     8.247    clkdiv/clear
    SLICE_X36Y56         FDRE                                         r  clkdiv/count_reg[15]/R
  -------------------------------------------------------------------    -------------------

                         (clock sys_clk_pin rise edge)
                                                     10.000    10.000 r  
    H16                                               0.000    10.000 r  clk (IN)
                         net (fo=0)                   0.000    10.000    clk
    H16                  IBUF (Prop_ibuf_I_O)         1.387    11.387 r  clk_IBUF_inst/O
                         net (fo=1, routed)           1.880    13.267    clk_IBUF
    BUFGCTRL_X0Y16       BUFG (Prop_bufg_I_O)         0.091    13.358 r  clk_IBUF_BUFG_inst/O
                         net (fo=17, routed)          1.562    14.920    clkdiv/clk
    SLICE_X36Y56         FDRE                                         r  clkdiv/count_reg[15]/C
                         clock pessimism              0.428    15.347    
                         clock uncertainty           -0.035    15.312    
    SLICE_X36Y56         FDRE (Setup_fdre_C_R)       -0.429    14.883    clkdiv/count_reg[15]
  -------------------------------------------------------------------
                         required time                         14.883    
                         arrival time                          -8.247    
  -------------------------------------------------------------------
                         slack                                  6.636    

Slack (MET) :             6.753ns  (required time - arrival time)
  Source:                 clkdiv/count_reg[7]/C
                            (rising edge-triggered cell FDRE clocked by sys_clk_pin  {rise@0.000ns fall@4.000ns period=10.000ns})
  Destination:            clkdiv/count_reg[4]/R
                            (rising edge-triggered cell FDRE clocked by sys_clk_pin  {rise@0.000ns fall@4.000ns period=10.000ns})
  Path Group:             sys_clk_pin
  Path Type:              Setup (Max at Slow Process Corner)
  Requirement:            10.000ns  (sys_clk_pin rise@10.000ns - sys_clk_pin rise@0.000ns)
  Data Path Delay:        2.783ns  (logic 0.704ns (25.300%)  route 2.079ns (74.700%))
  Logic Levels:           2  (LUT6=2)
  Clock Path Skew:        0.000ns (DCD - SCD + CPR)
    Destination Clock Delay (DCD):    4.920ns = ( 14.920 - 10.000 ) 
    Source Clock Delay      (SCD):    5.372ns
    Clock Pessimism Removal (CPR):    0.453ns
  Clock Uncertainty:      0.035ns  ((TSJ^2 + TIJ^2)^1/2 + DJ) / 2 + PE
    Total System Jitter     (TSJ):    0.071ns
    Total Input Jitter      (TIJ):    0.000ns
    Discrete Jitter          (DJ):    0.000ns
    Phase Error              (PE):    0.000ns

    Location             Delay type                Incr(ns)  Path(ns)    Netlist Resource(s)
  -------------------------------------------------------------------    -------------------
                         (clock sys_clk_pin rise edge)
                                                      0.000     0.000 r  
    H16                                               0.000     0.000 r  clk (IN)
                         net (fo=0)                   0.000     0.000    clk
    H16                  IBUF (Prop_ibuf_I_O)         1.457     1.457 r  clk_IBUF_inst/O
                         net (fo=1, routed)           2.076     3.533    clk_IBUF
    BUFGCTRL_X0Y16       BUFG (Prop_bufg_I_O)         0.101     3.634 r  clk_IBUF_BUFG_inst/O
                         net (fo=17, routed)          1.738     5.372    clkdiv/clk
    SLICE_X36Y54         FDRE                                         r  clkdiv/count_reg[7]/C
  -------------------------------------------------------------------    -------------------
    SLICE_X36Y54         FDRE (Prop_fdre_C_Q)         0.456     5.828 f  clkdiv/count_reg[7]/Q
                         net (fo=2, routed)           1.273     7.101    clkdiv/count_reg[7]
    SLICE_X37Y54         LUT6 (Prop_lut6_I1_O)        0.124     7.225 r  clkdiv/count[0]_i_4/O
                         net (fo=2, routed)           0.163     7.388    clkdiv/count[0]_i_4_n_0
    SLICE_X37Y54         LUT6 (Prop_lut6_I5_O)        0.124     7.512 r  clkdiv/count[0]_i_1/O
                         net (fo=16, routed)          0.643     8.155    clkdiv/clear
    SLICE_X36Y54         FDRE                                         r  clkdiv/count_reg[4]/R
  -------------------------------------------------------------------    -------------------

                         (clock sys_clk_pin rise edge)
                                                     10.000    10.000 r  
    H16                                               0.000    10.000 r  clk (IN)
                         net (fo=0)                   0.000    10.000    clk
    H16                  IBUF (Prop_ibuf_I_O)         1.387    11.387 r  clk_IBUF_inst/O
                         net (fo=1, routed)           1.880    13.267    clk_IBUF
    BUFGCTRL_X0Y16       BUFG (Prop_bufg_I_O)         0.091    13.358 r  clk_IBUF_BUFG_inst/O
                         net (fo=17, routed)          1.562    14.920    clkdiv/clk
    SLICE_X36Y54         FDRE                                         r  clkdiv/count_reg[4]/C
                         clock pessimism              0.453    15.372    
                         clock uncertainty           -0.035    15.337    
    SLICE_X36Y54         FDRE (Setup_fdre_C_R)       -0.429    14.908    clkdiv/count_reg[4]
  -------------------------------------------------------------------
                         required time                         14.908    
                         arrival time                          -8.155    
  -------------------------------------------------------------------
                         slack                                  6.753    

Slack (MET) :             6.753ns  (required time - arrival time)
  Source:                 clkdiv/count_reg[7]/C
                            (rising edge-triggered cell FDRE clocked by sys_clk_pin  {rise@0.000ns fall@4.000ns period=10.000ns})
  Destination:            clkdiv/count_reg[5]/R
                            (rising edge-triggered cell FDRE clocked by sys_clk_pin  {rise@0.000ns fall@4.000ns period=10.000ns})
  Path Group:             sys_clk_pin
  Path Type:              Setup (Max at Slow Process Corner)
  Requirement:            10.000ns  (sys_clk_pin rise@10.000ns - sys_clk_pin rise@0.000ns)
  Data Path Delay:        2.783ns  (logic 0.704ns (25.300%)  route 2.079ns (74.700%))
  Logic Levels:           2  (LUT6=2)
  Clock Path Skew:        0.000ns (DCD - SCD + CPR)
    Destination Clock Delay (DCD):    4.920ns = ( 14.920 - 10.000 ) 
    Source Clock Delay      (SCD):    5.372ns
    Clock Pessimism Removal (CPR):    0.453ns
  Clock Uncertainty:      0.035ns  ((TSJ^2 + TIJ^2)^1/2 + DJ) / 2 + PE
    Total System Jitter     (TSJ):    0.071ns
    Total Input Jitter      (TIJ):    0.000ns
    Discrete Jitter          (DJ):    0.000ns
    Phase Error              (PE):    0.000ns

    Location             Delay type                Incr(ns)  Path(ns)    Netlist Resource(s)
  -------------------------------------------------------------------    -------------------
                         (clock sys_clk_pin rise edge)
                                                      0.000     0.000 r  
    H16                                               0.000     0.000 r  clk (IN)
                         net (fo=0)                   0.000     0.000    clk
    H16                  IBUF (Prop_ibuf_I_O)         1.457     1.457 r  clk_IBUF_inst/O
                         net (fo=1, routed)           2.076     3.533    clk_IBUF
    BUFGCTRL_X0Y16       BUFG (Prop_bufg_I_O)         0.101     3.634 r  clk_IBUF_BUFG_inst/O
                         net (fo=17, routed)          1.738     5.372    clkdiv/clk
    SLICE_X36Y54         FDRE                                         r  clkdiv/count_reg[7]/C
  -------------------------------------------------------------------    -------------------
    SLICE_X36Y54         FDRE (Prop_fdre_C_Q)         0.456     5.828 f  clkdiv/count_reg[7]/Q
                         net (fo=2, routed)           1.273     7.101    clkdiv/count_reg[7]
    SLICE_X37Y54         LUT6 (Prop_lut6_I1_O)        0.124     7.225 r  clkdiv/count[0]_i_4/O
                         net (fo=2, routed)           0.163     7.388    clkdiv/count[0]_i_4_n_0
    SLICE_X37Y54         LUT6 (Prop_lut6_I5_O)        0.124     7.512 r  clkdiv/count[0]_i_1/O
                         net (fo=16, routed)          0.643     8.155    clkdiv/clear
    SLICE_X36Y54         FDRE                                         r  clkdiv/count_reg[5]/R
  -------------------------------------------------------------------    -------------------

                         (clock sys_clk_pin rise edge)
                                                     10.000    10.000 r  
    H16                                               0.000    10.000 r  clk (IN)
                         net (fo=0)                   0.000    10.000    clk
    H16                  IBUF (Prop_ibuf_I_O)         1.387    11.387 r  clk_IBUF_inst/O
                         net (fo=1, routed)           1.880    13.267    clk_IBUF
    BUFGCTRL_X0Y16       BUFG (Prop_bufg_I_O)         0.091    13.358 r  clk_IBUF_BUFG_inst/O
                         net (fo=17, routed)          1.562    14.920    clkdiv/clk
    SLICE_X36Y54         FDRE                                         r  clkdiv/count_reg[5]/C
                         clock pessimism              0.453    15.372    
                         clock uncertainty           -0.035    15.337    
    SLICE_X36Y54         FDRE (Setup_fdre_C_R)       -0.429    14.908    clkdiv/count_reg[5]
  -------------------------------------------------------------------
                         required time                         14.908    
                         arrival time                          -8.155    
  -------------------------------------------------------------------
                         slack                                  6.753    

Slack (MET) :             6.753ns  (required time - arrival time)
  Source:                 clkdiv/count_reg[7]/C
                            (rising edge-triggered cell FDRE clocked by sys_clk_pin  {rise@0.000ns fall@4.000ns period=10.000ns})
  Destination:            clkdiv/count_reg[6]/R
                            (rising edge-triggered cell FDRE clocked by sys_clk_pin  {rise@0.000ns fall@4.000ns period=10.000ns})
  Path Group:             sys_clk_pin
  Path Type:              Setup (Max at Slow Process Corner)
  Requirement:            10.000ns  (sys_clk_pin rise@10.000ns - sys_clk_pin rise@0.000ns)
  Data Path Delay:        2.783ns  (logic 0.704ns (25.300%)  route 2.079ns (74.700%))
  Logic Levels:           2  (LUT6=2)
  Clock Path Skew:        0.000ns (DCD - SCD + CPR)
    Destination Clock Delay (DCD):    4.920ns = ( 14.920 - 10.000 ) 
    Source Clock Delay      (SCD):    5.372ns
    Clock Pessimism Removal (CPR):    0.453ns
  Clock Uncertainty:      0.035ns  ((TSJ^2 + TIJ^2)^1/2 + DJ) / 2 + PE
    Total System Jitter     (TSJ):    0.071ns
    Total Input Jitter      (TIJ):    0.000ns
    Discrete Jitter          (DJ):    0.000ns
    Phase Error              (PE):    0.000ns

    Location             Delay type                Incr(ns)  Path(ns)    Netlist Resource(s)
  -------------------------------------------------------------------    -------------------
                         (clock sys_clk_pin rise edge)
                                                      0.000     0.000 r  
    H16                                               0.000     0.000 r  clk (IN)
                         net (fo=0)                   0.000     0.000    clk
    H16                  IBUF (Prop_ibuf_I_O)         1.457     1.457 r  clk_IBUF_inst/O
                         net (fo=1, routed)           2.076     3.533    clk_IBUF
    BUFGCTRL_X0Y16       BUFG (Prop_bufg_I_O)         0.101     3.634 r  clk_IBUF_BUFG_inst/O
                         net (fo=17, routed)          1.738     5.372    clkdiv/clk
    SLICE_X36Y54         FDRE                                         r  clkdiv/count_reg[7]/C
  -------------------------------------------------------------------    -------------------
    SLICE_X36Y54         FDRE (Prop_fdre_C_Q)         0.456     5.828 f  clkdiv/count_reg[7]/Q
                         net (fo=2, routed)           1.273     7.101    clkdiv/count_reg[7]
    SLICE_X37Y54         LUT6 (Prop_lut6_I1_O)        0.124     7.225 r  clkdiv/count[0]_i_4/O
                         net (fo=2, routed)           0.163     7.388    clkdiv/count[0]_i_4_n_0
    SLICE_X37Y54         LUT6 (Prop_lut6_I5_O)        0.124     7.512 r  clkdiv/count[0]_i_1/O
                         net (fo=16, routed)          0.643     8.155    clkdiv/clear
    SLICE_X36Y54         FDRE                                         r  clkdiv/count_reg[6]/R
  -------------------------------------------------------------------    -------------------

                         (clock sys_clk_pin rise edge)
                                                     10.000    10.000 r  
    H16                                               0.000    10.000 r  clk (IN)
                         net (fo=0)                   0.000    10.000    clk
    H16                  IBUF (Prop_ibuf_I_O)         1.387    11.387 r  clk_IBUF_inst/O
                         net (fo=1, routed)           1.880    13.267    clk_IBUF
    BUFGCTRL_X0Y16       BUFG (Prop_bufg_I_O)         0.091    13.358 r  clk_IBUF_BUFG_inst/O
                         net (fo=17, routed)          1.562    14.920    clkdiv/clk
    SLICE_X36Y54         FDRE                                         r  clkdiv/count_reg[6]/C
                         clock pessimism              0.453    15.372    
                         clock uncertainty           -0.035    15.337    
    SLICE_X36Y54         FDRE (Setup_fdre_C_R)       -0.429    14.908    clkdiv/count_reg[6]
  -------------------------------------------------------------------
                         required time                         14.908    
                         arrival time                          -8.155    
  -------------------------------------------------------------------
                         slack                                  6.753    

Slack (MET) :             6.753ns  (required time - arrival time)
  Source:                 clkdiv/count_reg[7]/C
                            (rising edge-triggered cell FDRE clocked by sys_clk_pin  {rise@0.000ns fall@4.000ns period=10.000ns})
  Destination:            clkdiv/count_reg[7]/R
                            (rising edge-triggered cell FDRE clocked by sys_clk_pin  {rise@0.000ns fall@4.000ns period=10.000ns})
  Path Group:             sys_clk_pin
  Path Type:              Setup (Max at Slow Process Corner)
  Requirement:            10.000ns  (sys_clk_pin rise@10.000ns - sys_clk_pin rise@0.000ns)
  Data Path Delay:        2.783ns  (logic 0.704ns (25.300%)  route 2.079ns (74.700%))
  Logic Levels:           2  (LUT6=2)
  Clock Path Skew:        0.000ns (DCD - SCD + CPR)
    Destination Clock Delay (DCD):    4.920ns = ( 14.920 - 10.000 ) 
    Source Clock Delay      (SCD):    5.372ns
    Clock Pessimism Removal (CPR):    0.453ns
  Clock Uncertainty:      0.035ns  ((TSJ^2 + TIJ^2)^1/2 + DJ) / 2 + PE
    Total System Jitter     (TSJ):    0.071ns
    Total Input Jitter      (TIJ):    0.000ns
    Discrete Jitter          (DJ):    0.000ns
    Phase Error              (PE):    0.000ns

    Location             Delay type                Incr(ns)  Path(ns)    Netlist Resource(s)
  -------------------------------------------------------------------    -------------------
                         (clock sys_clk_pin rise edge)
                                                      0.000     0.000 r  
    H16                                               0.000     0.000 r  clk (IN)
                         net (fo=0)                   0.000     0.000    clk
    H16                  IBUF (Prop_ibuf_I_O)         1.457     1.457 r  clk_IBUF_inst/O
                         net (fo=1, routed)           2.076     3.533    clk_IBUF
    BUFGCTRL_X0Y16       BUFG (Prop_bufg_I_O)         0.101     3.634 r  clk_IBUF_BUFG_inst/O
                         net (fo=17, routed)          1.738     5.372    clkdiv/clk
    SLICE_X36Y54         FDRE                                         r  clkdiv/count_reg[7]/C
  -------------------------------------------------------------------    -------------------
    SLICE_X36Y54         FDRE (Prop_fdre_C_Q)         0.456     5.828 f  clkdiv/count_reg[7]/Q
                         net (fo=2, routed)           1.273     7.101    clkdiv/count_reg[7]
    SLICE_X37Y54         LUT6 (Prop_lut6_I1_O)        0.124     7.225 r  clkdiv/count[0]_i_4/O
                         net (fo=2, routed)           0.163     7.388    clkdiv/count[0]_i_4_n_0
    SLICE_X37Y54         LUT6 (Prop_lut6_I5_O)        0.124     7.512 r  clkdiv/count[0]_i_1/O
                         net (fo=16, routed)          0.643     8.155    clkdiv/clear
    SLICE_X36Y54         FDRE                                         r  clkdiv/count_reg[7]/R
  -------------------------------------------------------------------    -------------------

                         (clock sys_clk_pin rise edge)
                                                     10.000    10.000 r  
    H16                                               0.000    10.000 r  clk (IN)
                         net (fo=0)                   0.000    10.000    clk
    H16                  IBUF (Prop_ibuf_I_O)         1.387    11.387 r  clk_IBUF_inst/O
                         net (fo=1, routed)           1.880    13.267    clk_IBUF
    BUFGCTRL_X0Y16       BUFG (Prop_bufg_I_O)         0.091    13.358 r  clk_IBUF_BUFG_inst/O
                         net (fo=17, routed)          1.562    14.920    clkdiv/clk
    SLICE_X36Y54         FDRE                                         r  clkdiv/count_reg[7]/C
                         clock pessimism              0.453    15.372    
                         clock uncertainty           -0.035    15.337    
    SLICE_X36Y54         FDRE (Setup_fdre_C_R)       -0.429    14.908    clkdiv/count_reg[7]
  -------------------------------------------------------------------
                         required time                         14.908    
                         arrival time                          -8.155    
  -------------------------------------------------------------------
                         slack                                  6.753    

Slack (MET) :             6.879ns  (required time - arrival time)
  Source:                 clkdiv/count_reg[7]/C
                            (rising edge-triggered cell FDRE clocked by sys_clk_pin  {rise@0.000ns fall@4.000ns period=10.000ns})
  Destination:            clkdiv/count_reg[10]/R
                            (rising edge-triggered cell FDRE clocked by sys_clk_pin  {rise@0.000ns fall@4.000ns period=10.000ns})
  Path Group:             sys_clk_pin
  Path Type:              Setup (Max at Slow Process Corner)
  Requirement:            10.000ns  (sys_clk_pin rise@10.000ns - sys_clk_pin rise@0.000ns)
  Data Path Delay:        2.632ns  (logic 0.704ns (26.753%)  route 1.928ns (73.247%))
  Logic Levels:           2  (LUT6=2)
  Clock Path Skew:        -0.025ns (DCD - SCD + CPR)
    Destination Clock Delay (DCD):    4.920ns = ( 14.920 - 10.000 ) 
    Source Clock Delay      (SCD):    5.372ns
    Clock Pessimism Removal (CPR):    0.428ns
  Clock Uncertainty:      0.035ns  ((TSJ^2 + TIJ^2)^1/2 + DJ) / 2 + PE
    Total System Jitter     (TSJ):    0.071ns
    Total Input Jitter      (TIJ):    0.000ns
    Discrete Jitter          (DJ):    0.000ns
    Phase Error              (PE):    0.000ns

    Location             Delay type                Incr(ns)  Path(ns)    Netlist Resource(s)
  -------------------------------------------------------------------    -------------------
                         (clock sys_clk_pin rise edge)
                                                      0.000     0.000 r  
    H16                                               0.000     0.000 r  clk (IN)
                         net (fo=0)                   0.000     0.000    clk
    H16                  IBUF (Prop_ibuf_I_O)         1.457     1.457 r  clk_IBUF_inst/O
                         net (fo=1, routed)           2.076     3.533    clk_IBUF
    BUFGCTRL_X0Y16       BUFG (Prop_bufg_I_O)         0.101     3.634 r  clk_IBUF_BUFG_inst/O
                         net (fo=17, routed)          1.738     5.372    clkdiv/clk
    SLICE_X36Y54         FDRE                                         r  clkdiv/count_reg[7]/C
  -------------------------------------------------------------------    -------------------
    SLICE_X36Y54         FDRE (Prop_fdre_C_Q)         0.456     5.828 f  clkdiv/count_reg[7]/Q
                         net (fo=2, routed)           1.273     7.101    clkdiv/count_reg[7]
    SLICE_X37Y54         LUT6 (Prop_lut6_I1_O)        0.124     7.225 r  clkdiv/count[0]_i_4/O
                         net (fo=2, routed)           0.163     7.388    clkdiv/count[0]_i_4_n_0
    SLICE_X37Y54         LUT6 (Prop_lut6_I5_O)        0.124     7.512 r  clkdiv/count[0]_i_1/O
                         net (fo=16, routed)          0.492     8.004    clkdiv/clear
    SLICE_X36Y55         FDRE                                         r  clkdiv/count_reg[10]/R
  -------------------------------------------------------------------    -------------------

                         (clock sys_clk_pin rise edge)
                                                     10.000    10.000 r  
    H16                                               0.000    10.000 r  clk (IN)
                         net (fo=0)                   0.000    10.000    clk
    H16                  IBUF (Prop_ibuf_I_O)         1.387    11.387 r  clk_IBUF_inst/O
                         net (fo=1, routed)           1.880    13.267    clk_IBUF
    BUFGCTRL_X0Y16       BUFG (Prop_bufg_I_O)         0.091    13.358 r  clk_IBUF_BUFG_inst/O
                         net (fo=17, routed)          1.562    14.920    clkdiv/clk
    SLICE_X36Y55         FDRE                                         r  clkdiv/count_reg[10]/C
                         clock pessimism              0.428    15.347    
                         clock uncertainty           -0.035    15.312    
    SLICE_X36Y55         FDRE (Setup_fdre_C_R)       -0.429    14.883    clkdiv/count_reg[10]
  -------------------------------------------------------------------
                         required time                         14.883    
                         arrival time                          -8.004    
  -------------------------------------------------------------------
                         slack                                  6.879    

Slack (MET) :             6.879ns  (required time - arrival time)
  Source:                 clkdiv/count_reg[7]/C
                            (rising edge-triggered cell FDRE clocked by sys_clk_pin  {rise@0.000ns fall@4.000ns period=10.000ns})
  Destination:            clkdiv/count_reg[11]/R
                            (rising edge-triggered cell FDRE clocked by sys_clk_pin  {rise@0.000ns fall@4.000ns period=10.000ns})
  Path Group:             sys_clk_pin
  Path Type:              Setup (Max at Slow Process Corner)
  Requirement:            10.000ns  (sys_clk_pin rise@10.000ns - sys_clk_pin rise@0.000ns)
  Data Path Delay:        2.632ns  (logic 0.704ns (26.753%)  route 1.928ns (73.247%))
  Logic Levels:           2  (LUT6=2)
  Clock Path Skew:        -0.025ns (DCD - SCD + CPR)
    Destination Clock Delay (DCD):    4.920ns = ( 14.920 - 10.000 ) 
    Source Clock Delay      (SCD):    5.372ns
    Clock Pessimism Removal (CPR):    0.428ns
  Clock Uncertainty:      0.035ns  ((TSJ^2 + TIJ^2)^1/2 + DJ) / 2 + PE
    Total System Jitter     (TSJ):    0.071ns
    Total Input Jitter      (TIJ):    0.000ns
    Discrete Jitter          (DJ):    0.000ns
    Phase Error              (PE):    0.000ns

    Location             Delay type                Incr(ns)  Path(ns)    Netlist Resource(s)
  -------------------------------------------------------------------    -------------------
                         (clock sys_clk_pin rise edge)
                                                      0.000     0.000 r  
    H16                                               0.000     0.000 r  clk (IN)
                         net (fo=0)                   0.000     0.000    clk
    H16                  IBUF (Prop_ibuf_I_O)         1.457     1.457 r  clk_IBUF_inst/O
                         net (fo=1, routed)           2.076     3.533    clk_IBUF
    BUFGCTRL_X0Y16       BUFG (Prop_bufg_I_O)         0.101     3.634 r  clk_IBUF_BUFG_inst/O
                         net (fo=17, routed)          1.738     5.372    clkdiv/clk
    SLICE_X36Y54         FDRE                                         r  clkdiv/count_reg[7]/C
  -------------------------------------------------------------------    -------------------
    SLICE_X36Y54         FDRE (Prop_fdre_C_Q)         0.456     5.828 f  clkdiv/count_reg[7]/Q
                         net (fo=2, routed)           1.273     7.101    clkdiv/count_reg[7]
    SLICE_X37Y54         LUT6 (Prop_lut6_I1_O)        0.124     7.225 r  clkdiv/count[0]_i_4/O
                         net (fo=2, routed)           0.163     7.388    clkdiv/count[0]_i_4_n_0
    SLICE_X37Y54         LUT6 (Prop_lut6_I5_O)        0.124     7.512 r  clkdiv/count[0]_i_1/O
                         net (fo=16, routed)          0.492     8.004    clkdiv/clear
    SLICE_X36Y55         FDRE                                         r  clkdiv/count_reg[11]/R
  -------------------------------------------------------------------    -------------------

                         (clock sys_clk_pin rise edge)
                                                     10.000    10.000 r  
    H16                                               0.000    10.000 r  clk (IN)
                         net (fo=0)                   0.000    10.000    clk
    H16                  IBUF (Prop_ibuf_I_O)         1.387    11.387 r  clk_IBUF_inst/O
                         net (fo=1, routed)           1.880    13.267    clk_IBUF
    BUFGCTRL_X0Y16       BUFG (Prop_bufg_I_O)         0.091    13.358 r  clk_IBUF_BUFG_inst/O
                         net (fo=17, routed)          1.562    14.920    clkdiv/clk
    SLICE_X36Y55         FDRE                                         r  clkdiv/count_reg[11]/C
                         clock pessimism              0.428    15.347    
                         clock uncertainty           -0.035    15.312    
    SLICE_X36Y55         FDRE (Setup_fdre_C_R)       -0.429    14.883    clkdiv/count_reg[11]
  -------------------------------------------------------------------
                         required time                         14.883    
                         arrival time                          -8.004    
  -------------------------------------------------------------------
                         slack                                  6.879    





Min Delay Paths
--------------------------------------------------------------------------------------
Slack (MET) :             0.251ns  (arrival time - required time)
  Source:                 clkdiv/count_reg[5]/C
                            (rising edge-triggered cell FDRE clocked by sys_clk_pin  {rise@0.000ns fall@4.000ns period=10.000ns})
  Destination:            clkdiv/clk_div_reg/D
                            (rising edge-triggered cell FDRE clocked by sys_clk_pin  {rise@0.000ns fall@4.000ns period=10.000ns})
  Path Group:             sys_clk_pin
  Path Type:              Hold (Min at Fast Process Corner)
  Requirement:            0.000ns  (sys_clk_pin rise@0.000ns - sys_clk_pin rise@0.000ns)
  Data Path Delay:        0.355ns  (logic 0.231ns (64.992%)  route 0.124ns (35.008%))
  Logic Levels:           2  (LUT4=1 LUT6=1)
  Clock Path Skew:        0.013ns (DCD - SCD - CPR)
    Destination Clock Delay (DCD):    1.981ns
    Source Clock Delay      (SCD):    1.464ns
    Clock Pessimism Removal (CPR):    0.504ns

    Location             Delay type                Incr(ns)  Path(ns)    Netlist Resource(s)
  -------------------------------------------------------------------    -------------------
                         (clock sys_clk_pin rise edge)
                                                      0.000     0.000 r  
    H16                                               0.000     0.000 r  clk (IN)
                         net (fo=0)                   0.000     0.000    clk
    H16                  IBUF (Prop_ibuf_I_O)         0.225     0.225 r  clk_IBUF_inst/O
                         net (fo=1, routed)           0.627     0.852    clk_IBUF
    BUFGCTRL_X0Y16       BUFG (Prop_bufg_I_O)         0.026     0.878 r  clk_IBUF_BUFG_inst/O
                         net (fo=17, routed)          0.586     1.464    clkdiv/clk
    SLICE_X36Y54         FDRE                                         r  clkdiv/count_reg[5]/C
  -------------------------------------------------------------------    -------------------
    SLICE_X36Y54         FDRE (Prop_fdre_C_Q)         0.141     1.605 f  clkdiv/count_reg[5]/Q
                         net (fo=2, routed)           0.062     1.667    clkdiv/count_reg[5]
    SLICE_X37Y54         LUT6 (Prop_lut6_I3_O)        0.045     1.712 r  clkdiv/count[0]_i_4/O
                         net (fo=2, routed)           0.063     1.775    clkdiv/count[0]_i_4_n_0
    SLICE_X37Y54         LUT4 (Prop_lut4_I0_O)        0.045     1.820 r  clkdiv/clk_div_i_1/O
                         net (fo=1, routed)           0.000     1.820    clkdiv/clk_div_i_1_n_0
    SLICE_X37Y54         FDRE                                         r  clkdiv/clk_div_reg/D
  -------------------------------------------------------------------    -------------------

                         (clock sys_clk_pin rise edge)
                                                      0.000     0.000 r  
    H16                                               0.000     0.000 r  clk (IN)
                         net (fo=0)                   0.000     0.000    clk
    H16                  IBUF (Prop_ibuf_I_O)         0.413     0.413 r  clk_IBUF_inst/O
                         net (fo=1, routed)           0.683     1.096    clk_IBUF
    BUFGCTRL_X0Y16       BUFG (Prop_bufg_I_O)         0.029     1.125 r  clk_IBUF_BUFG_inst/O
                         net (fo=17, routed)          0.856     1.981    clkdiv/clk
    SLICE_X37Y54         FDRE                                         r  clkdiv/clk_div_reg/C
                         clock pessimism             -0.504     1.477    
    SLICE_X37Y54         FDRE (Hold_fdre_C_D)         0.091     1.568    clkdiv/clk_div_reg
  -------------------------------------------------------------------
                         required time                         -1.568    
                         arrival time                           1.820    
  -------------------------------------------------------------------
                         slack                                  0.251    

Slack (MET) :             0.280ns  (arrival time - required time)
  Source:                 clkdiv/count_reg[14]/C
                            (rising edge-triggered cell FDRE clocked by sys_clk_pin  {rise@0.000ns fall@4.000ns period=10.000ns})
  Destination:            clkdiv/count_reg[14]/D
                            (rising edge-triggered cell FDRE clocked by sys_clk_pin  {rise@0.000ns fall@4.000ns period=10.000ns})
  Path Group:             sys_clk_pin
  Path Type:              Hold (Min at Fast Process Corner)
  Requirement:            0.000ns  (sys_clk_pin rise@0.000ns - sys_clk_pin rise@0.000ns)
  Data Path Delay:        0.385ns  (logic 0.252ns (65.529%)  route 0.133ns (34.471%))
  Logic Levels:           1  (CARRY4=1)
  Clock Path Skew:        0.000ns (DCD - SCD - CPR)
    Destination Clock Delay (DCD):    1.981ns
    Source Clock Delay      (SCD):    1.464ns
    Clock Pessimism Removal (CPR):    0.517ns

    Location             Delay type                Incr(ns)  Path(ns)    Netlist Resource(s)
  -------------------------------------------------------------------    -------------------
                         (clock sys_clk_pin rise edge)
                                                      0.000     0.000 r  
    H16                                               0.000     0.000 r  clk (IN)
                         net (fo=0)                   0.000     0.000    clk
    H16                  IBUF (Prop_ibuf_I_O)         0.225     0.225 r  clk_IBUF_inst/O
                         net (fo=1, routed)           0.627     0.852    clk_IBUF
    BUFGCTRL_X0Y16       BUFG (Prop_bufg_I_O)         0.026     0.878 r  clk_IBUF_BUFG_inst/O
                         net (fo=17, routed)          0.586     1.464    clkdiv/clk
    SLICE_X36Y56         FDRE                                         r  clkdiv/count_reg[14]/C
  -------------------------------------------------------------------    -------------------
    SLICE_X36Y56         FDRE (Prop_fdre_C_Q)         0.141     1.605 r  clkdiv/count_reg[14]/Q
                         net (fo=2, routed)           0.133     1.738    clkdiv/count_reg[14]
    SLICE_X36Y56         CARRY4 (Prop_carry4_S[2]_O[2])
                                                      0.111     1.849 r  clkdiv/count_reg[12]_i_1/O[2]
                         net (fo=1, routed)           0.000     1.849    clkdiv/count_reg[12]_i_1_n_5
    SLICE_X36Y56         FDRE                                         r  clkdiv/count_reg[14]/D
  -------------------------------------------------------------------    -------------------

                         (clock sys_clk_pin rise edge)
                                                      0.000     0.000 r  
    H16                                               0.000     0.000 r  clk (IN)
                         net (fo=0)                   0.000     0.000    clk
    H16                  IBUF (Prop_ibuf_I_O)         0.413     0.413 r  clk_IBUF_inst/O
                         net (fo=1, routed)           0.683     1.096    clk_IBUF
    BUFGCTRL_X0Y16       BUFG (Prop_bufg_I_O)         0.029     1.125 r  clk_IBUF_BUFG_inst/O
                         net (fo=17, routed)          0.856     1.981    clkdiv/clk
    SLICE_X36Y56         FDRE                                         r  clkdiv/count_reg[14]/C
                         clock pessimism             -0.517     1.464    
    SLICE_X36Y56         FDRE (Hold_fdre_C_D)         0.105     1.569    clkdiv/count_reg[14]
  -------------------------------------------------------------------
                         required time                         -1.569    
                         arrival time                           1.849    
  -------------------------------------------------------------------
                         slack                                  0.280    

Slack (MET) :             0.280ns  (arrival time - required time)
  Source:                 clkdiv/count_reg[6]/C
                            (rising edge-triggered cell FDRE clocked by sys_clk_pin  {rise@0.000ns fall@4.000ns period=10.000ns})
  Destination:            clkdiv/count_reg[6]/D
                            (rising edge-triggered cell FDRE clocked by sys_clk_pin  {rise@0.000ns fall@4.000ns period=10.000ns})
  Path Group:             sys_clk_pin
  Path Type:              Hold (Min at Fast Process Corner)
  Requirement:            0.000ns  (sys_clk_pin rise@0.000ns - sys_clk_pin rise@0.000ns)
  Data Path Delay:        0.385ns  (logic 0.252ns (65.529%)  route 0.133ns (34.471%))
  Logic Levels:           1  (CARRY4=1)
  Clock Path Skew:        0.000ns (DCD - SCD - CPR)
    Destination Clock Delay (DCD):    1.981ns
    Source Clock Delay      (SCD):    1.464ns
    Clock Pessimism Removal (CPR):    0.517ns

    Location             Delay type                Incr(ns)  Path(ns)    Netlist Resource(s)
  -------------------------------------------------------------------    -------------------
                         (clock sys_clk_pin rise edge)
                                                      0.000     0.000 r  
    H16                                               0.000     0.000 r  clk (IN)
                         net (fo=0)                   0.000     0.000    clk
    H16                  IBUF (Prop_ibuf_I_O)         0.225     0.225 r  clk_IBUF_inst/O
                         net (fo=1, routed)           0.627     0.852    clk_IBUF
    BUFGCTRL_X0Y16       BUFG (Prop_bufg_I_O)         0.026     0.878 r  clk_IBUF_BUFG_inst/O
                         net (fo=17, routed)          0.586     1.464    clkdiv/clk
    SLICE_X36Y54         FDRE                                         r  clkdiv/count_reg[6]/C
  -------------------------------------------------------------------    -------------------
    SLICE_X36Y54         FDRE (Prop_fdre_C_Q)         0.141     1.605 r  clkdiv/count_reg[6]/Q
                         net (fo=2, routed)           0.133     1.738    clkdiv/count_reg[6]
    SLICE_X36Y54         CARRY4 (Prop_carry4_S[2]_O[2])
                                                      0.111     1.849 r  clkdiv/count_reg[4]_i_1/O[2]
                         net (fo=1, routed)           0.000     1.849    clkdiv/count_reg[4]_i_1_n_5
    SLICE_X36Y54         FDRE                                         r  clkdiv/count_reg[6]/D
  -------------------------------------------------------------------    -------------------

                         (clock sys_clk_pin rise edge)
                                                      0.000     0.000 r  
    H16                                               0.000     0.000 r  clk (IN)
                         net (fo=0)                   0.000     0.000    clk
    H16                  IBUF (Prop_ibuf_I_O)         0.413     0.413 r  clk_IBUF_inst/O
                         net (fo=1, routed)           0.683     1.096    clk_IBUF
    BUFGCTRL_X0Y16       BUFG (Prop_bufg_I_O)         0.029     1.125 r  clk_IBUF_BUFG_inst/O
                         net (fo=17, routed)          0.856     1.981    clkdiv/clk
    SLICE_X36Y54         FDRE                                         r  clkdiv/count_reg[6]/C
                         clock pessimism             -0.517     1.464    
    SLICE_X36Y54         FDRE (Hold_fdre_C_D)         0.105     1.569    clkdiv/count_reg[6]
  -------------------------------------------------------------------
                         required time                         -1.569    
                         arrival time                           1.849    
  -------------------------------------------------------------------
                         slack                                  0.280    

Slack (MET) :             0.281ns  (arrival time - required time)
  Source:                 clkdiv/count_reg[10]/C
                            (rising edge-triggered cell FDRE clocked by sys_clk_pin  {rise@0.000ns fall@4.000ns period=10.000ns})
  Destination:            clkdiv/count_reg[10]/D
                            (rising edge-triggered cell FDRE clocked by sys_clk_pin  {rise@0.000ns fall@4.000ns period=10.000ns})
  Path Group:             sys_clk_pin
  Path Type:              Hold (Min at Fast Process Corner)
  Requirement:            0.000ns  (sys_clk_pin rise@0.000ns - sys_clk_pin rise@0.000ns)
  Data Path Delay:        0.386ns  (logic 0.252ns (65.354%)  route 0.134ns (34.646%))
  Logic Levels:           1  (CARRY4=1)
  Clock Path Skew:        0.000ns (DCD - SCD - CPR)
    Destination Clock Delay (DCD):    1.981ns
    Source Clock Delay      (SCD):    1.464ns
    Clock Pessimism Removal (CPR):    0.517ns

    Location             Delay type                Incr(ns)  Path(ns)    Netlist Resource(s)
  -------------------------------------------------------------------    -------------------
                         (clock sys_clk_pin rise edge)
                                                      0.000     0.000 r  
    H16                                               0.000     0.000 r  clk (IN)
                         net (fo=0)                   0.000     0.000    clk
    H16                  IBUF (Prop_ibuf_I_O)         0.225     0.225 r  clk_IBUF_inst/O
                         net (fo=1, routed)           0.627     0.852    clk_IBUF
    BUFGCTRL_X0Y16       BUFG (Prop_bufg_I_O)         0.026     0.878 r  clk_IBUF_BUFG_inst/O
                         net (fo=17, routed)          0.586     1.464    clkdiv/clk
    SLICE_X36Y55         FDRE                                         r  clkdiv/count_reg[10]/C
  -------------------------------------------------------------------    -------------------
    SLICE_X36Y55         FDRE (Prop_fdre_C_Q)         0.141     1.605 r  clkdiv/count_reg[10]/Q
                         net (fo=2, routed)           0.134     1.739    clkdiv/count_reg[10]
    SLICE_X36Y55         CARRY4 (Prop_carry4_S[2]_O[2])
                                                      0.111     1.850 r  clkdiv/count_reg[8]_i_1/O[2]
                         net (fo=1, routed)           0.000     1.850    clkdiv/count_reg[8]_i_1_n_5
    SLICE_X36Y55         FDRE                                         r  clkdiv/count_reg[10]/D
  -------------------------------------------------------------------    -------------------

                         (clock sys_clk_pin rise edge)
                                                      0.000     0.000 r  
    H16                                               0.000     0.000 r  clk (IN)
                         net (fo=0)                   0.000     0.000    clk
    H16                  IBUF (Prop_ibuf_I_O)         0.413     0.413 r  clk_IBUF_inst/O
                         net (fo=1, routed)           0.683     1.096    clk_IBUF
    BUFGCTRL_X0Y16       BUFG (Prop_bufg_I_O)         0.029     1.125 r  clk_IBUF_BUFG_inst/O
                         net (fo=17, routed)          0.856     1.981    clkdiv/clk
    SLICE_X36Y55         FDRE                                         r  clkdiv/count_reg[10]/C
                         clock pessimism             -0.517     1.464    
    SLICE_X36Y55         FDRE (Hold_fdre_C_D)         0.105     1.569    clkdiv/count_reg[10]
  -------------------------------------------------------------------
                         required time                         -1.569    
                         arrival time                           1.850    
  -------------------------------------------------------------------
                         slack                                  0.281    

Slack (MET) :             0.281ns  (arrival time - required time)
  Source:                 clkdiv/count_reg[2]/C
                            (rising edge-triggered cell FDRE clocked by sys_clk_pin  {rise@0.000ns fall@4.000ns period=10.000ns})
  Destination:            clkdiv/count_reg[2]/D
                            (rising edge-triggered cell FDRE clocked by sys_clk_pin  {rise@0.000ns fall@4.000ns period=10.000ns})
  Path Group:             sys_clk_pin
  Path Type:              Hold (Min at Fast Process Corner)
  Requirement:            0.000ns  (sys_clk_pin rise@0.000ns - sys_clk_pin rise@0.000ns)
  Data Path Delay:        0.386ns  (logic 0.252ns (65.354%)  route 0.134ns (34.646%))
  Logic Levels:           1  (CARRY4=1)
  Clock Path Skew:        0.000ns (DCD - SCD - CPR)
    Destination Clock Delay (DCD):    1.981ns
    Source Clock Delay      (SCD):    1.464ns
    Clock Pessimism Removal (CPR):    0.517ns

    Location             Delay type                Incr(ns)  Path(ns)    Netlist Resource(s)
  -------------------------------------------------------------------    -------------------
                         (clock sys_clk_pin rise edge)
                                                      0.000     0.000 r  
    H16                                               0.000     0.000 r  clk (IN)
                         net (fo=0)                   0.000     0.000    clk
    H16                  IBUF (Prop_ibuf_I_O)         0.225     0.225 r  clk_IBUF_inst/O
                         net (fo=1, routed)           0.627     0.852    clk_IBUF
    BUFGCTRL_X0Y16       BUFG (Prop_bufg_I_O)         0.026     0.878 r  clk_IBUF_BUFG_inst/O
                         net (fo=17, routed)          0.586     1.464    clkdiv/clk
    SLICE_X36Y53         FDRE                                         r  clkdiv/count_reg[2]/C
  -------------------------------------------------------------------    -------------------
    SLICE_X36Y53         FDRE (Prop_fdre_C_Q)         0.141     1.605 r  clkdiv/count_reg[2]/Q
                         net (fo=3, routed)           0.134     1.739    clkdiv/count_reg[2]
    SLICE_X36Y53         CARRY4 (Prop_carry4_S[2]_O[2])
                                                      0.111     1.850 r  clkdiv/count_reg[0]_i_2/O[2]
                         net (fo=1, routed)           0.000     1.850    clkdiv/count_reg[0]_i_2_n_5
    SLICE_X36Y53         FDRE                                         r  clkdiv/count_reg[2]/D
  -------------------------------------------------------------------    -------------------

                         (clock sys_clk_pin rise edge)
                                                      0.000     0.000 r  
    H16                                               0.000     0.000 r  clk (IN)
                         net (fo=0)                   0.000     0.000    clk
    H16                  IBUF (Prop_ibuf_I_O)         0.413     0.413 r  clk_IBUF_inst/O
                         net (fo=1, routed)           0.683     1.096    clk_IBUF
    BUFGCTRL_X0Y16       BUFG (Prop_bufg_I_O)         0.029     1.125 r  clk_IBUF_BUFG_inst/O
                         net (fo=17, routed)          0.856     1.981    clkdiv/clk
    SLICE_X36Y53         FDRE                                         r  clkdiv/count_reg[2]/C
                         clock pessimism             -0.517     1.464    
    SLICE_X36Y53         FDRE (Hold_fdre_C_D)         0.105     1.569    clkdiv/count_reg[2]
  -------------------------------------------------------------------
                         required time                         -1.569    
                         arrival time                           1.850    
  -------------------------------------------------------------------
                         slack                                  0.281    

Slack (MET) :             0.313ns  (arrival time - required time)
  Source:                 clkdiv/count_reg[14]/C
                            (rising edge-triggered cell FDRE clocked by sys_clk_pin  {rise@0.000ns fall@4.000ns period=10.000ns})
  Destination:            clkdiv/count_reg[15]/D
                            (rising edge-triggered cell FDRE clocked by sys_clk_pin  {rise@0.000ns fall@4.000ns period=10.000ns})
  Path Group:             sys_clk_pin
  Path Type:              Hold (Min at Fast Process Corner)
  Requirement:            0.000ns  (sys_clk_pin rise@0.000ns - sys_clk_pin rise@0.000ns)
  Data Path Delay:        0.418ns  (logic 0.285ns (68.253%)  route 0.133ns (31.747%))
  Logic Levels:           1  (CARRY4=1)
  Clock Path Skew:        0.000ns (DCD - SCD - CPR)
    Destination Clock Delay (DCD):    1.981ns
    Source Clock Delay      (SCD):    1.464ns
    Clock Pessimism Removal (CPR):    0.517ns

    Location             Delay type                Incr(ns)  Path(ns)    Netlist Resource(s)
  -------------------------------------------------------------------    -------------------
                         (clock sys_clk_pin rise edge)
                                                      0.000     0.000 r  
    H16                                               0.000     0.000 r  clk (IN)
                         net (fo=0)                   0.000     0.000    clk
    H16                  IBUF (Prop_ibuf_I_O)         0.225     0.225 r  clk_IBUF_inst/O
                         net (fo=1, routed)           0.627     0.852    clk_IBUF
    BUFGCTRL_X0Y16       BUFG (Prop_bufg_I_O)         0.026     0.878 r  clk_IBUF_BUFG_inst/O
                         net (fo=17, routed)          0.586     1.464    clkdiv/clk
    SLICE_X36Y56         FDRE                                         r  clkdiv/count_reg[14]/C
  -------------------------------------------------------------------    -------------------
    SLICE_X36Y56         FDRE (Prop_fdre_C_Q)         0.141     1.605 r  clkdiv/count_reg[14]/Q
                         net (fo=2, routed)           0.133     1.738    clkdiv/count_reg[14]
    SLICE_X36Y56         CARRY4 (Prop_carry4_S[2]_O[3])
                                                      0.144     1.882 r  clkdiv/count_reg[12]_i_1/O[3]
                         net (fo=1, routed)           0.000     1.882    clkdiv/count_reg[12]_i_1_n_4
    SLICE_X36Y56         FDRE                                         r  clkdiv/count_reg[15]/D
  -------------------------------------------------------------------    -------------------

                         (clock sys_clk_pin rise edge)
                                                      0.000     0.000 r  
    H16                                               0.000     0.000 r  clk (IN)
                         net (fo=0)                   0.000     0.000    clk
    H16                  IBUF (Prop_ibuf_I_O)         0.413     0.413 r  clk_IBUF_inst/O
                         net (fo=1, routed)           0.683     1.096    clk_IBUF
    BUFGCTRL_X0Y16       BUFG (Prop_bufg_I_O)         0.029     1.125 r  clk_IBUF_BUFG_inst/O
                         net (fo=17, routed)          0.856     1.981    clkdiv/clk
    SLICE_X36Y56         FDRE                                         r  clkdiv/count_reg[15]/C
                         clock pessimism             -0.517     1.464    
    SLICE_X36Y56         FDRE (Hold_fdre_C_D)         0.105     1.569    clkdiv/count_reg[15]
  -------------------------------------------------------------------
                         required time                         -1.569    
                         arrival time                           1.882    
  -------------------------------------------------------------------
                         slack                                  0.313    

Slack (MET) :             0.313ns  (arrival time - required time)
  Source:                 clkdiv/count_reg[6]/C
                            (rising edge-triggered cell FDRE clocked by sys_clk_pin  {rise@0.000ns fall@4.000ns period=10.000ns})
  Destination:            clkdiv/count_reg[7]/D
                            (rising edge-triggered cell FDRE clocked by sys_clk_pin  {rise@0.000ns fall@4.000ns period=10.000ns})
  Path Group:             sys_clk_pin
  Path Type:              Hold (Min at Fast Process Corner)
  Requirement:            0.000ns  (sys_clk_pin rise@0.000ns - sys_clk_pin rise@0.000ns)
  Data Path Delay:        0.418ns  (logic 0.285ns (68.253%)  route 0.133ns (31.747%))
  Logic Levels:           1  (CARRY4=1)
  Clock Path Skew:        0.000ns (DCD - SCD - CPR)
    Destination Clock Delay (DCD):    1.981ns
    Source Clock Delay      (SCD):    1.464ns
    Clock Pessimism Removal (CPR):    0.517ns

    Location             Delay type                Incr(ns)  Path(ns)    Netlist Resource(s)
  -------------------------------------------------------------------    -------------------
                         (clock sys_clk_pin rise edge)
                                                      0.000     0.000 r  
    H16                                               0.000     0.000 r  clk (IN)
                         net (fo=0)                   0.000     0.000    clk
    H16                  IBUF (Prop_ibuf_I_O)         0.225     0.225 r  clk_IBUF_inst/O
                         net (fo=1, routed)           0.627     0.852    clk_IBUF
    BUFGCTRL_X0Y16       BUFG (Prop_bufg_I_O)         0.026     0.878 r  clk_IBUF_BUFG_inst/O
                         net (fo=17, routed)          0.586     1.464    clkdiv/clk
    SLICE_X36Y54         FDRE                                         r  clkdiv/count_reg[6]/C
  -------------------------------------------------------------------    -------------------
    SLICE_X36Y54         FDRE (Prop_fdre_C_Q)         0.141     1.605 r  clkdiv/count_reg[6]/Q
                         net (fo=2, routed)           0.133     1.738    clkdiv/count_reg[6]
    SLICE_X36Y54         CARRY4 (Prop_carry4_S[2]_O[3])
                                                      0.144     1.882 r  clkdiv/count_reg[4]_i_1/O[3]
                         net (fo=1, routed)           0.000     1.882    clkdiv/count_reg[4]_i_1_n_4
    SLICE_X36Y54         FDRE                                         r  clkdiv/count_reg[7]/D
  -------------------------------------------------------------------    -------------------

                         (clock sys_clk_pin rise edge)
                                                      0.000     0.000 r  
    H16                                               0.000     0.000 r  clk (IN)
                         net (fo=0)                   0.000     0.000    clk
    H16                  IBUF (Prop_ibuf_I_O)         0.413     0.413 r  clk_IBUF_inst/O
                         net (fo=1, routed)           0.683     1.096    clk_IBUF
    BUFGCTRL_X0Y16       BUFG (Prop_bufg_I_O)         0.029     1.125 r  clk_IBUF_BUFG_inst/O
                         net (fo=17, routed)          0.856     1.981    clkdiv/clk
    SLICE_X36Y54         FDRE                                         r  clkdiv/count_reg[7]/C
                         clock pessimism             -0.517     1.464    
    SLICE_X36Y54         FDRE (Hold_fdre_C_D)         0.105     1.569    clkdiv/count_reg[7]
  -------------------------------------------------------------------
                         required time                         -1.569    
                         arrival time                           1.882    
  -------------------------------------------------------------------
                         slack                                  0.313    

Slack (MET) :             0.314ns  (arrival time - required time)
  Source:                 clkdiv/count_reg[10]/C
                            (rising edge-triggered cell FDRE clocked by sys_clk_pin  {rise@0.000ns fall@4.000ns period=10.000ns})
  Destination:            clkdiv/count_reg[11]/D
                            (rising edge-triggered cell FDRE clocked by sys_clk_pin  {rise@0.000ns fall@4.000ns period=10.000ns})
  Path Group:             sys_clk_pin
  Path Type:              Hold (Min at Fast Process Corner)
  Requirement:            0.000ns  (sys_clk_pin rise@0.000ns - sys_clk_pin rise@0.000ns)
  Data Path Delay:        0.419ns  (logic 0.285ns (68.085%)  route 0.134ns (31.915%))
  Logic Levels:           1  (CARRY4=1)
  Clock Path Skew:        0.000ns (DCD - SCD - CPR)
    Destination Clock Delay (DCD):    1.981ns
    Source Clock Delay      (SCD):    1.464ns
    Clock Pessimism Removal (CPR):    0.517ns

    Location             Delay type                Incr(ns)  Path(ns)    Netlist Resource(s)
  -------------------------------------------------------------------    -------------------
                         (clock sys_clk_pin rise edge)
                                                      0.000     0.000 r  
    H16                                               0.000     0.000 r  clk (IN)
                         net (fo=0)                   0.000     0.000    clk
    H16                  IBUF (Prop_ibuf_I_O)         0.225     0.225 r  clk_IBUF_inst/O
                         net (fo=1, routed)           0.627     0.852    clk_IBUF
    BUFGCTRL_X0Y16       BUFG (Prop_bufg_I_O)         0.026     0.878 r  clk_IBUF_BUFG_inst/O
                         net (fo=17, routed)          0.586     1.464    clkdiv/clk
    SLICE_X36Y55         FDRE                                         r  clkdiv/count_reg[10]/C
  -------------------------------------------------------------------    -------------------
    SLICE_X36Y55         FDRE (Prop_fdre_C_Q)         0.141     1.605 r  clkdiv/count_reg[10]/Q
                         net (fo=2, routed)           0.134     1.739    clkdiv/count_reg[10]
    SLICE_X36Y55         CARRY4 (Prop_carry4_S[2]_O[3])
                                                      0.144     1.883 r  clkdiv/count_reg[8]_i_1/O[3]
                         net (fo=1, routed)           0.000     1.883    clkdiv/count_reg[8]_i_1_n_4
    SLICE_X36Y55         FDRE                                         r  clkdiv/count_reg[11]/D
  -------------------------------------------------------------------    -------------------

                         (clock sys_clk_pin rise edge)
                                                      0.000     0.000 r  
    H16                                               0.000     0.000 r  clk (IN)
                         net (fo=0)                   0.000     0.000    clk
    H16                  IBUF (Prop_ibuf_I_O)         0.413     0.413 r  clk_IBUF_inst/O
                         net (fo=1, routed)           0.683     1.096    clk_IBUF
    BUFGCTRL_X0Y16       BUFG (Prop_bufg_I_O)         0.029     1.125 r  clk_IBUF_BUFG_inst/O
                         net (fo=17, routed)          0.856     1.981    clkdiv/clk
    SLICE_X36Y55         FDRE                                         r  clkdiv/count_reg[11]/C
                         clock pessimism             -0.517     1.464    
    SLICE_X36Y55         FDRE (Hold_fdre_C_D)         0.105     1.569    clkdiv/count_reg[11]
  -------------------------------------------------------------------
                         required time                         -1.569    
                         arrival time                           1.883    
  -------------------------------------------------------------------
                         slack                                  0.314    

Slack (MET) :             0.314ns  (arrival time - required time)
  Source:                 clkdiv/count_reg[2]/C
                            (rising edge-triggered cell FDRE clocked by sys_clk_pin  {rise@0.000ns fall@4.000ns period=10.000ns})
  Destination:            clkdiv/count_reg[3]/D
                            (rising edge-triggered cell FDRE clocked by sys_clk_pin  {rise@0.000ns fall@4.000ns period=10.000ns})
  Path Group:             sys_clk_pin
  Path Type:              Hold (Min at Fast Process Corner)
  Requirement:            0.000ns  (sys_clk_pin rise@0.000ns - sys_clk_pin rise@0.000ns)
  Data Path Delay:        0.419ns  (logic 0.285ns (68.085%)  route 0.134ns (31.915%))
  Logic Levels:           1  (CARRY4=1)
  Clock Path Skew:        0.000ns (DCD - SCD - CPR)
    Destination Clock Delay (DCD):    1.981ns
    Source Clock Delay      (SCD):    1.464ns
    Clock Pessimism Removal (CPR):    0.517ns

    Location             Delay type                Incr(ns)  Path(ns)    Netlist Resource(s)
  -------------------------------------------------------------------    -------------------
                         (clock sys_clk_pin rise edge)
                                                      0.000     0.000 r  
    H16                                               0.000     0.000 r  clk (IN)
                         net (fo=0)                   0.000     0.000    clk
    H16                  IBUF (Prop_ibuf_I_O)         0.225     0.225 r  clk_IBUF_inst/O
                         net (fo=1, routed)           0.627     0.852    clk_IBUF
    BUFGCTRL_X0Y16       BUFG (Prop_bufg_I_O)         0.026     0.878 r  clk_IBUF_BUFG_inst/O
                         net (fo=17, routed)          0.586     1.464    clkdiv/clk
    SLICE_X36Y53         FDRE                                         r  clkdiv/count_reg[2]/C
  -------------------------------------------------------------------    -------------------
    SLICE_X36Y53         FDRE (Prop_fdre_C_Q)         0.141     1.605 r  clkdiv/count_reg[2]/Q
                         net (fo=3, routed)           0.134     1.739    clkdiv/count_reg[2]
    SLICE_X36Y53         CARRY4 (Prop_carry4_S[2]_O[3])
                                                      0.144     1.883 r  clkdiv/count_reg[0]_i_2/O[3]
                         net (fo=1, routed)           0.000     1.883    clkdiv/count_reg[0]_i_2_n_4
    SLICE_X36Y53         FDRE                                         r  clkdiv/count_reg[3]/D
  -------------------------------------------------------------------    -------------------

                         (clock sys_clk_pin rise edge)
                                                      0.000     0.000 r  
    H16                                               0.000     0.000 r  clk (IN)
                         net (fo=0)                   0.000     0.000    clk
    H16                  IBUF (Prop_ibuf_I_O)         0.413     0.413 r  clk_IBUF_inst/O
                         net (fo=1, routed)           0.683     1.096    clk_IBUF
    BUFGCTRL_X0Y16       BUFG (Prop_bufg_I_O)         0.029     1.125 r  clk_IBUF_BUFG_inst/O
                         net (fo=17, routed)          0.856     1.981    clkdiv/clk
    SLICE_X36Y53         FDRE                                         r  clkdiv/count_reg[3]/C
                         clock pessimism             -0.517     1.464    
    SLICE_X36Y53         FDRE (Hold_fdre_C_D)         0.105     1.569    clkdiv/count_reg[3]
  -------------------------------------------------------------------
                         required time                         -1.569    
                         arrival time                           1.883    
  -------------------------------------------------------------------
                         slack                                  0.314    

Slack (MET) :             0.330ns  (arrival time - required time)
  Source:                 clkdiv/count_reg[1]/C
                            (rising edge-triggered cell FDRE clocked by sys_clk_pin  {rise@0.000ns fall@4.000ns period=10.000ns})
  Destination:            clkdiv/count_reg[1]/D
                            (rising edge-triggered cell FDRE clocked by sys_clk_pin  {rise@0.000ns fall@4.000ns period=10.000ns})
  Path Group:             sys_clk_pin
  Path Type:              Hold (Min at Fast Process Corner)
  Requirement:            0.000ns  (sys_clk_pin rise@0.000ns - sys_clk_pin rise@0.000ns)
  Data Path Delay:        0.435ns  (logic 0.251ns (57.758%)  route 0.184ns (42.242%))
  Logic Levels:           1  (CARRY4=1)
  Clock Path Skew:        0.000ns (DCD - SCD - CPR)
    Destination Clock Delay (DCD):    1.981ns
    Source Clock Delay      (SCD):    1.464ns
    Clock Pessimism Removal (CPR):    0.517ns

    Location             Delay type                Incr(ns)  Path(ns)    Netlist Resource(s)
  -------------------------------------------------------------------    -------------------
                         (clock sys_clk_pin rise edge)
                                                      0.000     0.000 r  
    H16                                               0.000     0.000 r  clk (IN)
                         net (fo=0)                   0.000     0.000    clk
    H16                  IBUF (Prop_ibuf_I_O)         0.225     0.225 r  clk_IBUF_inst/O
                         net (fo=1, routed)           0.627     0.852    clk_IBUF
    BUFGCTRL_X0Y16       BUFG (Prop_bufg_I_O)         0.026     0.878 r  clk_IBUF_BUFG_inst/O
                         net (fo=17, routed)          0.586     1.464    clkdiv/clk
    SLICE_X36Y53         FDRE                                         r  clkdiv/count_reg[1]/C
  -------------------------------------------------------------------    -------------------
    SLICE_X36Y53         FDRE (Prop_fdre_C_Q)         0.141     1.605 r  clkdiv/count_reg[1]/Q
                         net (fo=3, routed)           0.184     1.789    clkdiv/count_reg[1]
    SLICE_X36Y53         CARRY4 (Prop_carry4_S[1]_O[1])
                                                      0.110     1.899 r  clkdiv/count_reg[0]_i_2/O[1]
                         net (fo=1, routed)           0.000     1.899    clkdiv/count_reg[0]_i_2_n_6
    SLICE_X36Y53         FDRE                                         r  clkdiv/count_reg[1]/D
  -------------------------------------------------------------------    -------------------

                         (clock sys_clk_pin rise edge)
                                                      0.000     0.000 r  
    H16                                               0.000     0.000 r  clk (IN)
                         net (fo=0)                   0.000     0.000    clk
    H16                  IBUF (Prop_ibuf_I_O)         0.413     0.413 r  clk_IBUF_inst/O
                         net (fo=1, routed)           0.683     1.096    clk_IBUF
    BUFGCTRL_X0Y16       BUFG (Prop_bufg_I_O)         0.029     1.125 r  clk_IBUF_BUFG_inst/O
                         net (fo=17, routed)          0.856     1.981    clkdiv/clk
    SLICE_X36Y53         FDRE                                         r  clkdiv/count_reg[1]/C
                         clock pessimism             -0.517     1.464    
    SLICE_X36Y53         FDRE (Hold_fdre_C_D)         0.105     1.569    clkdiv/count_reg[1]
  -------------------------------------------------------------------
                         required time                         -1.569    
                         arrival time                           1.899    
  -------------------------------------------------------------------
                         slack                                  0.330    





Pulse Width Checks
--------------------------------------------------------------------------------------
Clock Name:         sys_clk_pin
Waveform(ns):       { 0.000 4.000 }
Period(ns):         10.000
Sources:            { clk }

Check Type        Corner  Lib Pin  Reference Pin  Required(ns)  Actual(ns)  Slack(ns)  Location        Pin
Min Period        n/a     BUFG/I   n/a            2.155         10.000      7.845      BUFGCTRL_X0Y16  clk_IBUF_BUFG_inst/I
Min Period        n/a     FDRE/C   n/a            1.000         10.000      9.000      SLICE_X37Y54    clkdiv/clk_div_reg/C
Min Period        n/a     FDRE/C   n/a            1.000         10.000      9.000      SLICE_X36Y53    clkdiv/count_reg[0]/C
Min Period        n/a     FDRE/C   n/a            1.000         10.000      9.000      SLICE_X36Y55    clkdiv/count_reg[10]/C
Min Period        n/a     FDRE/C   n/a            1.000         10.000      9.000      SLICE_X36Y55    clkdiv/count_reg[11]/C
Min Period        n/a     FDRE/C   n/a            1.000         10.000      9.000      SLICE_X36Y56    clkdiv/count_reg[12]/C
Min Period        n/a     FDRE/C   n/a            1.000         10.000      9.000      SLICE_X36Y56    clkdiv/count_reg[13]/C
Min Period        n/a     FDRE/C   n/a            1.000         10.000      9.000      SLICE_X36Y56    clkdiv/count_reg[14]/C
Min Period        n/a     FDRE/C   n/a            1.000         10.000      9.000      SLICE_X36Y56    clkdiv/count_reg[15]/C
Min Period        n/a     FDRE/C   n/a            1.000         10.000      9.000      SLICE_X36Y53    clkdiv/count_reg[1]/C
Low Pulse Width   Slow    FDRE/C   n/a            0.500         6.000       5.500      SLICE_X37Y54    clkdiv/clk_div_reg/C
Low Pulse Width   Fast    FDRE/C   n/a            0.500         6.000       5.500      SLICE_X37Y54    clkdiv/clk_div_reg/C
Low Pulse Width   Slow    FDRE/C   n/a            0.500         6.000       5.500      SLICE_X36Y53    clkdiv/count_reg[0]/C
Low Pulse Width   Fast    FDRE/C   n/a            0.500         6.000       5.500      SLICE_X36Y53    clkdiv/count_reg[0]/C
Low Pulse Width   Slow    FDRE/C   n/a            0.500         6.000       5.500      SLICE_X36Y55    clkdiv/count_reg[10]/C
Low Pulse Width   Fast    FDRE/C   n/a            0.500         6.000       5.500      SLICE_X36Y55    clkdiv/count_reg[10]/C
Low Pulse Width   Slow    FDRE/C   n/a            0.500         6.000       5.500      SLICE_X36Y55    clkdiv/count_reg[11]/C
Low Pulse Width   Fast    FDRE/C   n/a            0.500         6.000       5.500      SLICE_X36Y55    clkdiv/count_reg[11]/C
Low Pulse Width   Slow    FDRE/C   n/a            0.500         6.000       5.500      SLICE_X36Y56    clkdiv/count_reg[12]/C
Low Pulse Width   Fast    FDRE/C   n/a            0.500         6.000       5.500      SLICE_X36Y56    clkdiv/count_reg[12]/C
High Pulse Width  Slow    FDRE/C   n/a            0.500         4.000       3.500      SLICE_X37Y54    clkdiv/clk_div_reg/C
High Pulse Width  Fast    FDRE/C   n/a            0.500         4.000       3.500      SLICE_X37Y54    clkdiv/clk_div_reg/C
High Pulse Width  Slow    FDRE/C   n/a            0.500         4.000       3.500      SLICE_X36Y53    clkdiv/count_reg[0]/C
High Pulse Width  Fast    FDRE/C   n/a            0.500         4.000       3.500      SLICE_X36Y53    clkdiv/count_reg[0]/C
High Pulse Width  Slow    FDRE/C   n/a            0.500         4.000       3.500      SLICE_X36Y55    clkdiv/count_reg[10]/C
High Pulse Width  Fast    FDRE/C   n/a            0.500         4.000       3.500      SLICE_X36Y55    clkdiv/count_reg[10]/C
High Pulse Width  Slow    FDRE/C   n/a            0.500         4.000       3.500      SLICE_X36Y55    clkdiv/count_reg[11]/C
High Pulse Width  Fast    FDRE/C   n/a            0.500         4.000       3.500      SLICE_X36Y55    clkdiv/count_reg[11]/C
High Pulse Width  Slow    FDRE/C   n/a            0.500         4.000       3.500      SLICE_X36Y56    clkdiv/count_reg[12]/C
High Pulse Width  Fast    FDRE/C   n/a            0.500         4.000       3.500      SLICE_X36Y56    clkdiv/count_reg[12]/C



