
*** Running vivado
    with args -log multiplierTop.vds -m64 -product Vivado -mode batch -messageDb vivado.pb -notrace -source multiplierTop.tcl



****** Vivado v2021.1 (64-bit)
  **** SW Build 3247384 on Thu Jun 10 19:36:33 MDT 2021
  **** IP Build 3246043 on Fri Jun 11 00:30:35 MDT 2021
    ** Copyright 1986-2021 Xilinx, Inc. All Rights Reserved.

source multiplierTop.tcl -notrace
Command: synth_design -top multiplierTop -part xc7z007sclg400-1
Starting synth_design
Attempting to get a license for feature 'Synthesis' and/or device 'xc7z007s'
INFO: [Common 17-349] Got license for feature 'Synthesis' and/or device 'xc7z007s'
INFO: [Device 21-403] Loading part xc7z007sclg400-1
INFO: [Synth 8-7079] Multithreading enabled for synth_design using a maximum of 2 processes.
INFO: [Synth 8-7078] Launching helper process for spawning children vivado processes
INFO: [Synth 8-7075] Helper process launched with PID 14800
---------------------------------------------------------------------------------
Starting RTL Elaboration : Time (s): cpu = 00:00:05 ; elapsed = 00:00:06 . Memory (MB): peak = 1284.520 ; gain = 0.000
---------------------------------------------------------------------------------
INFO: [Synth 8-6157] synthesizing module 'multiplierTop' [C:/Users/chand/Desktop/EE214/PROJECTS/juego_project9/project_9.3/project_9.3.srcs/sources_1/new/multiplierTop.v:7]
INFO: [Synth 8-6157] synthesizing module 'register' [C:/Users/chand/Desktop/EE214/PROJECTS/juego_project9/project_9.3/project_9.3.srcs/sources_1/new/register.v:6]
INFO: [Synth 8-6155] done synthesizing module 'register' (1#1) [C:/Users/chand/Desktop/EE214/PROJECTS/juego_project9/project_9.3/project_9.3.srcs/sources_1/new/register.v:6]
INFO: [Synth 8-6157] synthesizing module 'multiplier' [C:/Users/chand/Desktop/EE214/PROJECTS/juego_project9/project_9.3/project_9.3.srcs/sources_1/new/multiplier.v:7]
INFO: [Synth 8-6155] done synthesizing module 'multiplier' (2#1) [C:/Users/chand/Desktop/EE214/PROJECTS/juego_project9/project_9.3/project_9.3.srcs/sources_1/new/multiplier.v:7]
WARNING: [Synth 8-689] width (16) of port connection 'product' does not match port width (17) of module 'multiplier' [C:/Users/chand/Desktop/EE214/PROJECTS/juego_project9/project_9.3/project_9.3.srcs/sources_1/new/multiplierTop.v:25]
INFO: [Synth 8-6157] synthesizing module 'register_16' [C:/Users/chand/Desktop/EE214/PROJECTS/juego_project9/project_9.3/project_9.3.srcs/sources_1/new/register_16.v:7]
INFO: [Synth 8-6155] done synthesizing module 'register_16' (3#1) [C:/Users/chand/Desktop/EE214/PROJECTS/juego_project9/project_9.3/project_9.3.srcs/sources_1/new/register_16.v:7]
INFO: [Synth 8-6157] synthesizing module 'cmparator' [C:/Users/chand/Desktop/EE214/PROJECTS/juego_project9/project_9.3/project_9.3.srcs/sources_1/new/cmparator.v:8]
INFO: [Synth 8-6155] done synthesizing module 'cmparator' (4#1) [C:/Users/chand/Desktop/EE214/PROJECTS/juego_project9/project_9.3/project_9.3.srcs/sources_1/new/cmparator.v:8]
INFO: [Synth 8-6157] synthesizing module 'bin2bcd' [C:/Users/chand/Desktop/EE214/PROJECTS/juego_project9/project_9.3/project_9.3.srcs/sources_1/new/bin2bcd.v:7]
INFO: [Synth 8-6155] done synthesizing module 'bin2bcd' (5#1) [C:/Users/chand/Desktop/EE214/PROJECTS/juego_project9/project_9.3/project_9.3.srcs/sources_1/new/bin2bcd.v:7]
WARNING: [Synth 8-689] width (16) of port connection 'bin' does not match port width (14) of module 'bin2bcd' [C:/Users/chand/Desktop/EE214/PROJECTS/juego_project9/project_9.3/project_9.3.srcs/sources_1/new/multiplierTop.v:31]
INFO: [Synth 8-6157] synthesizing module 'clkdiv' [C:/Users/chand/Desktop/EE214/PROJECTS/juego_project9/project_9.3/project_9.3.srcs/sources_1/new/clkdiv.v:7]
INFO: [Synth 8-6155] done synthesizing module 'clkdiv' (6#1) [C:/Users/chand/Desktop/EE214/PROJECTS/juego_project9/project_9.3/project_9.3.srcs/sources_1/new/clkdiv.v:7]
INFO: [Synth 8-6157] synthesizing module 'counter' [C:/Users/chand/Desktop/EE214/PROJECTS/juego_project9/project_9.3/project_9.3.srcs/sources_1/new/counter.v:7]
INFO: [Synth 8-6155] done synthesizing module 'counter' (7#1) [C:/Users/chand/Desktop/EE214/PROJECTS/juego_project9/project_9.3/project_9.3.srcs/sources_1/new/counter.v:7]
INFO: [Synth 8-6157] synthesizing module 'mux' [C:/Users/chand/Desktop/EE214/PROJECTS/juego_project9/project_9.3/project_9.3.srcs/sources_1/new/mux.v:7]
INFO: [Synth 8-6155] done synthesizing module 'mux' (8#1) [C:/Users/chand/Desktop/EE214/PROJECTS/juego_project9/project_9.3/project_9.3.srcs/sources_1/new/mux.v:7]
INFO: [Synth 8-6157] synthesizing module 'anod_decoder' [C:/Users/chand/Desktop/EE214/PROJECTS/juego_project9/project_9.3/project_9.3.srcs/sources_1/new/anod_decoder.v:7]
INFO: [Synth 8-6155] done synthesizing module 'anod_decoder' (9#1) [C:/Users/chand/Desktop/EE214/PROJECTS/juego_project9/project_9.3/project_9.3.srcs/sources_1/new/anod_decoder.v:7]
INFO: [Synth 8-6157] synthesizing module 'segdecoder' [C:/Users/chand/Desktop/EE214/PROJECTS/juego_project9/project_9.3/project_9.3.srcs/sources_1/new/segdecoder.v:7]
INFO: [Synth 8-6155] done synthesizing module 'segdecoder' (10#1) [C:/Users/chand/Desktop/EE214/PROJECTS/juego_project9/project_9.3/project_9.3.srcs/sources_1/new/segdecoder.v:7]
INFO: [Synth 8-6155] done synthesizing module 'multiplierTop' (11#1) [C:/Users/chand/Desktop/EE214/PROJECTS/juego_project9/project_9.3/project_9.3.srcs/sources_1/new/multiplierTop.v:7]
---------------------------------------------------------------------------------
Finished RTL Elaboration : Time (s): cpu = 00:00:07 ; elapsed = 00:00:07 . Memory (MB): peak = 1284.520 ; gain = 0.000
---------------------------------------------------------------------------------
---------------------------------------------------------------------------------
Start Handling Custom Attributes
---------------------------------------------------------------------------------
---------------------------------------------------------------------------------
Finished Handling Custom Attributes : Time (s): cpu = 00:00:07 ; elapsed = 00:00:08 . Memory (MB): peak = 1284.520 ; gain = 0.000
---------------------------------------------------------------------------------
---------------------------------------------------------------------------------
Finished RTL Optimization Phase 1 : Time (s): cpu = 00:00:07 ; elapsed = 00:00:08 . Memory (MB): peak = 1284.520 ; gain = 0.000
---------------------------------------------------------------------------------
Netlist sorting complete. Time (s): cpu = 00:00:00 ; elapsed = 00:00:00.006 . Memory (MB): peak = 1284.520 ; gain = 0.000
INFO: [Project 1-570] Preparing netlist for logic optimization

Processing XDC Constraints
Initializing timing engine
Parsing XDC File [C:/Users/chand/Desktop/EE214/PROJECTS/BlackboardRevD.xdc]
WARNING: [Vivado 12-584] No ports matched 'led[3]'. [C:/Users/chand/Desktop/EE214/PROJECTS/BlackboardRevD.xdc:12]
CRITICAL WARNING: [Common 17-55] 'set_property' expects at least one object. [C:/Users/chand/Desktop/EE214/PROJECTS/BlackboardRevD.xdc:12]
Resolution: If [get_<value>] was used to populate the object, check to make sure this command returns at least one valid object.
WARNING: [Vivado 12-584] No ports matched 'led[4]'. [C:/Users/chand/Desktop/EE214/PROJECTS/BlackboardRevD.xdc:13]
CRITICAL WARNING: [Common 17-55] 'set_property' expects at least one object. [C:/Users/chand/Desktop/EE214/PROJECTS/BlackboardRevD.xdc:13]
Resolution: If [get_<value>] was used to populate the object, check to make sure this command returns at least one valid object.
WARNING: [Vivado 12-584] No ports matched 'led[5]'. [C:/Users/chand/Desktop/EE214/PROJECTS/BlackboardRevD.xdc:14]
CRITICAL WARNING: [Common 17-55] 'set_property' expects at least one object. [C:/Users/chand/Desktop/EE214/PROJECTS/BlackboardRevD.xdc:14]
Resolution: If [get_<value>] was used to populate the object, check to make sure this command returns at least one valid object.
WARNING: [Vivado 12-584] No ports matched 'led[6]'. [C:/Users/chand/Desktop/EE214/PROJECTS/BlackboardRevD.xdc:15]
CRITICAL WARNING: [Common 17-55] 'set_property' expects at least one object. [C:/Users/chand/Desktop/EE214/PROJECTS/BlackboardRevD.xdc:15]
Resolution: If [get_<value>] was used to populate the object, check to make sure this command returns at least one valid object.
WARNING: [Vivado 12-584] No ports matched 'led[7]'. [C:/Users/chand/Desktop/EE214/PROJECTS/BlackboardRevD.xdc:16]
CRITICAL WARNING: [Common 17-55] 'set_property' expects at least one object. [C:/Users/chand/Desktop/EE214/PROJECTS/BlackboardRevD.xdc:16]
Resolution: If [get_<value>] was used to populate the object, check to make sure this command returns at least one valid object.
WARNING: [Vivado 12-584] No ports matched 'led[8]'. [C:/Users/chand/Desktop/EE214/PROJECTS/BlackboardRevD.xdc:17]
CRITICAL WARNING: [Common 17-55] 'set_property' expects at least one object. [C:/Users/chand/Desktop/EE214/PROJECTS/BlackboardRevD.xdc:17]
Resolution: If [get_<value>] was used to populate the object, check to make sure this command returns at least one valid object.
WARNING: [Vivado 12-584] No ports matched 'led[9]'. [C:/Users/chand/Desktop/EE214/PROJECTS/BlackboardRevD.xdc:18]
CRITICAL WARNING: [Common 17-55] 'set_property' expects at least one object. [C:/Users/chand/Desktop/EE214/PROJECTS/BlackboardRevD.xdc:18]
Resolution: If [get_<value>] was used to populate the object, check to make sure this command returns at least one valid object.
WARNING: [Vivado 12-584] No ports matched 'led[10]'. [C:/Users/chand/Desktop/EE214/PROJECTS/BlackboardRevD.xdc:21]
CRITICAL WARNING: [Common 17-55] 'set_property' expects at least one object. [C:/Users/chand/Desktop/EE214/PROJECTS/BlackboardRevD.xdc:21]
Resolution: If [get_<value>] was used to populate the object, check to make sure this command returns at least one valid object.
WARNING: [Vivado 12-584] No ports matched 'led[11]'. [C:/Users/chand/Desktop/EE214/PROJECTS/BlackboardRevD.xdc:22]
CRITICAL WARNING: [Common 17-55] 'set_property' expects at least one object. [C:/Users/chand/Desktop/EE214/PROJECTS/BlackboardRevD.xdc:22]
Resolution: If [get_<value>] was used to populate the object, check to make sure this command returns at least one valid object.
WARNING: [Vivado 12-584] No ports matched 'led[12]'. [C:/Users/chand/Desktop/EE214/PROJECTS/BlackboardRevD.xdc:23]
CRITICAL WARNING: [Common 17-55] 'set_property' expects at least one object. [C:/Users/chand/Desktop/EE214/PROJECTS/BlackboardRevD.xdc:23]
Resolution: If [get_<value>] was used to populate the object, check to make sure this command returns at least one valid object.
WARNING: [Vivado 12-584] No ports matched 'led[13]'. [C:/Users/chand/Desktop/EE214/PROJECTS/BlackboardRevD.xdc:25]
CRITICAL WARNING: [Common 17-55] 'set_property' expects at least one object. [C:/Users/chand/Desktop/EE214/PROJECTS/BlackboardRevD.xdc:25]
Resolution: If [get_<value>] was used to populate the object, check to make sure this command returns at least one valid object.
WARNING: [Vivado 12-584] No ports matched 'led[14]'. [C:/Users/chand/Desktop/EE214/PROJECTS/BlackboardRevD.xdc:26]
CRITICAL WARNING: [Common 17-55] 'set_property' expects at least one object. [C:/Users/chand/Desktop/EE214/PROJECTS/BlackboardRevD.xdc:26]
Resolution: If [get_<value>] was used to populate the object, check to make sure this command returns at least one valid object.
WARNING: [Vivado 12-584] No ports matched 'led[15]'. [C:/Users/chand/Desktop/EE214/PROJECTS/BlackboardRevD.xdc:27]
CRITICAL WARNING: [Common 17-55] 'set_property' expects at least one object. [C:/Users/chand/Desktop/EE214/PROJECTS/BlackboardRevD.xdc:27]
Resolution: If [get_<value>] was used to populate the object, check to make sure this command returns at least one valid object.
WARNING: [Vivado 12-584] No ports matched 'sw[8]'. [C:/Users/chand/Desktop/EE214/PROJECTS/BlackboardRevD.xdc:38]
CRITICAL WARNING: [Common 17-55] 'set_property' expects at least one object. [C:/Users/chand/Desktop/EE214/PROJECTS/BlackboardRevD.xdc:38]
Resolution: If [get_<value>] was used to populate the object, check to make sure this command returns at least one valid object.
WARNING: [Vivado 12-584] No ports matched 'sw[9]'. [C:/Users/chand/Desktop/EE214/PROJECTS/BlackboardRevD.xdc:39]
CRITICAL WARNING: [Common 17-55] 'set_property' expects at least one object. [C:/Users/chand/Desktop/EE214/PROJECTS/BlackboardRevD.xdc:39]
Resolution: If [get_<value>] was used to populate the object, check to make sure this command returns at least one valid object.
WARNING: [Vivado 12-584] No ports matched 'sw[10]'. [C:/Users/chand/Desktop/EE214/PROJECTS/BlackboardRevD.xdc:40]
CRITICAL WARNING: [Common 17-55] 'set_property' expects at least one object. [C:/Users/chand/Desktop/EE214/PROJECTS/BlackboardRevD.xdc:40]
Resolution: If [get_<value>] was used to populate the object, check to make sure this command returns at least one valid object.
WARNING: [Vivado 12-584] No ports matched 'sw[11]'. [C:/Users/chand/Desktop/EE214/PROJECTS/BlackboardRevD.xdc:41]
CRITICAL WARNING: [Common 17-55] 'set_property' expects at least one object. [C:/Users/chand/Desktop/EE214/PROJECTS/BlackboardRevD.xdc:41]
Resolution: If [get_<value>] was used to populate the object, check to make sure this command returns at least one valid object.
WARNING: [Vivado 12-584] No ports matched 'seg_cat[7]'. [C:/Users/chand/Desktop/EE214/PROJECTS/BlackboardRevD.xdc:63]
CRITICAL WARNING: [Common 17-55] 'set_property' expects at least one object. [C:/Users/chand/Desktop/EE214/PROJECTS/BlackboardRevD.xdc:63]
Resolution: If [get_<value>] was used to populate the object, check to make sure this command returns at least one valid object.
Finished Parsing XDC File [C:/Users/chand/Desktop/EE214/PROJECTS/BlackboardRevD.xdc]
INFO: [Project 1-236] Implementation specific constraints were found while reading constraint file [C:/Users/chand/Desktop/EE214/PROJECTS/BlackboardRevD.xdc]. These constraints will be ignored for synthesis but will be used in implementation. Impacted constraints are listed in the file [.Xil/multiplierTop_propImpl.xdc].
Resolution: To avoid this warning, move constraints listed in [.Xil/multiplierTop_propImpl.xdc] to another XDC file and exclude this new file from synthesis with the used_in_synthesis property (File Properties dialog in GUI) and re-run elaboration/synthesis.
Completed Processing XDC Constraints

Netlist sorting complete. Time (s): cpu = 00:00:00 ; elapsed = 00:00:00.001 . Memory (MB): peak = 1284.520 ; gain = 0.000
INFO: [Project 1-111] Unisim Transformation Summary:
No Unisim elements were transformed.

Constraint Validation Runtime : Time (s): cpu = 00:00:00 ; elapsed = 00:00:00.003 . Memory (MB): peak = 1284.520 ; gain = 0.000
---------------------------------------------------------------------------------
Finished Constraint Validation : Time (s): cpu = 00:00:14 ; elapsed = 00:00:15 . Memory (MB): peak = 1284.520 ; gain = 0.000
---------------------------------------------------------------------------------
---------------------------------------------------------------------------------
Start Loading Part and Timing Information
---------------------------------------------------------------------------------
Loading part: xc7z007sclg400-1
---------------------------------------------------------------------------------
Finished Loading Part and Timing Information : Time (s): cpu = 00:00:14 ; elapsed = 00:00:15 . Memory (MB): peak = 1284.520 ; gain = 0.000
---------------------------------------------------------------------------------
---------------------------------------------------------------------------------
Start Applying 'set_property' XDC Constraints
---------------------------------------------------------------------------------
---------------------------------------------------------------------------------
Finished applying 'set_property' XDC Constraints : Time (s): cpu = 00:00:14 ; elapsed = 00:00:15 . Memory (MB): peak = 1284.520 ; gain = 0.000
---------------------------------------------------------------------------------
---------------------------------------------------------------------------------
Finished RTL Optimization Phase 2 : Time (s): cpu = 00:00:15 ; elapsed = 00:00:16 . Memory (MB): peak = 1284.520 ; gain = 0.000
---------------------------------------------------------------------------------
---------------------------------------------------------------------------------
Start RTL Component Statistics 
---------------------------------------------------------------------------------
Detailed RTL Component Info : 
+---Adders : 
	   2 Input    4 Bit       Adders := 32    
	   2 Input    3 Bit       Adders := 1     
	   2 Input    2 Bit       Adders := 1     
+---Registers : 
	               16 Bit    Registers := 1     
	                8 Bit    Registers := 2     
	                2 Bit    Registers := 1     
	                1 Bit    Registers := 1     
+---Muxes : 
	   2 Input   15 Bit        Muxes := 2     
	   2 Input    4 Bit        Muxes := 24    
	   4 Input    4 Bit        Muxes := 2     
---------------------------------------------------------------------------------
Finished RTL Component Statistics 
---------------------------------------------------------------------------------
---------------------------------------------------------------------------------
Start Part Resource Summary
---------------------------------------------------------------------------------
Part Resources:
DSPs: 66 (col length:40)
BRAMs: 100 (col length: RAMB18 40 RAMB36 20)
---------------------------------------------------------------------------------
Finished Part Resource Summary
---------------------------------------------------------------------------------
---------------------------------------------------------------------------------
Start Cross Boundary and Area Optimization
---------------------------------------------------------------------------------
---------------------------------------------------------------------------------
Finished Cross Boundary and Area Optimization : Time (s): cpu = 00:00:23 ; elapsed = 00:00:24 . Memory (MB): peak = 1284.520 ; gain = 0.000
---------------------------------------------------------------------------------
---------------------------------------------------------------------------------
Start Applying XDC Timing Constraints
---------------------------------------------------------------------------------
---------------------------------------------------------------------------------
Finished Applying XDC Timing Constraints : Time (s): cpu = 00:00:30 ; elapsed = 00:00:31 . Memory (MB): peak = 1284.520 ; gain = 0.000
---------------------------------------------------------------------------------
---------------------------------------------------------------------------------
Start Timing Optimization
---------------------------------------------------------------------------------
---------------------------------------------------------------------------------
Finished Timing Optimization : Time (s): cpu = 00:00:40 ; elapsed = 00:00:42 . Memory (MB): peak = 1458.262 ; gain = 173.742
---------------------------------------------------------------------------------
---------------------------------------------------------------------------------
Start Technology Mapping
---------------------------------------------------------------------------------
---------------------------------------------------------------------------------
Finished Technology Mapping : Time (s): cpu = 00:00:41 ; elapsed = 00:00:42 . Memory (MB): peak = 1465.395 ; gain = 180.875
---------------------------------------------------------------------------------
---------------------------------------------------------------------------------
Start IO Insertion
---------------------------------------------------------------------------------
---------------------------------------------------------------------------------
Start Flattening Before IO Insertion
---------------------------------------------------------------------------------
---------------------------------------------------------------------------------
Finished Flattening Before IO Insertion
---------------------------------------------------------------------------------
---------------------------------------------------------------------------------
Start Final Netlist Cleanup
---------------------------------------------------------------------------------
---------------------------------------------------------------------------------
Finished Final Netlist Cleanup
---------------------------------------------------------------------------------
---------------------------------------------------------------------------------
Finished IO Insertion : Time (s): cpu = 00:00:45 ; elapsed = 00:00:46 . Memory (MB): peak = 1471.137 ; gain = 186.617
---------------------------------------------------------------------------------
---------------------------------------------------------------------------------
Start Renaming Generated Instances
---------------------------------------------------------------------------------
---------------------------------------------------------------------------------
Finished Renaming Generated Instances : Time (s): cpu = 00:00:45 ; elapsed = 00:00:46 . Memory (MB): peak = 1471.137 ; gain = 186.617
---------------------------------------------------------------------------------
---------------------------------------------------------------------------------
Start Rebuilding User Hierarchy
---------------------------------------------------------------------------------
---------------------------------------------------------------------------------
Finished Rebuilding User Hierarchy : Time (s): cpu = 00:00:45 ; elapsed = 00:00:46 . Memory (MB): peak = 1471.137 ; gain = 186.617
---------------------------------------------------------------------------------
---------------------------------------------------------------------------------
Start Renaming Generated Ports
---------------------------------------------------------------------------------
---------------------------------------------------------------------------------
Finished Renaming Generated Ports : Time (s): cpu = 00:00:45 ; elapsed = 00:00:46 . Memory (MB): peak = 1471.137 ; gain = 186.617
---------------------------------------------------------------------------------
---------------------------------------------------------------------------------
Start Handling Custom Attributes
---------------------------------------------------------------------------------
---------------------------------------------------------------------------------
Finished Handling Custom Attributes : Time (s): cpu = 00:00:45 ; elapsed = 00:00:46 . Memory (MB): peak = 1471.137 ; gain = 186.617
---------------------------------------------------------------------------------
---------------------------------------------------------------------------------
Start Renaming Generated Nets
---------------------------------------------------------------------------------
---------------------------------------------------------------------------------
Finished Renaming Generated Nets : Time (s): cpu = 00:00:45 ; elapsed = 00:00:46 . Memory (MB): peak = 1471.137 ; gain = 186.617
---------------------------------------------------------------------------------
---------------------------------------------------------------------------------
Start Writing Synthesis Report
---------------------------------------------------------------------------------

Report BlackBoxes: 
+-+--------------+----------+
| |BlackBox name |Instances |
+-+--------------+----------+
+-+--------------+----------+

Report Cell Usage: 
+------+-------+------+
|      |Cell   |Count |
+------+-------+------+
|1     |BUFG   |     1|
|2     |CARRY4 |    20|
|3     |LUT1   |     1|
|4     |LUT2   |    43|
|5     |LUT3   |     6|
|6     |LUT4   |    62|
|7     |LUT5   |    25|
|8     |LUT6   |    87|
|9     |FDCE   |    19|
|10    |FDRE   |    32|
|11    |IBUF   |    13|
|12    |OBUF   |    14|
+------+-------+------+
---------------------------------------------------------------------------------
Finished Writing Synthesis Report : Time (s): cpu = 00:00:45 ; elapsed = 00:00:46 . Memory (MB): peak = 1471.137 ; gain = 186.617
---------------------------------------------------------------------------------
Synthesis finished with 0 errors, 0 critical warnings and 0 warnings.
Synthesis Optimization Runtime : Time (s): cpu = 00:00:36 ; elapsed = 00:00:44 . Memory (MB): peak = 1471.137 ; gain = 186.617
Synthesis Optimization Complete : Time (s): cpu = 00:00:46 ; elapsed = 00:00:47 . Memory (MB): peak = 1471.137 ; gain = 186.617
INFO: [Project 1-571] Translating synthesized netlist
Netlist sorting complete. Time (s): cpu = 00:00:00 ; elapsed = 00:00:00.009 . Memory (MB): peak = 1483.223 ; gain = 0.000
INFO: [Netlist 29-17] Analyzing 20 Unisim elements for replacement
INFO: [Netlist 29-28] Unisim Transformation completed in 0 CPU seconds
INFO: [Project 1-570] Preparing netlist for logic optimization
INFO: [Opt 31-138] Pushed 0 inverter(s) to 0 load pin(s).
Netlist sorting complete. Time (s): cpu = 00:00:00 ; elapsed = 00:00:00 . Memory (MB): peak = 1486.902 ; gain = 0.000
INFO: [Project 1-111] Unisim Transformation Summary:
No Unisim elements were transformed.

Synth Design complete, checksum: 79ca15ac
INFO: [Common 17-83] Releasing license: Synthesis
37 Infos, 20 Warnings, 18 Critical Warnings and 0 Errors encountered.
synth_design completed successfully
synth_design: Time (s): cpu = 00:00:51 ; elapsed = 00:00:53 . Memory (MB): peak = 1486.902 ; gain = 202.383
INFO: [runtcl-6] Synthesis results are not added to the cache due to CRITICAL_WARNING
INFO: [Common 17-1381] The checkpoint 'C:/Users/chand/Desktop/EE214/PROJECTS/juego_project9/project_9.3/project_9.3.runs/synth_1/multiplierTop.dcp' has been generated.
INFO: [runtcl-4] Executing : report_utilization -file multiplierTop_utilization_synth.rpt -pb multiplierTop_utilization_synth.pb
INFO: [Common 17-206] Exiting Vivado at Tue Nov 16 16:14:18 2021...
