#-----------------------------------------------------------
# Vivado v2021.1 (64-bit)
# SW Build 3247384 on Thu Jun 10 19:36:33 MDT 2021
# IP Build 3246043 on Fri Jun 11 00:30:35 MDT 2021
# Start of session at: Thu Dec  2 10:26:10 2021
# Process ID: 12560
# Current directory: C:/Users/chand/Desktop/EE214/PROJECTS/bonuses/5_bonus
# Command line: vivado.exe -gui_launcher_event rodinguilauncherevent11800 C:\Users\chand\Desktop\EE214\PROJECTS\bonuses\5_bonus\5_bonus.xpr
# Log file: C:/Users/chand/Desktop/EE214/PROJECTS/bonuses/5_bonus/vivado.log
# Journal file: C:/Users/chand/Desktop/EE214/PROJECTS/bonuses/5_bonus\vivado.jou
#-----------------------------------------------------------
start_gui
open_project C:/Users/chand/Desktop/EE214/PROJECTS/bonuses/5_bonus/5_bonus.xpr
WARNING: [filemgmt 56-3] Default IP Output Path : Could not find the directory 'C:/Users/chand/Desktop/EE214/PROJECTS/bonuses/5_bonus/5_bonus.gen/sources_1'.
Scanning sources...
Finished scanning sources
INFO: [IP_Flow 19-234] Refreshing IP repositories
INFO: [IP_Flow 19-1704] No user IP repositories specified
INFO: [IP_Flow 19-2313] Loaded Vivado IP repository 'C:/Users/chand/Desktop/EE214/Vivado/2021.1/data/ip'.
open_project: Time (s): cpu = 00:00:29 ; elapsed = 00:00:10 . Memory (MB): peak = 1281.727 ; gain = 0.000
update_compile_order -fileset sources_1
exit
INFO: [Common 17-206] Exiting Vivado at Thu Dec  2 11:19:28 2021...
