#-----------------------------------------------------------
# Vivado v2021.1 (64-bit)
# SW Build 3247384 on Thu Jun 10 19:36:33 MDT 2021
# IP Build 3246043 on Fri Jun 11 00:30:35 MDT 2021
# Start of session at: Thu Sep 16 09:48:01 2021
# Process ID: 1904
# Current directory: C:/Users/chand/Desktop/EE214/PROJECTS/juego_project1/p1.c1_driveRGBled
# Command line: vivado.exe -gui_launcher_event rodinguilauncherevent9348 C:\Users\chand\Desktop\EE214\PROJECTS\juego_project1\p1.c1_driveRGBled\p1.c1_driveRGBled.xpr
# Log file: C:/Users/chand/Desktop/EE214/PROJECTS/juego_project1/p1.c1_driveRGBled/vivado.log
# Journal file: C:/Users/chand/Desktop/EE214/PROJECTS/juego_project1/p1.c1_driveRGBled\vivado.jou
#-----------------------------------------------------------
start_gui
open_project C:/Users/chand/Desktop/EE214/PROJECTS/juego_project1/p1.c1_driveRGBled/p1.c1_driveRGBled.xpr
WARNING: [filemgmt 56-3] Default IP Output Path : Could not find the directory 'C:/Users/chand/Desktop/EE214/PROJECTS/juego_project1/p1.c1_driveRGBled/p1.c1_driveRGBled.gen/sources_1'.
Scanning sources...
Finished scanning sources
INFO: [IP_Flow 19-234] Refreshing IP repositories
INFO: [IP_Flow 19-1704] No user IP repositories specified
INFO: [IP_Flow 19-2313] Loaded Vivado IP repository 'C:/Users/chand/Desktop/EE214/Vivado/2021.1/data/ip'.
open_project: Time (s): cpu = 00:00:38 ; elapsed = 00:00:12 . Memory (MB): peak = 1283.441 ; gain = 0.000
update_compile_order -fileset sources_1
open_hw_manager
connect_hw_server -allow_non_jtag
INFO: [Labtools 27-2285] Connecting to hw_server url TCP:localhost:3121
INFO: [Labtools 27-3415] Connecting to cs_server url TCP:localhost:3042
INFO: [Labtools 27-3414] Connected to existing cs_server.
open_hw_target
INFO: [Labtoolstcl 44-466] Opening hw_target localhost:3121/xilinx_tcf/Xilinx/887100000585A
open_hw_target: Time (s): cpu = 00:00:10 ; elapsed = 00:00:12 . Memory (MB): peak = 2843.301 ; gain = 1559.859
set_property PROGRAM.FILE {C:/Users/chand/Desktop/EE214/PROJECTS/juego_project1/p1.c1_driveRGBled/p1.c1_driveRGBled.runs/impl_1/driveRGBled.bit} [get_hw_devices xc7z007s_1]
current_hw_device [get_hw_devices xc7z007s_1]
refresh_hw_device -update_hw_probes false [lindex [get_hw_devices xc7z007s_1] 0]
INFO: [Labtools 27-1434] Device xc7z007s (JTAG device index = 1) is programmed with a design that has no supported debug core(s) in it.
exit
INFO: [Common 17-206] Exiting Vivado at Thu Sep 16 09:49:44 2021...
