Copyright 1986-2021 Xilinx, Inc. All Rights Reserved.
-------------------------------------------------------------------------------------
| Tool Version : Vivado v.2021.1 (win64) Build 3247384 Thu Jun 10 19:36:33 MDT 2021
| Date         : Sun Nov 21 15:49:41 2021
| Host         : DESKTOP-U5LPIJT running 64-bit major release  (build 9200)
| Command      : report_control_sets -verbose -file BCDctr_4_control_sets_placed.rpt
| Design       : BCDctr_4
| Device       : xc7z007s
-------------------------------------------------------------------------------------

Control Set Information

Table of Contents
-----------------
1. Summary
2. Histogram
3. Flip-Flop Distribution
4. Detailed Control Set Information

1. Summary
----------

+----------------------------------------------------------+-------+
|                          Status                          | Count |
+----------------------------------------------------------+-------+
| Total control sets                                       |     8 |
|    Minimum number of control sets                        |     8 |
|    Addition due to synthesis replication                 |     0 |
|    Addition due to physical synthesis replication        |     0 |
| Unused register locations in slices containing registers |    35 |
+----------------------------------------------------------+-------+
* Control sets can be merged at opt_design using control_set_merge or merge_equivalent_drivers
** Run report_qor_suggestions for automated merging and remapping suggestions


2. Histogram
------------

+--------------------+-------+
|       Fanout       | Count |
+--------------------+-------+
| Total control sets |     8 |
| >= 0 to < 4        |     2 |
| >= 4 to < 6        |     4 |
| >= 6 to < 8        |     1 |
| >= 8 to < 10       |     0 |
| >= 10 to < 12      |     0 |
| >= 12 to < 14      |     0 |
| >= 14 to < 16      |     0 |
| >= 16              |     1 |
+--------------------+-------+
* Control sets can be remapped at either synth_design or opt_design


3. Flip-Flop Distribution
-------------------------

+--------------+-----------------------+------------------------+-----------------+--------------+
| Clock Enable | Synchronous Set/Reset | Asynchronous Set/Reset | Total Registers | Total Slices |
+--------------+-----------------------+------------------------+-----------------+--------------+
| No           | No                    | No                     |               9 |            3 |
| No           | No                    | Yes                    |              20 |            7 |
| No           | Yes                   | No                     |               0 |            0 |
| Yes          | No                    | No                     |               0 |            0 |
| Yes          | No                    | Yes                    |              16 |            5 |
| Yes          | Yes                   | No                     |               0 |            0 |
+--------------+-----------------------+------------------------+-----------------+--------------+


4. Detailed Control Set Information
-----------------------------------

+----------------------+-----------------------------------+------------------+------------------+----------------+--------------+
|     Clock Signal     |           Enable Signal           | Set/Reset Signal | Slice Load Count | Bel Load Count | Bels / Slice |
+----------------------+-----------------------------------+------------------+------------------+----------------+--------------+
|  div/CLK             |                                   |                  |                1 |              2 |         2.00 |
|  div/CLK             |                                   | btn_IBUF[0]      |                2 |              3 |         1.50 |
|  div/CLK             | bcd_four/bcd_digit[3]_i_1__2_n_0  | btn_IBUF[0]      |                2 |              4 |         2.00 |
|  div/CLK             | bcd_three/bcd_digit[3]_i_1__1_n_0 | btn_IBUF[0]      |                1 |              4 |         4.00 |
|  div/CLK             | bcd_one/bcd_digit[3]_i_1_n_0      | btn_IBUF[0]      |                1 |              4 |         4.00 |
|  div/CLK             | bcd_two/bcd_digit[3]_i_1__0_n_0   | btn_IBUF[0]      |                1 |              4 |         4.00 |
|  nolabel_line33/E[0] |                                   |                  |                2 |              7 |         3.50 |
|  clk_IBUF_BUFG       |                                   | btn_IBUF[0]      |                5 |             17 |         3.40 |
+----------------------+-----------------------------------+------------------+------------------+----------------+--------------+


