#-----------------------------------------------------------
# Vivado v2021.1 (64-bit)
# SW Build 3247384 on Thu Jun 10 19:36:33 MDT 2021
# IP Build 3246043 on Fri Jun 11 00:30:35 MDT 2021
# Start of session at: Sun Oct  3 19:09:27 2021
# Process ID: 10268
# Current directory: C:/Users/chand/Desktop/EE214/PROJECTS/juego_project4/project4_CombinationalBuildingBlocks
# Command line: vivado.exe -gui_launcher_event rodinguilauncherevent5752 C:\Users\chand\Desktop\EE214\PROJECTS\juego_project4\project4_CombinationalBuildingBlocks\juego_project4.xpr
# Log file: C:/Users/chand/Desktop/EE214/PROJECTS/juego_project4/project4_CombinationalBuildingBlocks/vivado.log
# Journal file: C:/Users/chand/Desktop/EE214/PROJECTS/juego_project4/project4_CombinationalBuildingBlocks\vivado.jou
#-----------------------------------------------------------
start_gui
open_project C:/Users/chand/Desktop/EE214/PROJECTS/juego_project4/project4_CombinationalBuildingBlocks/juego_project4.xpr
INFO: [ProjectBase 1-489] The host OS only allows 260 characters in a normal path. The project is stored in a path with more than 80 characters. If you experience issues with IP, Block Designs, or files not being found, please consider moving the project to a location with a shorter path. Alternately consider using the OS subst command to map part of the path to a drive letter.
Current project path is 'C:/Users/chand/Desktop/EE214/PROJECTS/juego_project4/project4_CombinationalBuildingBlocks'
WARNING: [filemgmt 56-3] Default IP Output Path : Could not find the directory 'C:/Users/chand/Desktop/EE214/PROJECTS/juego_project4/project4_CombinationalBuildingBlocks/juego_project4.gen/sources_1'.
Scanning sources...
Finished scanning sources
INFO: [IP_Flow 19-234] Refreshing IP repositories
INFO: [IP_Flow 19-1704] No user IP repositories specified
INFO: [IP_Flow 19-2313] Loaded Vivado IP repository 'C:/Users/chand/Desktop/EE214/Vivado/2021.1/data/ip'.
open_project: Time (s): cpu = 00:00:29 ; elapsed = 00:00:12 . Memory (MB): peak = 1256.199 ; gain = 0.000
exit
INFO: [Common 17-206] Exiting Vivado at Sun Oct  3 19:10:27 2021...
