#-----------------------------------------------------------
# Vivado v2021.1 (64-bit)
# SW Build 3247384 on Thu Jun 10 19:36:33 MDT 2021
# IP Build 3246043 on Fri Jun 11 00:30:35 MDT 2021
# Start of session at: Thu Nov 11 12:56:47 2021
# Process ID: 4140
# Current directory: C:/Users/chand/Desktop/EE214/PROJECTS/juego_project10/project_10
# Command line: vivado.exe -gui_launcher_event rodinguilauncherevent5756 C:\Users\chand\Desktop\EE214\PROJECTS\juego_project10\project_10\project_10.xpr
# Log file: C:/Users/chand/Desktop/EE214/PROJECTS/juego_project10/project_10/vivado.log
# Journal file: C:/Users/chand/Desktop/EE214/PROJECTS/juego_project10/project_10\vivado.jou
#-----------------------------------------------------------
start_gui
open_project C:/Users/chand/Desktop/EE214/PROJECTS/juego_project10/project_10/project_10.xpr
WARNING: [filemgmt 56-3] Default IP Output Path : Could not find the directory 'C:/Users/chand/Desktop/EE214/PROJECTS/juego_project10/project_10/project_10.gen/sources_1'.
Scanning sources...
Finished scanning sources
INFO: [Common 17-41] Interrupt caught. Command should exit soon.
INFO: [IP_Flow 19-234] Refreshing IP repositories
INFO: [IP_Flow 19-1704] No user IP repositories specified
INFO: [IP_Flow 19-2338] Canceling the changes to the IP catalog. Reverting the catalog back to its previous state.
INFO: [IP_Flow 19-2340] The IP catalog has been returned to its previousupdate_compile_order -fileset sources_1
update_compile_order -fileset sources_1
update_compile_order -fileset sources_1
reset_run synth_1
launch_runs impl_1 -jobs 4
[Thu Nov 11 13:01:02 2021] Launched synth_1...
Run output will be captured here: C:/Users/chand/Desktop/EE214/PROJECTS/juego_project10/project_10/project_10.runs/synth_1/runme.log
[Thu Nov 11 13:01:02 2021] Launched impl_1...
Run output will be captured here: C:/Users/chand/Desktop/EE214/PROJECTS/juego_project10/project_10/project_10.runs/impl_1/runme.log
update_compile_order -fileset sources_1
reset_run synth_1
launch_runs impl_1 -jobs 4
[Thu Nov 11 13:06:33 2021] Launched synth_1...
Run output will be captured here: C:/Users/chand/Desktop/EE214/PROJECTS/juego_project10/project_10/project_10.runs/synth_1/runme.log
[Thu Nov 11 13:06:33 2021] Launched impl_1...
Run output will be captured here: C:/Users/chand/Desktop/EE214/PROJECTS/juego_project10/project_10/project_10.runs/impl_1/runme.log
update_compile_order -fileset sources_1
reset_run synth_1
launch_runs impl_1 -jobs 4
[Thu Nov 11 13:15:29 2021] Launched synth_1...
Run output will be captured here: C:/Users/chand/Desktop/EE214/PROJECTS/juego_project10/project_10/project_10.runs/synth_1/runme.log
[Thu Nov 11 13:15:29 2021] Launched impl_1...
Run output will be captured here: C:/Users/chand/Desktop/EE214/PROJECTS/juego_project10/project_10/project_10.runs/impl_1/runme.log
reset_run synth_1
launch_runs impl_1 -jobs 4
[Thu Nov 11 13:17:20 2021] Launched synth_1...
Run output will be captured here: C:/Users/chand/Desktop/EE214/PROJECTS/juego_project10/project_10/project_10.runs/synth_1/runme.log
[Thu Nov 11 13:17:20 2021] Launched impl_1...
Run output will be captured here: C:/Users/chand/Desktop/EE214/PROJECTS/juego_project10/project_10/project_10.runs/impl_1/runme.log
launch_runs impl_1 -to_step write_bitstream -jobs 4
[Thu Nov 11 13:19:33 2021] Launched impl_1...
Run output will be captured here: C:/Users/chand/Desktop/EE214/PROJECTS/juego_project10/project_10/project_10.runs/impl_1/runme.log
exit
INFO: [Common 17-206] Exiting Vivado at Thu Nov 11 16:09:07 2021...
